#
# An unexpected error has been detected by Java Runtime Environment:
#
#  EXCEPTION_ACCESS_VIOLATION (0xc0000005) at pc=0x77d2566a, pid=6124, tid=8144
#
# Java VM: Java HotSpot(TM) Client VM (1.6.0-b105 mixed mode)
# Problematic frame:
# C  [ntdll.dll+0x5566a]
#
# If you would like to submit a bug report, please visit:
#   http://java.sun.com/webapps/bugreport/crash.jsp
#

---------------  T H R E A D  ---------------

Current thread (0x0bebb800):  JavaThread "Thread-8" [_thread_in_native, id=8144]

siginfo: ExceptionCode=0xc0000005, reading address 0x00000003

Registers:
EAX=0x0c82d878, EBX=0x002e0000, ECX=0x0c82d878, EDX=0xffffffff
ESP=0x0ea0f75c, EBP=0x0ea0f82c, ESI=0x0c82d870, EDI=0x00000000
EIP=0x77d2566a, EFLAGS=0x00010246

Top of Stack: (sp=0x0ea0f75c)
0x0ea0f75c:   7b73e0b2 00000000 002e0204 002e0000
0x0ea0f76c:   03b6b570 019bec28 6d8c9bd1 01a5d5e0
0x0ea0f77c:   0c39390c 00000008 6d418ffa 019bec28
0x0ea0f78c:   6d418fff 0c39390c 6d40e679 01a5d5e0
0x0ea0f79c:   0c39390c 0c35f68c 00000004 0c2f99d0
0x0ea0f7ac:   0c2f99d8 0c393904 00000044 00000000
0x0ea0f7bc:   00000000 0bebb800 ffffffff 0bebb800
0x0ea0f7cc:   0c35f68c 0ea001c4 00000000 0ea0fbb8 

Instructions: (pc=0x77d2566a)
0x77d2565a:   8d 46 08 8b 10 89 55 98 8b 4e 0c 89 4d b8 8b 09
0x77d2566a:   8b 52 04 3b ca 0f 85 89 27 03 00 3b c8 0f 85 81 


Stack: [0x0e9c0000,0x0ea10000),  sp=0x0ea0f75c,  free space=317k
Native frames: (J=compiled Java code, j=interpreted, Vv=VM code, C=native code)
C  [ntdll.dll+0x5566a]
C  [ntdll.dll+0x534ca]
C  [msvcrt.dll+0xade8]
C  [msvcrt.dll+0xc470]

Java frames: (J=compiled Java code, j=interpreted, Vv=VM code)
j  com.sun.comm.Win32SerialPort.nativeConstructor(Ljava/lang/String;)Z+0
j  com.sun.comm.Win32SerialPort.<init>(Ljava/lang/String;)V+41
j  com.sun.comm.Win32Driver.getCommPort(Ljava/lang/String;I)Ljavax/comm/CommPort;+29
j  javax.comm.CommPortIdentifier.open(Ljava/lang/String;I)Ljavax/comm/CommPort;+65
j  peaje.formas.AbrirPuerta.abrir(Ljava/lang/String;Ljava/lang/String;)V+177
j  peaje.formas.principal$63.run()V+8
v  ~StubRoutines::call_stub

---------------  P R O C E S S  ---------------

Java Threads: ( => current thread )
  0x0bebbc00 JavaThread "Thread-9" [_thread_blocked, id=6268]
=>0x0bebb800 JavaThread "Thread-8" [_thread_in_native, id=8144]
  0x0d439000 JavaThread "MySQL Statement Cancellation Timer" daemon [_thread_blocked, id=7384]
  0x0c479000 JavaThread "Timer-0" [_thread_blocked, id=3492]
  0x0c45e800 JavaThread "TimerQueue" daemon [_thread_blocked, id=5604]
  0x0c0c5800 JavaThread "Image Animator 3" daemon [_thread_blocked, id=6620]
  0x019bdc00 JavaThread "DestroyJavaVM" [_thread_blocked, id=2220]
  0x0c27f000 JavaThread "AWT-EventQueue-0" [_thread_blocked, id=3524]
  0x0c27ec00 JavaThread "AWT-Windows" daemon [_thread_in_native, id=6008]
  0x0c27cc00 JavaThread "AWT-Shutdown" [_thread_blocked, id=7640]
  0x0c27c800 JavaThread "Java2D Disposer" daemon [_thread_blocked, id=4404]
  0x01a6cc00 JavaThread "Low Memory Detector" daemon [_thread_blocked, id=7052]
  0x01a6c400 JavaThread "CompilerThread0" daemon [_thread_blocked, id=4936]
  0x01a60000 JavaThread "JDWP Command Reader" daemon [_thread_in_native, id=2100]
  0x01a5f800 JavaThread "JDWP Event Helper Thread" daemon [_thread_blocked, id=7776]
  0x01a5e400 JavaThread "JDWP Transport Listener: dt_shmem" daemon [_thread_blocked, id=7904]
  0x01a53000 JavaThread "Attach Listener" daemon [_thread_blocked, id=5932]
  0x01a52800 JavaThread "Signal Dispatcher" daemon [_thread_blocked, id=6624]
  0x01a3f400 JavaThread "Finalizer" daemon [_thread_blocked, id=8032]
  0x01a36800 JavaThread "Reference Handler" daemon [_thread_blocked, id=7528]

Other Threads:
  0x01a33800 VMThread [id=7856]
  0x01a79400 WatcherThread [id=5564]

VM state:not at safepoint (normal execution)

VM Mutex/Monitor currently owned by a thread: None

Heap
 def new generation   total 1152K, used 608K [0x03b20000, 0x03c60000, 0x04000000)
  eden space 1024K,  59% used [0x03b20000, 0x03bb8178, 0x03c20000)
  from space 128K,   0% used [0x03c20000, 0x03c20000, 0x03c40000)
  to   space 128K,   0% used [0x03c40000, 0x03c40000, 0x03c60000)
 tenured generation   total 14408K, used 8643K [0x04000000, 0x04e12000, 0x07b20000)
   the space 14408K,  59% used [0x04000000, 0x04870f40, 0x04871000, 0x04e12000)
 compacting perm gen  total 20736K, used 20697K [0x07b20000, 0x08f60000, 0x0bb20000)
   the space 20736K,  99% used [0x07b20000, 0x08f56480, 0x08f56600, 0x08f60000)
No shared spaces configured.

Dynamic libraries:
0x00400000 - 0x00423000 	C:\Program Files\Java\jdk1.6.0\bin\java.exe
0x77cd0000 - 0x77e0c000 	C:\Windows\SYSTEM32\ntdll.dll
0x772c0000 - 0x77394000 	C:\Windows\system32\kernel32.dll
0x760f0000 - 0x7613a000 	C:\Windows\system32\KERNELBASE.dll
0x778e0000 - 0x77980000 	C:\Windows\system32\ADVAPI32.dll
0x77510000 - 0x775bc000 	C:\Windows\system32\msvcrt.dll
0x770c0000 - 0x770d9000 	C:\Windows\SYSTEM32\sechost.dll
0x77010000 - 0x770b1000 	C:\Windows\system32\RPCRT4.dll
0x7c340000 - 0x7c396000 	C:\Program Files\Java\jdk1.6.0\jre\bin\msvcr71.dll
0x6d7c0000 - 0x6da07000 	C:\Program Files\Java\jdk1.6.0\jre\bin\client\jvm.dll
0x773a0000 - 0x77469000 	C:\Windows\system32\USER32.dll
0x779d0000 - 0x77a1e000 	C:\Windows\system32\GDI32.dll
0x772a0000 - 0x772aa000 	C:\Windows\system32\LPK.dll
0x77200000 - 0x7729d000 	C:\Windows\system32\USP10.dll
0x71030000 - 0x71062000 	C:\Windows\system32\WINMM.dll
0x77e10000 - 0x77e2f000 	C:\Windows\system32\IMM32.DLL
0x77810000 - 0x778dc000 	C:\Windows\system32\MSCTF.dll
0x75db0000 - 0x75dfb000 	C:\Windows\system32\apphelp.dll
0x6c1b0000 - 0x6c1b5000 	C:\Windows\system32\avgrsstx.dll
0x6d310000 - 0x6d318000 	C:\Program Files\Java\jdk1.6.0\jre\bin\hpi.dll
0x77e30000 - 0x77e35000 	C:\Windows\system32\PSAPI.DLL
0x6d400000 - 0x6d429000 	C:\Program Files\Java\jdk1.6.0\jre\bin\jdwp.dll
0x6d6c0000 - 0x6d6c6000 	C:\Program Files\Java\jdk1.6.0\jre\bin\npt.dll
0x6d770000 - 0x6d77c000 	C:\Program Files\Java\jdk1.6.0\jre\bin\verify.dll
0x6d3b0000 - 0x6d3cf000 	C:\Program Files\Java\jdk1.6.0\jre\bin\java.dll
0x6d7b0000 - 0x6d7bf000 	C:\Program Files\Java\jdk1.6.0\jre\bin\zip.dll
0x6d270000 - 0x6d278000 	C:\Program Files\Java\jdk1.6.0\jre\bin\dt_shmem.dll
0x6d000000 - 0x6d1c3000 	C:\Program Files\Java\jdk1.6.0\jre\bin\awt.dll
0x711a0000 - 0x711f1000 	C:\Windows\system32\WINSPOOL.DRV
0x76eb0000 - 0x7700c000 	C:\Windows\system32\ole32.dll
0x74590000 - 0x745d0000 	C:\Windows\system32\uxtheme.dll
0x10000000 - 0x10009000 	C:\Users\Ismael Jadan\AppData\Local\FLVService\lib\FLVSrvLib.dll
0x76260000 - 0x76ea9000 	C:\Windows\system32\SHELL32.dll
0x76170000 - 0x761c7000 	C:\Windows\system32\SHLWAPI.dll
0x71a30000 - 0x71ad3000 	C:\Windows\WinSxS\x86_microsoft.vc90.crt_1fc8b3b9a1e18e3b_9.0.30729.4926_none_508ed732bcbc0e5a\MSVCR90.dll
0x744f0000 - 0x74503000 	C:\Windows\system32\dwmapi.dll
0x75e00000 - 0x75e0c000 	C:\Windows\system32\CRYPTBASE.dll
0x6d2b0000 - 0x6d303000 	C:\Program Files\Java\jdk1.6.0\jre\bin\fontmanager.dll
0x6d570000 - 0x6d583000 	C:\Program Files\Java\jdk1.6.0\jre\bin\net.dll
0x77470000 - 0x774a5000 	C:\Windows\system32\WS2_32.dll
0x76250000 - 0x76256000 	C:\Windows\system32\NSI.dll
0x75340000 - 0x7537c000 	C:\Windows\system32\mswsock.dll
0x759d0000 - 0x759d6000 	C:\Windows\System32\wship6.dll
0x73da0000 - 0x73db0000 	C:\Windows\system32\NLAapi.dll
0x75210000 - 0x75254000 	C:\Windows\system32\DNSAPI.dll
0x715f0000 - 0x715f8000 	C:\Windows\System32\winrnr.dll
0x715e0000 - 0x715f0000 	C:\Windows\system32\napinsp.dll
0x715c0000 - 0x715d2000 	C:\Windows\system32\pnrpnsp.dll
0x71590000 - 0x715b5000 	C:\Program Files\Bonjour\mdnsNSP.dll
0x736c0000 - 0x736dc000 	C:\Windows\system32\Iphlpapi.DLL
0x736b0000 - 0x736b7000 	C:\Windows\system32\WINNSI.DLL
0x71560000 - 0x71587000 	C:\Program Files\Common Files\Microsoft Shared\Windows Live\WLIDNSP.DLL
0x74e60000 - 0x74e65000 	C:\Windows\System32\wshtcpip.dll
0x71540000 - 0x71546000 	C:\Windows\system32\rasadhlp.dll
0x73580000 - 0x735b8000 	C:\Windows\System32\fwpuclnt.dll
0x6d590000 - 0x6d599000 	C:\Program Files\Java\jdk1.6.0\jre\bin\nio.dll
0x0d1f0000 - 0x0d1fa000 	C:\Program Files\Java\jdk1.6.0\bin\win32com.dll
0x6d220000 - 0x6d243000 	C:\Program Files\Java\jdk1.6.0\jre\bin\dcpr.dll
0x77780000 - 0x7780f000 	C:\Windows\system32\OLEAUT32.DLL
0x77e40000 - 0x77ec3000 	C:\Windows\system32\CLBCatQ.DLL

VM Arguments:
jvm_args: -Xdebug -Xrunjdwp:transport=dt_shmem,address=javadebug -Dfile.encoding=UTF-8
java_command: peaje.formas.principal
Launcher Type: SUN_STANDARD

Environment Variables:
CLASSPATH=.;C:\Program Files\Java\jre6\lib\ext\QTJava.zip
PATH=C:\Program Files\Common Files\Microsoft Shared\Windows Live;C:\Program Files\CollabNet\Subversion Client;C:\Windows\system32;C:\Windows;C:\Windows\System32\Wbem;C:\Windows\System32\WindowsPowerShell\v1.0\;C:\Program Files\Common Files\Adobe\AGL;C:\Program Files\Windows Live\Shared;C:\Program Files\Common Files\Reallusion\CamSuite;C:\Program Files\QuickTime\QTSystem\;C:\AppServ\Apache2.2\bin;C:\AppServ\php6;F:\TCWIN45\BIN
USERNAME=Ismael Jadan
OS=Windows_NT
PROCESSOR_IDENTIFIER=x86 Family 6 Model 23 Stepping 10, GenuineIntel



---------------  S Y S T E M  ---------------

OS: Windows NT 6.1 Build 7600 

CPU:total 4 family 6, cmov, cx8, fxsr, mmx, sse, sse2

Memory: 4k page, physical 2097151k(1347308k free), swap 4194303k(3754972k free)

vm_info: Java HotSpot(TM) Client VM (1.6.0-b105) for windows-x86, built on Nov 29 2006 00:48:48 by "java_re" with unknown MS VC++:1310

