INFO peaje.formas.frmPrincipal,line 41,26.01.2012/13:20:56,java.lang.NullPointerException
INFO peaje.formas.frmPrincipal,line 41,26.01.2012/13:21:10,java.lang.NullPointerException
INFO PUERTO INTERFAZ PC BARRERA0 - ABIERTO: COM3,line 41,26.01.2012/13:23:18,OK
INFO NO SE ABRIÓ: PUERTO LECTORA COD.BARRAS ABIERTO: COM3,line 41,26.01.2012/13:23:18,ERROR
INFO NO SE ABRIÓ: PUERTO LECTORA COD.BARRAS ABIERTO: COM3,line 41,26.01.2012/13:23:20,ERROR
INFO # PUERTOS PRINCIPALES INICIADOS: 1,line 41,26.01.2012/13:23:22,OK
INFO PUERTO INTERFAZ PC BARRERA0 - ABIERTO: COM3,line 41,26.01.2012/13:24:15,OK
INFO NO SE ABRIÓ: PUERTO LECTORA COD.BARRAS ABIERTO: COM3,line 41,26.01.2012/13:24:15,ERROR
INFO NO SE ABRIÓ: PUERTO LECTORA COD.BARRAS ABIERTO: COM3,line 41,26.01.2012/13:24:17,ERROR
INFO # PUERTOS PRINCIPALES INICIADOS: 1,line 41,26.01.2012/13:24:19,OK
INFO PUERTO INTERFAZ PC BARRERA0 - ABIERTO: COM3,line 41,26.01.2012/13:25:11,OK
INFO NO SE ABRIÓ: PUERTO LECTORA COD.BARRAS ABIERTO: COM3,line 41,26.01.2012/13:25:11,ERROR
INFO NO SE ABRIÓ: PUERTO LECTORA COD.BARRAS ABIERTO: COM3,line 41,26.01.2012/13:25:13,ERROR
INFO # PUERTOS PRINCIPALES INICIADOS: 1,line 41,26.01.2012/13:25:15,OK
INFO peaje.formas.frmTicket,line 41,26.01.2012/13:25:43,net.sf.jasperreports.engine.JRException: java.awt.print.PrinterException: El área de datos transferida a una llamada del sistema es demasiado pequeña.

INFO peaje.formas.frmTicket,line 41,26.01.2012/13:26:07,net.sf.jasperreports.engine.JRException: java.awt.print.PrinterException: El área de datos transferida a una llamada del sistema es demasiado pequeña.

INFO PUERTO INTERFAZ PC BARRERA0 - ABIERTO: COM3,line 41,26.01.2012/14:19:38,OK
INFO NO SE ABRIÓ: PUERTO LECTORA COD.BARRAS ABIERTO: COM3,line 41,26.01.2012/14:19:38,ERROR
INFO NO SE ABRIÓ: PUERTO LECTORA COD.BARRAS ABIERTO: COM3,line 41,26.01.2012/14:19:40,ERROR
INFO # PUERTOS PRINCIPALES INICIADOS: 1,line 41,26.01.2012/14:19:42,OK
INFO PUERTO INTERFAZ PC BARRERA0 - ABIERTO: COM3,line 41,26.01.2012/14:57:17,OK
INFO NO SE ABRIÓ: PUERTO LECTORA COD.BARRAS ABIERTO: COM3,line 41,26.01.2012/14:57:17,ERROR
INFO NO SE ABRIÓ: PUERTO LECTORA COD.BARRAS ABIERTO: COM3,line 41,26.01.2012/14:57:19,ERROR
INFO # PUERTOS PRINCIPALES INICIADOS: 1,line 41,26.01.2012/14:57:21,OK
INFO PUERTO INTERFAZ PC BARRERA0 - ABIERTO: COM3,line 41,26.01.2012/14:58:28,OK
INFO NO SE ABRIÓ: PUERTO LECTORA COD.BARRAS ABIERTO: COM3,line 41,26.01.2012/14:58:28,ERROR
INFO NO SE ABRIÓ: PUERTO LECTORA COD.BARRAS ABIERTO: COM3,line 41,26.01.2012/14:58:30,ERROR
INFO # PUERTOS PRINCIPALES INICIADOS: 1,line 41,26.01.2012/14:58:32,OK
INFO PUERTO INTERFAZ PC BARRERA0 - ABIERTO: COM3,line 41,26.01.2012/14:59:11,OK
INFO NO SE ABRIÓ: PUERTO LECTORA COD.BARRAS ABIERTO: COM3,line 41,26.01.2012/14:59:11,ERROR
INFO NO SE ABRIÓ: PUERTO LECTORA COD.BARRAS ABIERTO: COM3,line 41,26.01.2012/14:59:13,ERROR
INFO # PUERTOS PRINCIPALES INICIADOS: 1,line 41,26.01.2012/14:59:15,OK
INFO peaje.formas.frmPrincipal,line 41,26.01.2012/15:06:53,javax.media.NoPlayerException: Error instantiating class: com.sun.media.protocol.vfw.DataSource : java.io.IOException: Could not connect to capture device
INFO PUERTO INTERFAZ PC BARRERA0 - ABIERTO: COM3,line 41,26.01.2012/15:07:08,OK
INFO NO SE ABRIÓ: PUERTO LECTORA COD.BARRAS ABIERTO: COM3,line 41,26.01.2012/15:07:08,ERROR
INFO NO SE ABRIÓ: PUERTO LECTORA COD.BARRAS ABIERTO: COM3,line 41,26.01.2012/15:07:10,ERROR
INFO # PUERTOS PRINCIPALES INICIADOS: 1,line 41,26.01.2012/15:07:12,OK
