INFO peaje.formas.frmPrincipal,line 41,01.04.2015/11:31:38,javax.media.NoPlayerException: Cannot find a Player for :vfw:Microsoft WDM Image Capture (Win32):0
INFO # PUERTOS PRINCIPALES INICIADOS: 0,line 41,01.04.2015/11:31:45,OK
INFO peaje.formas.frmPrincipal,line 41,16.04.2015/10:39:36,javax.media.NoPlayerException: Cannot find a Player for :vfw:Microsoft WDM Image Capture (Win32):0
INFO # PUERTOS PRINCIPALES INICIADOS: 0,line 41,16.04.2015/10:39:40,OK
INFO peaje.formas.frmPrincipal,line 41,16.04.2015/11:33:47,javax.media.NoPlayerException: Cannot find a Player for :vfw:Microsoft WDM Image Capture (Win32):0
INFO # PUERTOS PRINCIPALES INICIADOS: 0,line 41,16.04.2015/11:33:51,OK
INFO peaje.formas.frmPrincipal,line 41,16.04.2015/11:36:53,javax.media.NoPlayerException: Cannot find a Player for :vfw:Microsoft WDM Image Capture (Win32):0
INFO # PUERTOS PRINCIPALES INICIADOS: 0,line 41,16.04.2015/11:36:58,OK
INFO peaje.formas.frmPrincipal,line 41,16.04.2015/11:44:36,javax.media.NoPlayerException: Cannot find a Player for :vfw:Microsoft WDM Image Capture (Win32):0
INFO # PUERTOS PRINCIPALES INICIADOS: 0,line 41,16.04.2015/11:44:40,OK
INFO peaje.formas.frmPrincipal,line 41,16.04.2015/11:58:50,javax.media.NoPlayerException: Cannot find a Player for :vfw:Microsoft WDM Image Capture (Win32):0
INFO # PUERTOS PRINCIPALES INICIADOS: 0,line 41,16.04.2015/11:58:54,OK
INFO peaje.formas.frmPrincipal,line 41,16.04.2015/12:00:46,javax.media.NoPlayerException: Cannot find a Player for :vfw:Microsoft WDM Image Capture (Win32):0
INFO # PUERTOS PRINCIPALES INICIADOS: 0,line 41,16.04.2015/12:00:50,OK
INFO peaje.formas.frmPrincipal,line 41,16.04.2015/14:10:41,javax.media.NoPlayerException: Cannot find a Player for :vfw:Microsoft WDM Image Capture (Win32):0
INFO # PUERTOS PRINCIPALES INICIADOS: 0,line 41,16.04.2015/14:10:45,OK
INFO peaje.formas.frmPrincipal,line 41,16.04.2015/14:15:35,javax.media.NoPlayerException: Cannot find a Player for :vfw:Microsoft WDM Image Capture (Win32):0
INFO # PUERTOS PRINCIPALES INICIADOS: 0,line 41,16.04.2015/14:15:39,OK
INFO peaje.formas.frmPrincipal,line 41,16.04.2015/14:47:32,javax.media.NoPlayerException: Cannot find a Player for :vfw:Microsoft WDM Image Capture (Win32):0
INFO # PUERTOS PRINCIPALES INICIADOS: 0,line 41,16.04.2015/14:47:36,OK
INFO peaje.formas.frmPrincipal,line 41,16.04.2015/14:56:31,javax.media.NoPlayerException: Cannot find a Player for :vfw:Microsoft WDM Image Capture (Win32):0
INFO # PUERTOS PRINCIPALES INICIADOS: 0,line 41,16.04.2015/14:56:35,OK
INFO peaje.formas.frmPrincipal,line 41,16.04.2015/19:04:31,javax.media.NoPlayerException: Cannot find a Player for :vfw:Microsoft WDM Image Capture (Win32):0
INFO # PUERTOS PRINCIPALES INICIADOS: 0,line 41,16.04.2015/19:04:35,OK
INFO peaje.formas.frmPrincipal,line 41,16.04.2015/19:48:51,javax.media.NoPlayerException: Cannot find a Player for :vfw:Microsoft WDM Image Capture (Win32):0
INFO # PUERTOS PRINCIPALES INICIADOS: 0,line 41,16.04.2015/19:48:56,OK
INFO peaje.formas.frmPrincipal,line 41,16.04.2015/20:09:43,javax.media.NoPlayerException: Cannot find a Player for :vfw:Microsoft WDM Image Capture (Win32):0
INFO # PUERTOS PRINCIPALES INICIADOS: 0,line 41,16.04.2015/20:09:47,OK
INFO peaje.formas.frmPrincipal,line 41,16.04.2015/20:28:59,javax.media.NoPlayerException: Cannot find a Player for :vfw:Microsoft WDM Image Capture (Win32):0
INFO # PUERTOS PRINCIPALES INICIADOS: 0,line 41,16.04.2015/20:29:03,OK
INFO peaje.formas.frmPrincipal,line 41,16.04.2015/20:48:43,javax.media.NoPlayerException: Cannot find a Player for :vfw:Microsoft WDM Image Capture (Win32):0
INFO # PUERTOS PRINCIPALES INICIADOS: 0,line 41,16.04.2015/20:48:47,OK
INFO peaje.formas.frmPrincipal,line 41,16.04.2015/20:50:50,javax.media.NoPlayerException: Cannot find a Player for :vfw:Microsoft WDM Image Capture (Win32):0
INFO # PUERTOS PRINCIPALES INICIADOS: 0,line 41,16.04.2015/20:50:54,OK
INFO peaje.formas.frmPrincipal,line 41,17.04.2015/08:26:13,javax.media.NoPlayerException: Cannot find a Player for :vfw:Microsoft WDM Image Capture (Win32):0
INFO # PUERTOS PRINCIPALES INICIADOS: 0,line 41,17.04.2015/08:26:17,OK
INFO peaje.formas.frmPrincipal,line 41,20.04.2015/22:19:21,javax.media.NoPlayerException: Cannot find a Player for :vfw:Microsoft WDM Image Capture (Win32):0
INFO # PUERTOS PRINCIPALES INICIADOS: 0,line 41,20.04.2015/22:19:26,OK
INFO peaje.formas.frmPrincipal,line 41,20.04.2015/22:48:46,javax.media.NoPlayerException: Cannot find a Player for :vfw:Microsoft WDM Image Capture (Win32):0
INFO # PUERTOS PRINCIPALES INICIADOS: 0,line 41,20.04.2015/22:48:52,OK
INFO peaje.formas.frmPrincipal,line 41,20.04.2015/22:59:38,javax.media.NoPlayerException: Cannot find a Player for :vfw:Microsoft WDM Image Capture (Win32):0
INFO # PUERTOS PRINCIPALES INICIADOS: 0,line 41,20.04.2015/22:59:43,OK
INFO peaje.formas.frmTicket,line 41,20.04.2015/23:15:36,net.sf.jasperreports.engine.JRException: java.awt.print.PrinterException: Printer is not accepting job.
INFO peaje.formas.frmTicket,line 41,20.04.2015/23:21:19,net.sf.jasperreports.engine.JRException: java.awt.print.PrinterException: Printer is not accepting job.
INFO peaje.formas.frmPrincipal,line 41,20.04.2015/23:22:28,javax.media.NoPlayerException: Cannot find a Player for :vfw:Microsoft WDM Image Capture (Win32):0
INFO # PUERTOS PRINCIPALES INICIADOS: 0,line 41,20.04.2015/23:22:32,OK
INFO peaje.formas.frmPrincipal,line 41,20.04.2015/23:23:30,javax.media.NoPlayerException: Cannot find a Player for :vfw:Microsoft WDM Image Capture (Win32):0
INFO PUERTO INTERFAZ PC BARRERA0 - ABIERTO: COM7,line 41,20.04.2015/23:23:35,OK
INFO # PUERTOS PRINCIPALES INICIADOS: 1,line 41,20.04.2015/23:23:35,OK
INFO peaje.formas.frmPrincipal,line 41,20.04.2015/23:33:15,javax.media.NoPlayerException: Cannot find a Player for :vfw:Microsoft WDM Image Capture (Win32):0
INFO PUERTO INTERFAZ PC BARRERA0 - ABIERTO: COM7,line 41,20.04.2015/23:33:19,OK
INFO # PUERTOS PRINCIPALES INICIADOS: 1,line 41,20.04.2015/23:33:19,OK
INFO peaje.formas.frmPrincipal,line 41,20.04.2015/23:48:23,javax.media.NoPlayerException: Cannot find a Player for :vfw:Microsoft WDM Image Capture (Win32):0
INFO PUERTO INTERFAZ PC BARRERA0 - ABIERTO: COM7,line 41,20.04.2015/23:48:28,OK
INFO # PUERTOS PRINCIPALES INICIADOS: 1,line 41,20.04.2015/23:48:28,OK
INFO peaje.formas.frmPrincipal,line 41,20.04.2015/23:51:29,javax.media.NoPlayerException: Cannot find a Player for :vfw:Microsoft WDM Image Capture (Win32):0
INFO PUERTO INTERFAZ PC BARRERA0 - ABIERTO: COM7,line 41,20.04.2015/23:51:34,OK
INFO # PUERTOS PRINCIPALES INICIADOS: 1,line 41,20.04.2015/23:51:34,OK
INFO peaje.formas.frmPrincipal,line 41,20.04.2015/23:53:25,javax.media.NoPlayerException: Cannot find a Player for :vfw:Microsoft WDM Image Capture (Win32):0
INFO PUERTO INTERFAZ PC BARRERA0 - ABIERTO: COM7,line 41,20.04.2015/23:53:29,OK
INFO # PUERTOS PRINCIPALES INICIADOS: 1,line 41,20.04.2015/23:53:29,OK
INFO peaje.formas.frmPrincipal,line 41,20.04.2015/23:57:46,javax.media.NoPlayerException: Cannot find a Player for :vfw:Microsoft WDM Image Capture (Win32):0
INFO PUERTO INTERFAZ PC BARRERA0 - ABIERTO: COM7,line 41,20.04.2015/23:57:50,OK
INFO # PUERTOS PRINCIPALES INICIADOS: 1,line 41,20.04.2015/23:57:50,OK
INFO peaje.formas.frmPrincipal,line 41,29.04.2015/09:01:23,javax.media.NoPlayerException: Cannot find a Player for :vfw:Microsoft WDM Image Capture (Win32):0
INFO # PUERTOS PRINCIPALES INICIADOS: 0,line 41,29.04.2015/09:01:31,OK
INFO peaje.formas.frmPrincipal,line 41,29.04.2015/09:04:18,javax.media.NoPlayerException: Cannot find a Player for :vfw:Microsoft WDM Image Capture (Win32):0
INFO # PUERTOS PRINCIPALES INICIADOS: 0,line 41,29.04.2015/09:04:25,OK
INFO peaje.formas.frmPrincipal,line 41,29.04.2015/14:30:58,javax.media.NoPlayerException: Cannot find a Player for :vfw:Microsoft WDM Image Capture (Win32):0
INFO # PUERTOS PRINCIPALES INICIADOS: 0,line 41,29.04.2015/14:31:04,OK
INFO peaje.formas.frmPrincipal,line 41,29.04.2015/14:38:51,javax.media.NoPlayerException: Cannot find a Player for :vfw:Microsoft WDM Image Capture (Win32):0
INFO # PUERTOS PRINCIPALES INICIADOS: 0,line 41,29.04.2015/14:38:57,OK
INFO peaje.formas.frmPrincipal,line 41,29.04.2015/14:40:31,javax.media.NoPlayerException: Cannot find a Player for :vfw:Microsoft WDM Image Capture (Win32):0
INFO # PUERTOS PRINCIPALES INICIADOS: 0,line 41,29.04.2015/14:40:36,OK
INFO peaje.formas.frmPrincipal,line 41,29.04.2015/14:42:05,javax.media.NoPlayerException: Cannot find a Player for :vfw:Microsoft WDM Image Capture (Win32):0
INFO # PUERTOS PRINCIPALES INICIADOS: 0,line 41,29.04.2015/14:42:10,OK
INFO peaje.formas.frmPrincipal,line 41,29.04.2015/14:45:13,javax.media.NoPlayerException: Cannot find a Player for :vfw:Microsoft WDM Image Capture (Win32):0
INFO # PUERTOS PRINCIPALES INICIADOS: 0,line 41,29.04.2015/14:45:18,OK
INFO peaje.formas.frmPrincipal,line 41,29.04.2015/14:45:58,javax.media.NoPlayerException: Cannot find a Player for :vfw:Microsoft WDM Image Capture (Win32):0
INFO # PUERTOS PRINCIPALES INICIADOS: 0,line 41,29.04.2015/14:46:03,OK
INFO peaje.formas.frmPrincipal,line 41,29.04.2015/14:47:00,javax.media.NoPlayerException: Cannot find a Player for :vfw:Microsoft WDM Image Capture (Win32):0
INFO # PUERTOS PRINCIPALES INICIADOS: 0,line 41,29.04.2015/14:47:05,OK
INFO peaje.formas.frmPrincipal,line 41,29.04.2015/14:48:59,javax.media.NoPlayerException: Cannot find a Player for :vfw:Microsoft WDM Image Capture (Win32):0
INFO # PUERTOS PRINCIPALES INICIADOS: 0,line 41,29.04.2015/14:49:04,OK
INFO peaje.formas.frmPrincipal,line 41,29.04.2015/14:49:26,javax.media.NoPlayerException: Cannot find a Player for :vfw:Microsoft WDM Image Capture (Win32):0
INFO # PUERTOS PRINCIPALES INICIADOS: 0,line 41,29.04.2015/14:49:31,OK
INFO peaje.formas.frmPrincipal,line 41,29.04.2015/15:07:56,javax.media.NoPlayerException: Cannot find a Player for :vfw:Microsoft WDM Image Capture (Win32):0
INFO # PUERTOS PRINCIPALES INICIADOS: 0,line 41,29.04.2015/15:08:03,OK
INFO peaje.formas.frmPrincipal,line 41,29.04.2015/15:22:24,javax.media.NoPlayerException: Cannot find a Player for :vfw:Microsoft WDM Image Capture (Win32):0
INFO # PUERTOS PRINCIPALES INICIADOS: 0,line 41,29.04.2015/15:22:31,OK
INFO peaje.formas.frmPrincipal,line 41,29.04.2015/15:23:25,javax.media.NoPlayerException: Cannot find a Player for :vfw:Microsoft WDM Image Capture (Win32):0
INFO # PUERTOS PRINCIPALES INICIADOS: 0,line 41,29.04.2015/15:23:30,OK
INFO peaje.formas.frmPrincipal,line 41,30.04.2015/17:26:32,javax.media.NoPlayerException: Cannot find a Player for :vfw:Microsoft WDM Image Capture (Win32):0
INFO # PUERTOS PRINCIPALES INICIADOS: 0,line 41,30.04.2015/17:26:39,OK
INFO peaje.formas.frmPrincipal,line 41,30.04.2015/19:54:20,javax.media.NoPlayerException: Cannot find a Player for :vfw:Microsoft WDM Image Capture (Win32):0
INFO # PUERTOS PRINCIPALES INICIADOS: 0,line 41,30.04.2015/19:54:26,OK
INFO peaje.formas.frmPrincipal,line 41,30.04.2015/19:54:58,javax.media.NoPlayerException: Cannot find a Player for :vfw:Microsoft WDM Image Capture (Win32):0
INFO # PUERTOS PRINCIPALES INICIADOS: 0,line 41,30.04.2015/19:55:05,OK
INFO peaje.formas.frmPrincipal,line 41,30.04.2015/23:26:37,javax.media.NoPlayerException: Cannot find a Player for :vfw:Microsoft WDM Image Capture (Win32):0
INFO peaje.formas.frmPrincipal,line 41,30.04.2015/23:30:41,javax.media.NoPlayerException: Cannot find a Player for :vfw:Microsoft WDM Image Capture (Win32):0
INFO # PUERTOS PRINCIPALES INICIADOS: 0,line 41,30.04.2015/23:30:46,OK
INFO peaje.formas.frmPrincipal,line 41,30.04.2015/23:32:09,javax.media.NoPlayerException: Cannot find a Player for :vfw:Microsoft WDM Image Capture (Win32):0
INFO # PUERTOS PRINCIPALES INICIADOS: 0,line 41,30.04.2015/23:32:13,OK
INFO peaje.formas.frmPrincipal,line 41,30.04.2015/23:43:55,javax.media.NoPlayerException: Cannot find a Player for :vfw:Microsoft WDM Image Capture (Win32):0
INFO # PUERTOS PRINCIPALES INICIADOS: 0,line 41,30.04.2015/23:43:59,OK
