INFO # PUERTOS PRINCIPALES INICIADOS: 0,line 41,03.09.2014/10:00:53,OK
INFO peaje.formas.frmPrincipal,line 41,03.09.2014/10:01:14,java.lang.NullPointerException
INFO # PUERTOS PRINCIPALES INICIADOS: 0,line 41,03.09.2014/11:32:04,OK
INFO peaje.formas.frmPrincipal,line 41,03.09.2014/11:32:05,java.lang.NullPointerException
INFO peaje.formas.frmPrincipal,line 41,03.09.2014/14:26:28,javax.media.NoPlayerException: Error instantiating class: com.sun.media.protocol.vfw.DataSource : java.io.IOException: Could not connect to capture device
INFO PUERTO INTERFAZ PC BARRERA0 - ABIERTO: COM3,line 41,03.09.2014/14:26:41,OK
INFO # PUERTOS PRINCIPALES INICIADOS: 1,line 41,03.09.2014/14:26:41,OK
INFO peaje.formas.frmPrincipal,line 41,03.09.2014/14:26:41,java.lang.NullPointerException
INFO peaje.formas.frmPrincipal,line 41,04.09.2014/11:12:09,javax.persistence.RollbackException: Exception [EclipseLink-4002] (Eclipse Persistence Services - 2.5.0.v20130507-3faac2b): org.eclipse.persistence.exceptions.DatabaseException
Internal Exception: com.mysql.jdbc.CommunicationsException: Communications link failure due to underlying exception: 

** BEGIN NESTED EXCEPTION ** 

java.net.SocketException
MESSAGE: Software caused connection abort: socket write error

STACKTRACE:

java.net.SocketException: Software caused connection abort: socket write error
	at java.net.SocketOutputStream.socketWrite0(Native Method)
	at java.net.SocketOutputStream.socketWrite(SocketOutputStream.java:109)
	at java.net.SocketOutputStream.write(SocketOutputStream.java:153)
	at java.io.BufferedOutputStream.flushBuffer(BufferedOutputStream.java:82)
	at java.io.BufferedOutputStream.flush(BufferedOutputStream.java:140)
	at com.mysql.jdbc.MysqlIO.send(MysqlIO.java:2701)
	at com.mysql.jdbc.MysqlIO.sendCommand(MysqlIO.java:1597)
	at com.mysql.jdbc.MysqlIO.sqlQueryDirect(MysqlIO.java:1708)
	at com.mysql.jdbc.Connection.execSQL(Connection.java:3255)
	at com.mysql.jdbc.PreparedStatement.executeInternal(PreparedStatement.java:1293)
	at com.mysql.jdbc.PreparedStatement.executeQuery(PreparedStatement.java:1428)
	at org.eclipse.persistence.internal.databaseaccess.DatabaseAccessor.executeSelect(DatabaseAccessor.java:1002)
	at org.eclipse.persistence.internal.databaseaccess.DatabaseAccessor.basicExecuteCall(DatabaseAccessor.java:641)
	at org.eclipse.persistence.internal.databaseaccess.DatabaseAccessor.executeCall(DatabaseAccessor.java:558)
	at org.eclipse.persistence.internal.sessions.AbstractSession.basicExecuteCall(AbstractSession.java:1995)
	at org.eclipse.persistence.sessions.server.ServerSession.executeCall(ServerSession.java:570)
	at org.eclipse.persistence.sessions.server.ClientSession.executeCall(ClientSession.java:248)
	at org.eclipse.persistence.internal.queries.DatasourceCallQueryMechanism.executeCall(DatasourceCallQueryMechanism.java:242)
	at org.eclipse.persistence.internal.queries.DatasourceCallQueryMechanism.executeCall(DatasourceCallQueryMechanism.java:228)
	at org.eclipse.persistence.internal.queries.DatasourceCallQueryMechanism.selectRowForDoesExist(DatasourceCallQueryMechanism.java:736)
	at org.eclipse.persistence.queries.DoesExistQuery.executeDatabaseQuery(DoesExistQuery.java:241)
	at org.eclipse.persistence.queries.DatabaseQuery.execute(DatabaseQuery.java:899)
	at org.eclipse.persistence.queries.DatabaseQuery.executeInUnitOfWork(DatabaseQuery.java:798)
	at org.eclipse.persistence.internal.sessions.UnitOfWorkImpl.internalExecuteQuery(UnitOfWorkImpl.java:2894)
	at org.eclipse.persistence.internal.sessions.AbstractSession.executeQuery(AbstractSession.java:1797)
	at org.eclipse.persistence.internal.sessions.AbstractSession.executeQuery(AbstractSession.java:1779)
	at org.eclipse.persistence.internal.sessions.AbstractSession.executeQuery(AbstractSession.java:1730)
	at org.eclipse.persistence.internal.sessions.UnitOfWorkImpl.checkForUnregisteredExistingObject(UnitOfWorkImpl.java:783)
	at org.eclipse.persistence.internal.sessions.UnitOfWorkImpl.discoverAndPersistUnregisteredNewObjects(UnitOfWorkImpl.java:4188)
	at org.eclipse.persistence.mappings.ObjectReferenceMapping.cascadeDiscoverAndPersistUnregisteredNewObjects(ObjectReferenceMapping.java:938)
	at org.eclipse.persistence.mappings.ObjectReferenceMapping.cascadeDiscoverAndPersistUnregisteredNewObjects(ObjectReferenceMapping.java:916)
	at org.eclipse.persistence.internal.descriptors.ObjectBuilder.cascadeDiscoverAndPersistUnregisteredNewObjects(ObjectBuilder.java:2223)
	at org.eclipse.persistence.internal.sessions.UnitOfWorkImpl.discoverAndPersistUnregisteredNewObjects(UnitOfWorkImpl.java:4201)
	at org.eclipse.persistence.internal.sessions.RepeatableWriteUnitOfWork.discoverUnregisteredNewObjects(RepeatableWriteUnitOfWork.java:305)
	at org.eclipse.persistence.internal.sessions.UnitOfWorkImpl.calculateChanges(UnitOfWorkImpl.java:721)
	at org.eclipse.persistence.internal.sessions.UnitOfWorkImpl.commitToDatabaseWithChangeSet(UnitOfWorkImpl.java:1514)
	at org.eclipse.persistence.internal.sessions.RepeatableWriteUnitOfWork.commitRootUnitOfWork(RepeatableWriteUnitOfWork.java:277)
	at org.eclipse.persistence.internal.sessions.UnitOfWorkImpl.commitAndResume(UnitOfWorkImpl.java:1167)
	at org.eclipse.persistence.internal.jpa.transaction.EntityTransactionImpl.commit(EntityTransactionImpl.java:132)
	at hibernate.cargar.Administrador.guardar(Administrador.java:99)
	at peaje.formas.frmPrincipal.auditar(frmPrincipal.java:8037)
	at peaje.formas.frmPrincipal.btnSalir2ActionPerformed(frmPrincipal.java:7365)
	at peaje.formas.frmPrincipal.access$15500(frmPrincipal.java:90)
	at peaje.formas.frmPrincipal$166.actionPerformed(frmPrincipal.java:3065)
	at javax.swing.AbstractButton.fireActionPerformed(AbstractButton.java:2018)
	at javax.swing.AbstractButton$Handler.actionPerformed(AbstractButton.java:2341)
	at javax.swing.DefaultButtonModel.fireActionPerformed(DefaultButtonModel.java:402)
	at javax.swing.DefaultButtonModel.setPressed(DefaultButtonModel.java:259)
	at javax.swing.plaf.basic.BasicButtonListener.mouseReleased(BasicButtonListener.java:252)
	at java.awt.Component.processMouseEvent(Component.java:6504)
	at javax.swing.JComponent.processMouseEvent(JComponent.java:3321)
	at java.awt.Component.processEvent(Component.java:6269)
	at java.awt.Container.processEvent(Container.java:2229)
	at java.awt.Component.dispatchEventImpl(Component.java:4860)
	at java.awt.Container.dispatchEventImpl(Container.java:2287)
	at java.awt.Component.dispatchEvent(Component.java:4686)
	at java.awt.LightweightDispatcher.retargetMouseEvent(Container.java:4832)
	at java.awt.LightweightDispatcher.processMouseEvent(Container.java:4492)
	at java.awt.LightweightDispatcher.dispatchEvent(Container.java:4422)
	at java.awt.Container.dispatchEventImpl(Container.java:2273)
	at java.awt.Window.dispatchEventImpl(Window.java:2713)
	at java.awt.Component.dispatchEvent(Component.java:4686)
	at java.awt.EventQueue.dispatchEventImpl(EventQueue.java:707)
	at java.awt.EventQueue.access$000(EventQueue.java:101)
	at java.awt.EventQueue$3.run(EventQueue.java:666)
	at java.awt.EventQueue$3.run(EventQueue.java:664)
	at java.security.AccessController.doPrivileged(Native Method)
	at java.security.ProtectionDomain$1.doIntersectionPrivilege(ProtectionDomain.java:76)
	at java.security.ProtectionDomain$1.doIntersectionPrivilege(ProtectionDomain.java:87)
	at java.awt.EventQueue$4.run(EventQueue.java:680)
	at java.awt.EventQueue$4.run(EventQueue.java:678)
	at java.security.AccessController.doPrivileged(Native Method)
	at java.security.ProtectionDomain$1.doIntersectionPrivilege(ProtectionDomain.java:76)
	at java.awt.EventQueue.dispatchEvent(EventQueue.java:677)
	at java.awt.EventDispatchThread.pumpOneEventForFilters(EventDispatchThread.java:211)
	at java.awt.EventDispatchThread.pumpEventsForFilter(EventDispatchThread.java:128)
	at java.awt.EventDispatchThread.pumpEventsForHierarchy(EventDispatchThread.java:117)
	at java.awt.EventDispatchThread.pumpEvents(EventDispatchThread.java:113)
	at java.awt.EventDispatchThread.pumpEvents(EventDispatchThread.java:105)
	at java.awt.EventDispatchThread.run(EventDispatchThread.java:90)


** END NESTED EXCEPTION **



Last packet sent to the server was 3 ms ago.
Error Code: 0
Call: SELECT codigo FROM usuarios WHERE (codigo = ?)
	bind => [1 parameter bound]
Query: DoesExistQuery(referenceClass=Usuarios sql="SELECT codigo FROM usuarios WHERE (codigo = ?)")
INFO PUERTO INTERFAZ PC BARRERA0 - ABIERTO: COM3,line 41,04.09.2014/11:19:58,OK
INFO # PUERTOS PRINCIPALES INICIADOS: 1,line 41,04.09.2014/11:19:58,OK
INFO peaje.formas.frmPrincipal,line 41,04.09.2014/11:19:58,java.lang.NullPointerException
INFO peaje.formas.frmPrincipal,line 41,04.09.2014/11:42:06,javax.media.NoPlayerException: Error instantiating class: com.sun.media.protocol.vfw.DataSource : java.io.IOException: Could not connect to capture device
INFO PUERTO INTERFAZ PC BARRERA0 - ABIERTO: COM3,line 41,04.09.2014/11:42:20,OK
INFO # PUERTOS PRINCIPALES INICIADOS: 1,line 41,04.09.2014/11:42:20,OK
INFO peaje.formas.frmPrincipal,line 41,04.09.2014/11:42:20,java.lang.NullPointerException
INFO PUERTO INTERFAZ PC BARRERA0 - ABIERTO: COM3,line 41,07.09.2014/22:14:48,OK
INFO # PUERTOS PRINCIPALES INICIADOS: 1,line 41,07.09.2014/22:14:48,OK
INFO peaje.formas.frmPrincipal,line 41,07.09.2014/22:14:48,java.lang.NullPointerException
INFO peaje.formas.frmPrincipal,line 41,07.09.2014/22:27:55,javax.media.NoPlayerException: Error instantiating class: com.sun.media.protocol.vfw.DataSource : java.io.IOException: Could not connect to capture device
INFO PUERTO INTERFAZ PC BARRERA0 - ABIERTO: COM3,line 41,07.09.2014/22:28:08,OK
INFO # PUERTOS PRINCIPALES INICIADOS: 1,line 41,07.09.2014/22:28:08,OK
INFO peaje.formas.frmPrincipal,line 41,07.09.2014/22:28:08,java.lang.NullPointerException
INFO peaje.formas.frmPrincipal,line 41,07.09.2014/22:31:34,javax.media.NoPlayerException: Error instantiating class: com.sun.media.protocol.vfw.DataSource : java.io.IOException: Could not connect to capture device
INFO PUERTO INTERFAZ PC BARRERA0 - ABIERTO: COM3,line 41,07.09.2014/22:31:56,OK
INFO # PUERTOS PRINCIPALES INICIADOS: 1,line 41,07.09.2014/22:31:56,OK
INFO peaje.formas.frmPrincipal,line 41,07.09.2014/22:31:56,java.lang.NullPointerException
INFO peaje.formas.frmPrincipal,line 41,07.09.2014/22:37:24,javax.media.NoPlayerException: Error instantiating class: com.sun.media.protocol.vfw.DataSource : java.io.IOException: Could not connect to capture device
INFO PUERTO INTERFAZ PC BARRERA0 - ABIERTO: COM3,line 41,07.09.2014/22:37:47,OK
INFO # PUERTOS PRINCIPALES INICIADOS: 1,line 41,07.09.2014/22:37:47,OK
INFO peaje.formas.frmPrincipal,line 41,07.09.2014/22:37:47,java.lang.NullPointerException
INFO peaje.formas.frmPrincipal,line 41,07.09.2014/22:51:04,javax.media.NoPlayerException: Error instantiating class: com.sun.media.protocol.vfw.DataSource : java.io.IOException: Could not connect to capture device
INFO PUERTO INTERFAZ PC BARRERA0 - ABIERTO: COM3,line 41,07.09.2014/22:51:21,OK
INFO # PUERTOS PRINCIPALES INICIADOS: 1,line 41,07.09.2014/22:51:21,OK
INFO peaje.formas.frmPrincipal,line 41,07.09.2014/22:51:21,java.lang.NullPointerException
INFO peaje.formas.frmPrincipal,line 41,07.09.2014/22:54:00,javax.media.NoPlayerException: Error instantiating class: com.sun.media.protocol.vfw.DataSource : java.io.IOException: Could not connect to capture device
INFO PUERTO INTERFAZ PC BARRERA0 - ABIERTO: COM3,line 41,07.09.2014/22:54:19,OK
INFO # PUERTOS PRINCIPALES INICIADOS: 1,line 41,07.09.2014/22:54:19,OK
INFO peaje.formas.frmPrincipal,line 41,07.09.2014/22:54:19,java.lang.NullPointerException
INFO peaje.formas.frmPrincipal,line 41,08.09.2014/08:51:04,javax.media.NoPlayerException: Error instantiating class: com.sun.media.protocol.vfw.DataSource : java.io.IOException: Could not connect to capture device
INFO PUERTO INTERFAZ PC BARRERA0 - ABIERTO: COM3,line 41,08.09.2014/08:51:21,OK
INFO # PUERTOS PRINCIPALES INICIADOS: 1,line 41,08.09.2014/08:51:21,OK
INFO peaje.formas.frmPrincipal,line 41,08.09.2014/08:51:21,java.lang.NullPointerException
INFO peaje.formas.frmPrincipal,line 41,08.09.2014/08:56:07,javax.media.NoPlayerException: Error instantiating class: com.sun.media.protocol.vfw.DataSource : java.io.IOException: Could not connect to capture device
INFO PUERTO INTERFAZ PC BARRERA0 - ABIERTO: COM3,line 41,08.09.2014/08:56:26,OK
INFO # PUERTOS PRINCIPALES INICIADOS: 1,line 41,08.09.2014/08:56:26,OK
INFO peaje.formas.frmPrincipal,line 41,08.09.2014/08:56:26,java.lang.NullPointerException
INFO peaje.formas.frmPrincipal,line 41,08.09.2014/08:57:53,javax.media.NoPlayerException: Error instantiating class: com.sun.media.protocol.vfw.DataSource : java.io.IOException: Could not connect to capture device
INFO PUERTO INTERFAZ PC BARRERA0 - ABIERTO: COM3,line 41,08.09.2014/08:58:06,OK
INFO # PUERTOS PRINCIPALES INICIADOS: 1,line 41,08.09.2014/08:58:06,OK
INFO peaje.formas.frmPrincipal,line 41,08.09.2014/08:58:06,java.lang.NullPointerException
INFO peaje.formas.frmPrincipal,line 41,08.09.2014/08:59:44,javax.media.NoPlayerException: Error instantiating class: com.sun.media.protocol.vfw.DataSource : java.io.IOException: Could not connect to capture device
INFO PUERTO INTERFAZ PC BARRERA0 - ABIERTO: COM3,line 41,08.09.2014/08:59:57,OK
INFO # PUERTOS PRINCIPALES INICIADOS: 1,line 41,08.09.2014/08:59:57,OK
INFO peaje.formas.frmPrincipal,line 41,08.09.2014/08:59:57,java.lang.NullPointerException
INFO peaje.formas.frmPrincipal,line 41,08.09.2014/09:01:11,javax.media.NoPlayerException: Error instantiating class: com.sun.media.protocol.vfw.DataSource : java.io.IOException: Could not connect to capture device
INFO PUERTO INTERFAZ PC BARRERA0 - ABIERTO: COM3,line 41,08.09.2014/09:01:33,OK
INFO # PUERTOS PRINCIPALES INICIADOS: 1,line 41,08.09.2014/09:01:33,OK
INFO peaje.formas.frmPrincipal,line 41,08.09.2014/09:01:33,java.lang.NullPointerException
INFO peaje.formas.frmPrincipal,line 41,08.09.2014/09:02:53,javax.media.NoPlayerException: Error instantiating class: com.sun.media.protocol.vfw.DataSource : java.io.IOException: Could not connect to capture device
INFO PUERTO INTERFAZ PC BARRERA0 - ABIERTO: COM3,line 41,08.09.2014/09:03:06,OK
INFO # PUERTOS PRINCIPALES INICIADOS: 1,line 41,08.09.2014/09:03:06,OK
INFO peaje.formas.frmPrincipal,line 41,08.09.2014/09:03:06,java.lang.NullPointerException
INFO peaje.formas.frmPrincipal,line 41,08.09.2014/09:06:21,javax.media.NoPlayerException: Error instantiating class: com.sun.media.protocol.vfw.DataSource : java.io.IOException: Could not connect to capture device
INFO PUERTO INTERFAZ PC BARRERA0 - ABIERTO: COM3,line 41,08.09.2014/09:06:35,OK
INFO # PUERTOS PRINCIPALES INICIADOS: 1,line 41,08.09.2014/09:06:35,OK
INFO peaje.formas.frmPrincipal,line 41,08.09.2014/09:06:35,java.lang.NullPointerException
INFO peaje.formas.frmPrincipal,line 41,08.09.2014/09:08:55,javax.media.NoPlayerException: Error instantiating class: com.sun.media.protocol.vfw.DataSource : java.io.IOException: Could not connect to capture device
INFO PUERTO INTERFAZ PC BARRERA0 - ABIERTO: COM3,line 41,08.09.2014/09:09:10,OK
INFO # PUERTOS PRINCIPALES INICIADOS: 1,line 41,08.09.2014/09:09:10,OK
INFO peaje.formas.frmPrincipal,line 41,08.09.2014/09:09:10,java.lang.NullPointerException
INFO PUERTO INTERFAZ PC BARRERA0 - ABIERTO: COM3,line 41,08.09.2014/09:11:44,OK
INFO # PUERTOS PRINCIPALES INICIADOS: 1,line 41,08.09.2014/09:11:44,OK
INFO peaje.formas.frmPrincipal,line 41,08.09.2014/09:11:44,java.lang.NullPointerException
INFO peaje.formas.frmPrincipal,line 41,08.09.2014/09:18:59,javax.media.NoPlayerException: Error instantiating class: com.sun.media.protocol.vfw.DataSource : java.io.IOException: Could not connect to capture device
INFO PUERTO INTERFAZ PC BARRERA0 - ABIERTO: COM3,line 41,08.09.2014/09:19:35,OK
INFO # PUERTOS PRINCIPALES INICIADOS: 1,line 41,08.09.2014/09:19:35,OK
INFO peaje.formas.frmPrincipal,line 41,08.09.2014/09:19:35,java.lang.NullPointerException
INFO PUERTO INTERFAZ PC BARRERA0 - ABIERTO: COM3,line 41,08.09.2014/09:28:32,OK
INFO # PUERTOS PRINCIPALES INICIADOS: 1,line 41,08.09.2014/09:28:32,OK
INFO peaje.formas.frmPrincipal,line 41,08.09.2014/09:28:32,java.lang.NullPointerException
INFO PUERTO INTERFAZ PC BARRERA0 - ABIERTO: COM3,line 41,08.09.2014/09:42:43,OK
INFO # PUERTOS PRINCIPALES INICIADOS: 1,line 41,08.09.2014/09:42:43,OK
INFO peaje.formas.frmPrincipal,line 41,08.09.2014/09:43:04,java.lang.NullPointerException
INFO peaje.formas.frmPrincipal,line 41,09.09.2014/08:54:40,javax.media.NoPlayerException: Error instantiating class: com.sun.media.protocol.vfw.DataSource : java.io.IOException: Could not connect to capture device
INFO PUERTO INTERFAZ PC BARRERA0 - ABIERTO: COM3,line 41,09.09.2014/08:55:08,OK
INFO # PUERTOS PRINCIPALES INICIADOS: 1,line 41,09.09.2014/08:55:08,OK
INFO peaje.formas.frmPrincipal,line 41,09.09.2014/08:55:08,java.lang.NullPointerException
INFO peaje.formas.frmPrincipal,line 41,09.09.2014/10:35:10,javax.media.NoPlayerException: Error instantiating class: com.sun.media.protocol.vfw.DataSource : java.io.IOException: Could not connect to capture device
INFO # PUERTOS PRINCIPALES INICIADOS: 0,line 41,09.09.2014/10:35:29,OK
INFO # PUERTOS PRINCIPALES INICIADOS: 0,line 41,09.09.2014/10:43:32,OK
INFO peaje.formas.frmTicket,line 41,09.09.2014/10:44:42,net.sf.jasperreports.engine.JRRuntimeException: Error creating barcode
INFO # PUERTOS PRINCIPALES INICIADOS: 0,line 41,09.09.2014/10:55:32,OK
INFO peaje.formas.frmTicket,line 41,09.09.2014/10:56:26,net.sf.jasperreports.engine.JRRuntimeException: Error creating barcode
INFO peaje.formas.frmTicket,line 41,09.09.2014/10:56:52,net.sf.jasperreports.engine.JRRuntimeException: Error creating barcode
INFO peaje.formas.frmTicket,line 41,09.09.2014/10:59:39,net.sf.jasperreports.engine.JRRuntimeException: Error creating barcode
INFO peaje.formas.frmPrincipal,line 41,09.09.2014/11:15:46,javax.media.NoPlayerException: Error instantiating class: com.sun.media.protocol.vfw.DataSource : java.io.IOException: Could not connect to capture device
INFO # PUERTOS PRINCIPALES INICIADOS: 0,line 41,09.09.2014/11:16:08,OK
INFO peaje.formas.frmTicket,line 41,09.09.2014/11:16:54,net.sf.jasperreports.engine.JRRuntimeException: Error creating barcode
INFO peaje.formas.frmTicket,line 41,09.09.2014/11:17:44,net.sf.jasperreports.engine.JRRuntimeException: Error creating barcode
INFO peaje.formas.frmTicket,line 41,09.09.2014/11:17:54,net.sf.jasperreports.engine.JRRuntimeException: Error creating barcode
INFO # PUERTOS PRINCIPALES INICIADOS: 0,line 41,09.09.2014/11:24:38,OK
INFO # PUERTOS PRINCIPALES INICIADOS: 0,line 41,09.09.2014/17:00:47,OK
INFO # PUERTOS PRINCIPALES INICIADOS: 0,line 41,09.09.2014/17:03:04,OK
INFO # PUERTOS PRINCIPALES INICIADOS: 0,line 41,15.09.2014/20:13:41,OK
INFO # PUERTOS PRINCIPALES INICIADOS: 0,line 41,16.09.2014/08:58:20,OK
INFO peaje.formas.frmPrincipal,line 41,16.09.2014/09:02:55,javax.media.NoPlayerException: Error instantiating class: com.sun.media.protocol.vfw.DataSource : java.io.IOException: Could not connect to capture device
INFO # PUERTOS PRINCIPALES INICIADOS: 0,line 41,16.09.2014/09:03:18,OK
INFO peaje.formas.frmPrincipal,line 41,16.09.2014/09:49:35,javax.media.NoPlayerException: Error instantiating class: com.sun.media.protocol.vfw.DataSource : java.io.IOException: Could not connect to capture device
INFO # PUERTOS PRINCIPALES INICIADOS: 0,line 41,16.09.2014/09:49:55,OK
INFO # PUERTOS PRINCIPALES INICIADOS: 0,line 41,16.09.2014/09:52:46,OK
INFO peaje.formas.frmPrincipal,line 41,16.09.2014/09:58:23,javax.media.NoPlayerException: Error instantiating class: com.sun.media.protocol.vfw.DataSource : java.io.IOException: Could not connect to capture device
INFO # PUERTOS PRINCIPALES INICIADOS: 0,line 41,16.09.2014/09:58:53,OK
INFO peaje.formas.frmPrincipal,line 41,16.09.2014/09:59:57,javax.media.NoPlayerException: Error instantiating class: com.sun.media.protocol.vfw.DataSource : java.io.IOException: Could not connect to capture device
INFO # PUERTOS PRINCIPALES INICIADOS: 0,line 41,16.09.2014/10:00:13,OK
INFO # PUERTOS PRINCIPALES INICIADOS: 0,line 41,16.09.2014/16:49:13,OK
INFO # PUERTOS PRINCIPALES INICIADOS: 0,line 41,16.09.2014/16:54:39,OK
INFO # PUERTOS PRINCIPALES INICIADOS: 0,line 41,16.09.2014/16:57:26,OK
INFO # PUERTOS PRINCIPALES INICIADOS: 0,line 41,16.09.2014/16:59:12,OK
INFO # PUERTOS PRINCIPALES INICIADOS: 0,line 41,16.09.2014/17:01:29,OK
INFO peaje.formas.frmPrincipal,line 41,16.09.2014/17:10:20,javax.media.NoPlayerException: Error instantiating class: com.sun.media.protocol.vfw.DataSource : java.io.IOException: Could not connect to capture device
INFO # PUERTOS PRINCIPALES INICIADOS: 0,line 41,16.09.2014/17:13:19,OK
INFO # PUERTOS PRINCIPALES INICIADOS: 0,line 41,16.09.2014/17:17:38,OK
INFO # PUERTOS PRINCIPALES INICIADOS: 0,line 41,16.09.2014/17:18:54,OK
INFO # PUERTOS PRINCIPALES INICIADOS: 0,line 41,16.09.2014/17:20:09,OK
INFO # PUERTOS PRINCIPALES INICIADOS: 0,line 41,16.09.2014/17:23:26,OK
INFO # PUERTOS PRINCIPALES INICIADOS: 0,line 41,16.09.2014/17:24:48,OK
INFO # PUERTOS PRINCIPALES INICIADOS: 0,line 41,16.09.2014/17:26:13,OK
INFO # PUERTOS PRINCIPALES INICIADOS: 0,line 41,16.09.2014/17:30:03,OK
INFO # PUERTOS PRINCIPALES INICIADOS: 0,line 41,16.09.2014/17:31:40,OK
INFO # PUERTOS PRINCIPALES INICIADOS: 0,line 41,16.09.2014/17:33:53,OK
INFO # PUERTOS PRINCIPALES INICIADOS: 0,line 41,16.09.2014/17:38:11,OK
INFO # PUERTOS PRINCIPALES INICIADOS: 0,line 41,16.09.2014/22:10:01,OK
INFO peaje.formas.frmPrincipal,line 41,16.09.2014/22:25:38,javax.media.NoPlayerException: Error instantiating class: com.sun.media.protocol.vfw.DataSource : java.io.IOException: Could not connect to capture device
INFO # PUERTOS PRINCIPALES INICIADOS: 0,line 41,16.09.2014/22:25:55,OK
INFO peaje.formas.frmPrincipal,line 41,17.09.2014/10:57:06,javax.media.NoPlayerException: Error instantiating class: com.sun.media.protocol.vfw.DataSource : java.io.IOException: Could not connect to capture device
INFO # PUERTOS PRINCIPALES INICIADOS: 0,line 41,17.09.2014/10:57:23,OK
INFO peaje.formas.frmPrincipal,line 41,17.09.2014/11:01:35,javax.media.NoPlayerException: Error instantiating class: com.sun.media.protocol.vfw.DataSource : java.io.IOException: Could not connect to capture device
INFO # PUERTOS PRINCIPALES INICIADOS: 0,line 41,17.09.2014/11:01:51,OK
INFO # PUERTOS PRINCIPALES INICIADOS: 0,line 41,18.09.2014/09:26:24,OK
INFO peaje.formas.frmPrincipal,line 41,18.09.2014/09:31:03,javax.media.NoPlayerException: Error instantiating class: com.sun.media.protocol.vfw.DataSource : java.io.IOException: Could not connect to capture device
INFO # PUERTOS PRINCIPALES INICIADOS: 0,line 41,18.09.2014/09:31:25,OK
INFO peaje.formas.frmPrincipal,line 41,18.09.2014/09:35:11,javax.media.NoPlayerException: Error instantiating class: com.sun.media.protocol.vfw.DataSource : java.io.IOException: Could not connect to capture device
INFO # PUERTOS PRINCIPALES INICIADOS: 0,line 41,18.09.2014/09:35:35,OK
INFO peaje.formas.frmPrincipal,line 41,18.09.2014/10:36:58,javax.media.NoPlayerException: Error instantiating class: com.sun.media.protocol.vfw.DataSource : java.io.IOException: Could not connect to capture device
INFO # PUERTOS PRINCIPALES INICIADOS: 0,line 41,18.09.2014/10:37:24,OK
INFO peaje.formas.frmPrincipal,line 41,18.09.2014/13:46:01,javax.media.NoPlayerException: Error instantiating class: com.sun.media.protocol.vfw.DataSource : java.io.IOException: Could not connect to capture device
INFO # PUERTOS PRINCIPALES INICIADOS: 0,line 41,18.09.2014/13:46:20,OK
INFO # PUERTOS PRINCIPALES INICIADOS: 0,line 45,22.09.2014/22:40:48,OK
INFO # PUERTOS PRINCIPALES INICIADOS: 0,line 41,22.09.2014/22:49:18,OK
INFO # PUERTOS PRINCIPALES INICIADOS: 0,line 41,22.09.2014/23:20:25,OK
INFO # PUERTOS PRINCIPALES INICIADOS: 0,line 41,22.09.2014/23:20:25,OK
INFO peaje.formas.frmPrincipal,line 41,22.09.2014/23:21:43,javax.media.NoPlayerException: Error instantiating class: com.sun.media.protocol.vfw.DataSource : java.io.IOException: Could not connect to capture device
INFO # PUERTOS PRINCIPALES INICIADOS: 0,line 41,22.09.2014/23:22:09,OK
INFO # PUERTOS PRINCIPALES INICIADOS: 0,line 41,22.09.2014/23:40:00,OK
INFO peaje.formas.frmPrincipal,line 41,30.09.2014/09:54:02,javax.media.NoPlayerException: Error instantiating class: com.sun.media.protocol.vfw.DataSource : java.io.IOException: Could not connect to capture device
INFO # PUERTOS PRINCIPALES INICIADOS: 0,line 41,30.09.2014/09:54:30,OK
INFO # PUERTOS PRINCIPALES INICIADOS: 0,line 41,30.09.2014/09:57:23,OK
INFO peaje.formas.frmPrincipal,line 41,30.09.2014/10:20:08,javax.media.NoPlayerException: Error instantiating class: com.sun.media.protocol.vfw.DataSource : java.io.IOException: Could not connect to capture device
INFO peaje.formas.frmPrincipal,line 41,30.09.2014/10:20:52,javax.media.NoPlayerException: Error instantiating class: com.sun.media.protocol.vfw.DataSource : java.io.IOException: Could not connect to capture device
INFO # PUERTOS PRINCIPALES INICIADOS: 0,line 41,30.09.2014/10:21:24,OK
INFO # PUERTOS PRINCIPALES INICIADOS: 0,line 41,30.09.2014/10:30:18,OK
INFO peaje.formas.frmPrincipal,line 41,30.09.2014/10:36:52,javax.media.NoPlayerException: Error instantiating class: com.sun.media.protocol.vfw.DataSource : java.io.IOException: Could not connect to capture device
INFO # PUERTOS PRINCIPALES INICIADOS: 0,line 41,30.09.2014/10:37:16,OK
INFO peaje.formas.frmPrincipal,line 41,30.09.2014/13:34:57,javax.media.NoPlayerException: Error instantiating class: com.sun.media.protocol.vfw.DataSource : java.io.IOException: Could not connect to capture device
INFO # PUERTOS PRINCIPALES INICIADOS: 0,line 41,30.09.2014/13:35:25,OK
INFO peaje.formas.frmPrincipal,line 41,30.09.2014/13:37:54,javax.media.NoPlayerException: Error instantiating class: com.sun.media.protocol.vfw.DataSource : java.io.IOException: Could not connect to capture device
INFO # PUERTOS PRINCIPALES INICIADOS: 0,line 41,30.09.2014/13:38:20,OK
INFO peaje.formas.frmPrincipal,line 41,30.09.2014/13:51:41,javax.media.NoPlayerException: Error instantiating class: com.sun.media.protocol.vfw.DataSource : java.io.IOException: Could not connect to capture device
INFO # PUERTOS PRINCIPALES INICIADOS: 0,line 41,30.09.2014/13:52:05,OK
INFO peaje.formas.frmPrincipal,line 41,30.09.2014/13:54:13,javax.media.NoPlayerException: Error instantiating class: com.sun.media.protocol.vfw.DataSource : java.io.IOException: Could not connect to capture device
INFO # PUERTOS PRINCIPALES INICIADOS: 0,line 41,30.09.2014/13:54:36,OK
