INFO peaje.formas.frmPrincipal,line 41,01.05.2015/00:10:34,javax.media.NoPlayerException: Cannot find a Player for :vfw:Microsoft WDM Image Capture (Win32):0
INFO # PUERTOS PRINCIPALES INICIADOS: 0,line 41,01.05.2015/00:10:42,OK
INFO peaje.formas.frmPrincipal,line 41,01.05.2015/00:25:16,javax.media.NoPlayerException: Cannot find a Player for :vfw:Microsoft WDM Image Capture (Win32):0
INFO # PUERTOS PRINCIPALES INICIADOS: 0,line 41,01.05.2015/00:25:21,OK
INFO peaje.formas.frmPrincipal,line 41,01.05.2015/00:30:36,javax.media.NoPlayerException: Cannot find a Player for :vfw:Microsoft WDM Image Capture (Win32):0
INFO # PUERTOS PRINCIPALES INICIADOS: 0,line 41,01.05.2015/00:30:41,OK
INFO peaje.formas.frmPrincipal,line 41,01.05.2015/00:34:19,javax.media.NoPlayerException: Cannot find a Player for :vfw:Microsoft WDM Image Capture (Win32):0
INFO # PUERTOS PRINCIPALES INICIADOS: 0,line 41,01.05.2015/00:34:24,OK
INFO peaje.formas.frmPrincipal,line 41,01.05.2015/00:39:34,javax.media.NoPlayerException: Cannot find a Player for :vfw:Microsoft WDM Image Capture (Win32):0
INFO # PUERTOS PRINCIPALES INICIADOS: 0,line 41,01.05.2015/00:39:38,OK
INFO peaje.formas.frmPrincipal,line 41,01.05.2015/09:15:14,javax.media.NoPlayerException: Cannot find a Player for :vfw:Microsoft WDM Image Capture (Win32):0
INFO # PUERTOS PRINCIPALES INICIADOS: 0,line 41,01.05.2015/09:15:20,OK
INFO peaje.formas.frmPrincipal,line 41,01.05.2015/09:26:24,javax.media.NoPlayerException: Cannot find a Player for :vfw:Microsoft WDM Image Capture (Win32):0
INFO peaje.formas.frmPrincipal,line 41,01.05.2015/09:26:29,javax.media.NoPlayerException: Cannot find a Player for :vfw:Microsoft WDM Image Capture (Win32):0
INFO # PUERTOS PRINCIPALES INICIADOS: 0,line 41,01.05.2015/09:26:34,OK
INFO peaje.formas.frmPrincipal,line 41,01.05.2015/09:32:27,javax.media.NoPlayerException: Cannot find a Player for :vfw:Microsoft WDM Image Capture (Win32):0
INFO # PUERTOS PRINCIPALES INICIADOS: 0,line 41,01.05.2015/09:32:31,OK
INFO peaje.formas.frmPrincipal,line 41,01.05.2015/10:00:27,javax.media.NoPlayerException: Cannot find a Player for :vfw:Microsoft WDM Image Capture (Win32):0
INFO peaje.formas.frmPrincipal,line 41,01.05.2015/10:02:30,javax.media.NoPlayerException: Cannot find a Player for :vfw:Microsoft WDM Image Capture (Win32):0
INFO peaje.formas.frmPrincipal,line 41,01.05.2015/10:09:10,javax.media.NoPlayerException: Cannot find a Player for :vfw:Microsoft WDM Image Capture (Win32):0
INFO # PUERTOS PRINCIPALES INICIADOS: 0,line 41,01.05.2015/10:09:44,OK
INFO peaje.formas.frmPrincipal,line 41,01.05.2015/10:10:56,javax.media.NoPlayerException: Cannot find a Player for :vfw:Microsoft WDM Image Capture (Win32):0
INFO PUERTO INTERFAZ PC BARRERA0 - ABIERTO: /dev/ttyUSB1,line 41,01.05.2015/10:11:29,OK
INFO # PUERTOS PRINCIPALES INICIADOS: 1,line 41,01.05.2015/10:12:50,OK
INFO peaje.formas.frmPrincipal,line 41,01.05.2015/10:15:44,javax.media.NoPlayerException: Cannot find a Player for :vfw:Microsoft WDM Image Capture (Win32):0
INFO PUERTO INTERFAZ PC BARRERA0 - ABIERTO: /dev/ttyUSB1,line 41,01.05.2015/10:16:45,OK
INFO peaje.formas.frmPrincipal,line 41,01.05.2015/10:19:09,javax.media.NoPlayerException: Cannot find a Player for :vfw:Microsoft WDM Image Capture (Win32):0
INFO PUERTO INTERFAZ PC BARRERA0 - ABIERTO: /dev/ttyUSB1,line 41,01.05.2015/10:19:30,OK
INFO peaje.formas.frmPrincipal,line 41,01.05.2015/10:20:38,javax.media.NoPlayerException: Cannot find a Player for :vfw:Microsoft WDM Image Capture (Win32):0
INFO LECTORA INGRESO 1: /dev/ttyACM0,line 41,01.05.2015/10:21:24,OK
INFO # PUERTOS PRINCIPALES INICIADOS: 0,line 41,01.05.2015/10:21:25,OK
INFO peaje.formas.frmPrincipal,line 41,01.05.2015/10:22:39,javax.media.NoPlayerException: Cannot find a Player for :vfw:Microsoft WDM Image Capture (Win32):0
INFO PUERTO INTERFAZ PC BARRERA0 - ABIERTO: /dev/ttyUSB1,line 41,01.05.2015/10:23:02,OK
INFO # PUERTOS PRINCIPALES INICIADOS: 1,line 41,01.05.2015/10:23:22,OK
INFO peaje.formas.frmPrincipal,line 41,01.05.2015/10:23:27,javax.media.NoPlayerException: Cannot find a Player for :vfw:Microsoft WDM Image Capture (Win32):0
INFO PUERTO INTERFAZ PC BARRERA0 - ABIERTO: /dev/ttyUSB1,line 41,01.05.2015/10:24:33,OK
INFO # PUERTOS PRINCIPALES INICIADOS: 1,line 41,01.05.2015/10:24:38,OK
INFO peaje.formas.frmPrincipal,line 41,01.05.2015/10:25:44,javax.media.NoPlayerException: Cannot find a Player for :vfw:Microsoft WDM Image Capture (Win32):0
INFO PUERTO INTERFAZ PC BARRERA0 - ABIERTO: /dev/ttyUSB1,line 41,01.05.2015/10:26:10,OK
INFO # PUERTOS PRINCIPALES INICIADOS: 1,line 41,01.05.2015/10:26:17,OK
INFO peaje.formas.frmPrincipal,line 41,01.05.2015/10:32:15,javax.media.NoPlayerException: Cannot find a Player for :vfw:Microsoft WDM Image Capture (Win32):0
INFO peaje.formas.frmPrincipal,line 41,01.05.2015/10:32:46,javax.media.NoPlayerException: Cannot find a Player for :vfw:Microsoft WDM Image Capture (Win32):0
INFO PUERTO INTERFAZ PC BARRERA0 - ABIERTO: /dev/ttyUSB1,line 41,01.05.2015/10:33:08,OK
INFO peaje.formas.frmPrincipal,line 41,01.05.2015/10:35:07,javax.media.NoPlayerException: Cannot find a Player for :vfw:Microsoft WDM Image Capture (Win32):0
INFO PUERTO INTERFAZ PC BARRERA0 - ABIERTO: /dev/ttyUSB1,line 41,01.05.2015/10:36:44,OK
INFO # PUERTOS PRINCIPALES INICIADOS: 1,line 41,01.05.2015/10:36:47,OK
INFO peaje.formas.frmPrincipal,line 41,01.05.2015/10:40:24,javax.media.NoPlayerException: Cannot find a Player for :vfw:Microsoft WDM Image Capture (Win32):0
INFO PUERTO INTERFAZ PC BARRERA0 - ABIERTO: /dev/ttyUSB1,line 41,01.05.2015/10:40:49,OK
INFO # PUERTOS PRINCIPALES INICIADOS: 1,line 41,01.05.2015/10:40:52,OK
INFO peaje.formas.frmPrincipal,line 41,01.05.2015/10:41:53,javax.media.NoPlayerException: Cannot find a Player for :vfw:Microsoft WDM Image Capture (Win32):0
INFO # PUERTOS PRINCIPALES INICIADOS: 0,line 41,01.05.2015/10:41:58,OK
INFO peaje.formas.frmPrincipal,line 41,01.05.2015/10:42:13,javax.media.NoPlayerException: Cannot find a Player for :vfw:Microsoft WDM Image Capture (Win32):0
INFO peaje.formas.frmPrincipal,line 41,01.05.2015/10:42:46,javax.media.NoPlayerException: Cannot find a Player for :vfw:Microsoft WDM Image Capture (Win32):0
INFO peaje.formas.frmPrincipal,line 41,01.05.2015/10:43:42,javax.media.NoPlayerException: Cannot find a Player for :vfw:Microsoft WDM Image Capture (Win32):0
INFO # PUERTOS PRINCIPALES INICIADOS: 0,line 41,01.05.2015/10:44:16,OK
INFO peaje.formas.frmPrincipal,line 41,01.05.2015/18:36:32,javax.media.NoPlayerException: Cannot find a Player for :vfw:Microsoft WDM Image Capture (Win32):0
INFO peaje.formas.frmPrincipal,line 41,04.05.2015/14:07:11,javax.media.NoPlayerException: Cannot find a Player for :vfw:Microsoft WDM Image Capture (Win32):0
INFO PUERTO INTERFAZ PC BARRERA0 - ABIERTO: /dev/ttyUSB1,line 41,04.05.2015/14:07:20,OK
INFO LECTORA INGRESO 1: /dev/ttyUSB0,line 41,04.05.2015/14:07:20,OK
INFO # PUERTOS PRINCIPALES INICIADOS: 1,line 41,04.05.2015/14:07:20,OK
INFO peaje.formas.frmPrincipal,line 41,04.05.2015/22:18:59,javax.media.NoPlayerException: Cannot find a Player for :vfw:Microsoft WDM Image Capture (Win32):0
INFO # PUERTOS PRINCIPALES INICIADOS: 0,line 41,04.05.2015/22:19:06,OK
INFO peaje.formas.frmPrincipal,line 41,04.05.2015/22:27:45,javax.media.NoPlayerException: Cannot find a Player for :vfw:Microsoft WDM Image Capture (Win32):0
INFO # PUERTOS PRINCIPALES INICIADOS: 0,line 41,04.05.2015/22:27:50,OK
INFO peaje.formas.frmPrincipal,line 41,04.05.2015/22:35:13,javax.media.NoPlayerException: Cannot find a Player for :vfw:Microsoft WDM Image Capture (Win32):0
INFO # PUERTOS PRINCIPALES INICIADOS: 0,line 41,04.05.2015/22:35:18,OK
INFO peaje.formas.frmPrincipal,line 41,04.05.2015/22:39:17,javax.media.NoPlayerException: Cannot find a Player for :vfw:Microsoft WDM Image Capture (Win32):0
INFO # PUERTOS PRINCIPALES INICIADOS: 0,line 41,04.05.2015/22:39:22,OK
INFO peaje.formas.frmPrincipal,line 41,04.05.2015/22:48:50,javax.media.NoPlayerException: Cannot find a Player for :vfw:Microsoft WDM Image Capture (Win32):0
INFO # PUERTOS PRINCIPALES INICIADOS: 0,line 41,04.05.2015/22:48:56,OK
INFO peaje.formas.frmPrincipal,line 41,04.05.2015/22:52:45,javax.media.NoPlayerException: Cannot find a Player for :vfw:Microsoft WDM Image Capture (Win32):0
INFO # PUERTOS PRINCIPALES INICIADOS: 0,line 41,04.05.2015/22:52:50,OK
INFO peaje.formas.frmPrincipal,line 41,04.05.2015/23:03:48,javax.media.NoPlayerException: Cannot find a Player for :vfw:Microsoft WDM Image Capture (Win32):0
INFO # PUERTOS PRINCIPALES INICIADOS: 0,line 41,04.05.2015/23:03:53,OK
INFO peaje.formas.frmPrincipal,line 41,04.05.2015/23:07:00,javax.media.NoPlayerException: Cannot find a Player for :vfw:Microsoft WDM Image Capture (Win32):0
INFO # PUERTOS PRINCIPALES INICIADOS: 0,line 41,04.05.2015/23:07:06,OK
INFO peaje.formas.frmPrincipal,line 41,04.05.2015/23:08:36,javax.media.NoPlayerException: Cannot find a Player for :vfw:Microsoft WDM Image Capture (Win32):0
INFO # PUERTOS PRINCIPALES INICIADOS: 0,line 41,04.05.2015/23:08:42,OK
INFO peaje.formas.frmPrincipal,line 41,04.05.2015/23:09:35,javax.media.NoPlayerException: Cannot find a Player for :vfw:Microsoft WDM Image Capture (Win32):0
INFO # PUERTOS PRINCIPALES INICIADOS: 0,line 41,04.05.2015/23:09:40,OK
INFO peaje.formas.frmPrincipal,line 41,04.05.2015/23:10:46,javax.media.NoPlayerException: Cannot find a Player for :vfw:Microsoft WDM Image Capture (Win32):0
INFO # PUERTOS PRINCIPALES INICIADOS: 0,line 41,04.05.2015/23:10:54,OK
INFO peaje.formas.frmPrincipal,line 41,04.05.2015/23:13:14,javax.media.NoPlayerException: Cannot find a Player for :vfw:Microsoft WDM Image Capture (Win32):0
INFO # PUERTOS PRINCIPALES INICIADOS: 0,line 41,04.05.2015/23:13:20,OK
INFO peaje.formas.frmPrincipal,line 41,05.05.2015/09:01:27,javax.media.NoPlayerException: Cannot find a Player for :vfw:Microsoft WDM Image Capture (Win32):0
INFO # PUERTOS PRINCIPALES INICIADOS: 0,line 41,05.05.2015/09:01:41,OK
INFO peaje.formas.frmPrincipal,line 41,05.05.2015/09:02:22,java.lang.NullPointerException
INFO peaje.formas.frmPrincipal,line 41,05.05.2015/09:02:50,java.lang.NullPointerException
INFO peaje.formas.frmPrincipal,line 41,05.05.2015/09:02:58,javax.media.NoPlayerException: Cannot find a Player for :vfw:Microsoft WDM Image Capture (Win32):0
INFO # PUERTOS PRINCIPALES INICIADOS: 0,line 41,05.05.2015/09:03:03,OK
INFO peaje.formas.frmPrincipal,line 41,05.05.2015/09:12:35,javax.media.NoPlayerException: Cannot find a Player for :vfw:Microsoft WDM Image Capture (Win32):0
INFO # PUERTOS PRINCIPALES INICIADOS: 0,line 41,05.05.2015/09:12:42,OK
INFO peaje.formas.frmPrincipal,line 41,05.05.2015/09:13:02,java.lang.NullPointerException
INFO peaje.formas.frmPrincipal,line 41,05.05.2015/09:16:04,javax.media.NoPlayerException: Cannot find a Player for :vfw:Microsoft WDM Image Capture (Win32):0
INFO # PUERTOS PRINCIPALES INICIADOS: 0,line 41,05.05.2015/09:16:10,OK
INFO peaje.formas.frmPrincipal,line 41,05.05.2015/09:23:30,javax.media.NoPlayerException: Cannot find a Player for :vfw:Microsoft WDM Image Capture (Win32):0
INFO # PUERTOS PRINCIPALES INICIADOS: 0,line 41,05.05.2015/09:23:36,OK
INFO peaje.formas.frmPrincipal,line 41,05.05.2015/09:24:55,javax.media.NoPlayerException: Cannot find a Player for :vfw:Microsoft WDM Image Capture (Win32):0
INFO # PUERTOS PRINCIPALES INICIADOS: 0,line 41,05.05.2015/09:24:59,OK
INFO peaje.formas.frmPrincipal,line 41,05.05.2015/09:44:23,javax.media.NoPlayerException: Cannot find a Player for :vfw:Microsoft WDM Image Capture (Win32):0
INFO # PUERTOS PRINCIPALES INICIADOS: 0,line 41,05.05.2015/09:44:28,OK
INFO peaje.formas.frmPrincipal,line 41,05.05.2015/09:45:16,java.lang.NullPointerException
INFO peaje.formas.frmPrincipal,line 41,05.05.2015/09:46:49,javax.media.NoPlayerException: Cannot find a Player for :vfw:Microsoft WDM Image Capture (Win32):0
INFO # PUERTOS PRINCIPALES INICIADOS: 0,line 41,05.05.2015/09:46:53,OK
INFO peaje.formas.frmPrincipal,line 41,05.05.2015/09:49:00,javax.media.NoPlayerException: Cannot find a Player for :vfw:Microsoft WDM Image Capture (Win32):0
INFO # PUERTOS PRINCIPALES INICIADOS: 0,line 41,05.05.2015/09:49:11,OK
INFO peaje.formas.frmPrincipal,line 41,05.05.2015/09:50:06,javax.media.NoPlayerException: Cannot find a Player for :vfw:Microsoft WDM Image Capture (Win32):0
INFO # PUERTOS PRINCIPALES INICIADOS: 0,line 41,05.05.2015/09:50:12,OK
INFO peaje.formas.frmPrincipal,line 41,05.05.2015/09:50:33,javax.media.NoPlayerException: Cannot find a Player for :vfw:Microsoft WDM Image Capture (Win32):0
INFO # PUERTOS PRINCIPALES INICIADOS: 0,line 41,05.05.2015/09:50:37,OK
INFO peaje.formas.frmPrincipal,line 41,05.05.2015/09:53:26,javax.media.NoPlayerException: Cannot find a Player for :vfw:Microsoft WDM Image Capture (Win32):0
INFO # PUERTOS PRINCIPALES INICIADOS: 0,line 41,05.05.2015/09:54:51,OK
INFO peaje.formas.frmPrincipal,line 41,05.05.2015/09:55:24,java.lang.NullPointerException
INFO peaje.formas.frmPrincipal,line 45,05.05.2015/09:56:11,javax.media.NoPlayerException: Cannot find a Player for :vfw:Microsoft WDM Image Capture (Win32):0
INFO # PUERTOS PRINCIPALES INICIADOS: 0,line 45,05.05.2015/09:56:25,OK
INFO peaje.formas.frmPrincipal,line 41,05.05.2015/10:01:21,javax.media.NoPlayerException: Cannot find a Player for :vfw:Microsoft WDM Image Capture (Win32):0
INFO # PUERTOS PRINCIPALES INICIADOS: 0,line 41,05.05.2015/10:01:44,OK
INFO peaje.formas.frmPrincipal,line 41,05.05.2015/10:02:00,javax.media.NoPlayerException: Cannot find a Player for :vfw:Microsoft WDM Image Capture (Win32):0
INFO # PUERTOS PRINCIPALES INICIADOS: 0,line 41,05.05.2015/10:02:59,OK
INFO peaje.formas.frmPrincipal,line 41,05.05.2015/10:05:10,java.lang.NullPointerException
INFO peaje.formas.frmPrincipal,line 41,05.05.2015/10:05:48,javax.media.NoPlayerException: Cannot find a Player for :vfw:Microsoft WDM Image Capture (Win32):0
INFO # PUERTOS PRINCIPALES INICIADOS: 0,line 41,05.05.2015/10:06:13,OK
INFO peaje.formas.frmPrincipal,line 41,05.05.2015/10:08:16,java.lang.NullPointerException
INFO peaje.formas.frmPrincipal,line 41,05.05.2015/10:10:25,javax.media.NoPlayerException: Cannot find a Player for :vfw:Microsoft WDM Image Capture (Win32):0
INFO # PUERTOS PRINCIPALES INICIADOS: 0,line 41,05.05.2015/10:10:45,OK
INFO peaje.formas.frmPrincipal,line 41,05.05.2015/10:13:27,javax.media.NoPlayerException: Cannot find a Player for :vfw:Microsoft WDM Image Capture (Win32):0
INFO # PUERTOS PRINCIPALES INICIADOS: 0,line 41,05.05.2015/10:13:50,OK
INFO peaje.formas.frmPrincipal,line 41,05.05.2015/10:15:24,java.lang.NullPointerException
INFO peaje.formas.frmPrincipal,line 41,05.05.2015/10:16:40,java.lang.NullPointerException
INFO peaje.formas.frmPrincipal,line 41,05.05.2015/10:17:00,java.lang.NullPointerException
INFO peaje.formas.frmPrincipal,line 41,05.05.2015/10:17:25,java.lang.NullPointerException
INFO peaje.formas.frmPrincipal,line 41,05.05.2015/10:18:30,java.lang.NullPointerException
INFO peaje.formas.frmPrincipal,line 41,05.05.2015/10:19:58,javax.media.NoPlayerException: Cannot find a Player for :vfw:Microsoft WDM Image Capture (Win32):0
INFO # PUERTOS PRINCIPALES INICIADOS: 0,line 41,05.05.2015/10:20:19,OK
INFO peaje.formas.frmPrincipal,line 41,05.05.2015/10:20:54,java.lang.NullPointerException
INFO peaje.formas.frmPrincipal,line 41,05.05.2015/10:22:14,javax.media.NoPlayerException: Cannot find a Player for :vfw:Microsoft WDM Image Capture (Win32):0
INFO # PUERTOS PRINCIPALES INICIADOS: 0,line 41,05.05.2015/10:22:18,OK
INFO peaje.formas.frmPrincipal,line 41,05.05.2015/10:27:40,javax.media.NoPlayerException: Cannot find a Player for :vfw:Microsoft WDM Image Capture (Win32):0
INFO # PUERTOS PRINCIPALES INICIADOS: 0,line 41,05.05.2015/10:27:45,OK
INFO peaje.formas.frmPrincipal,line 41,05.05.2015/10:29:08,javax.media.NoPlayerException: Cannot find a Player for :vfw:Microsoft WDM Image Capture (Win32):0
INFO # PUERTOS PRINCIPALES INICIADOS: 0,line 41,05.05.2015/10:29:12,OK
INFO peaje.formas.frmPrincipal,line 41,05.05.2015/10:30:48,javax.media.NoPlayerException: Cannot find a Player for :vfw:Microsoft WDM Image Capture (Win32):0
INFO # PUERTOS PRINCIPALES INICIADOS: 0,line 41,05.05.2015/10:30:52,OK
INFO peaje.formas.frmPrincipal,line 41,05.05.2015/11:58:41,javax.media.NoPlayerException: Cannot find a Player for :vfw:Microsoft WDM Image Capture (Win32):0
INFO # PUERTOS PRINCIPALES INICIADOS: 0,line 41,05.05.2015/11:58:46,OK
INFO peaje.formas.frmPrincipal,line 41,05.05.2015/12:01:40,javax.media.NoPlayerException: Cannot find a Player for :vfw:Microsoft WDM Image Capture (Win32):0
INFO # PUERTOS PRINCIPALES INICIADOS: 0,line 41,05.05.2015/12:01:45,OK
INFO peaje.formas.frmPrincipal,line 41,05.05.2015/12:03:05,javax.media.NoPlayerException: Cannot find a Player for :vfw:Microsoft WDM Image Capture (Win32):0
INFO # PUERTOS PRINCIPALES INICIADOS: 0,line 41,05.05.2015/12:03:10,OK
INFO peaje.formas.frmPrincipal,line 41,05.05.2015/19:25:24,javax.media.NoPlayerException: Cannot find a Player for :vfw:Microsoft WDM Image Capture (Win32):0
INFO # PUERTOS PRINCIPALES INICIADOS: 0,line 41,05.05.2015/19:25:30,OK
INFO peaje.formas.frmPrincipal,line 41,05.05.2015/19:34:12,javax.media.NoPlayerException: Cannot find a Player for :vfw:Microsoft WDM Image Capture (Win32):0
INFO # PUERTOS PRINCIPALES INICIADOS: 0,line 41,05.05.2015/19:34:20,OK
INFO peaje.formas.frmPrincipal,line 41,05.05.2015/19:43:50,javax.media.NoPlayerException: Cannot find a Player for :vfw:Microsoft WDM Image Capture (Win32):0
INFO # PUERTOS PRINCIPALES INICIADOS: 0,line 41,05.05.2015/19:43:55,OK
INFO peaje.formas.frmPrincipal,line 41,05.05.2015/19:47:24,javax.media.NoPlayerException: Cannot find a Player for :vfw:Microsoft WDM Image Capture (Win32):0
INFO # PUERTOS PRINCIPALES INICIADOS: 0,line 41,05.05.2015/19:47:30,OK
INFO peaje.formas.frmPrincipal,line 41,05.05.2015/19:50:08,javax.media.NoPlayerException: Cannot find a Player for :vfw:Microsoft WDM Image Capture (Win32):0
INFO # PUERTOS PRINCIPALES INICIADOS: 0,line 41,05.05.2015/19:50:13,OK
INFO peaje.formas.frmPrincipal,line 41,05.05.2015/19:51:24,javax.media.NoPlayerException: Cannot find a Player for :vfw:Microsoft WDM Image Capture (Win32):0
INFO # PUERTOS PRINCIPALES INICIADOS: 0,line 41,05.05.2015/19:51:30,OK
INFO peaje.formas.frmPrincipal,line 41,05.05.2015/19:54:08,javax.media.NoPlayerException: Cannot find a Player for :vfw:Microsoft WDM Image Capture (Win32):0
INFO # PUERTOS PRINCIPALES INICIADOS: 0,line 41,05.05.2015/19:54:12,OK
INFO peaje.formas.frmPrincipal,line 41,05.05.2015/19:56:26,javax.media.NoPlayerException: Cannot find a Player for :vfw:Microsoft WDM Image Capture (Win32):0
INFO # PUERTOS PRINCIPALES INICIADOS: 0,line 41,05.05.2015/19:56:30,OK
INFO peaje.formas.frmPrincipal,line 41,05.05.2015/19:57:15,javax.media.NoPlayerException: Cannot find a Player for :vfw:Microsoft WDM Image Capture (Win32):0
INFO # PUERTOS PRINCIPALES INICIADOS: 0,line 41,05.05.2015/19:57:20,OK
INFO peaje.formas.frmPrincipal,line 41,05.05.2015/19:58:58,javax.media.NoPlayerException: Cannot find a Player for :vfw:Microsoft WDM Image Capture (Win32):0
INFO # PUERTOS PRINCIPALES INICIADOS: 0,line 41,05.05.2015/19:59:03,OK
INFO peaje.formas.frmPrincipal,line 41,05.05.2015/19:59:42,javax.media.NoPlayerException: Cannot find a Player for :vfw:Microsoft WDM Image Capture (Win32):0
INFO # PUERTOS PRINCIPALES INICIADOS: 0,line 41,05.05.2015/19:59:47,OK
INFO peaje.formas.frmPrincipal,line 41,05.05.2015/20:00:57,javax.media.NoPlayerException: Cannot find a Player for :vfw:Microsoft WDM Image Capture (Win32):0
INFO # PUERTOS PRINCIPALES INICIADOS: 0,line 41,05.05.2015/20:01:02,OK
INFO peaje.formas.frmPrincipal,line 41,05.05.2015/20:04:31,javax.media.NoPlayerException: Cannot find a Player for :vfw:Microsoft WDM Image Capture (Win32):0
INFO # PUERTOS PRINCIPALES INICIADOS: 0,line 41,05.05.2015/20:04:37,OK
INFO peaje.formas.frmPrincipal,line 41,05.05.2015/20:13:29,javax.media.NoPlayerException: Cannot find a Player for :vfw:Microsoft WDM Image Capture (Win32):0
INFO # PUERTOS PRINCIPALES INICIADOS: 0,line 41,05.05.2015/20:13:34,OK
INFO peaje.formas.frmPrincipal,line 41,08.05.2015/11:30:54,javax.media.NoPlayerException: Cannot find a Player for :vfw:Microsoft WDM Image Capture (Win32):0
INFO # PUERTOS PRINCIPALES INICIADOS: 0,line 41,08.05.2015/11:30:58,OK
INFO peaje.formas.frmPrincipal,line 41,08.05.2015/11:32:15,javax.media.NoPlayerException: Cannot find a Player for :vfw:Microsoft WDM Image Capture (Win32):0
INFO # PUERTOS PRINCIPALES INICIADOS: 0,line 41,08.05.2015/11:32:20,OK
INFO peaje.formas.frmPrincipal,line 41,08.05.2015/11:35:53,javax.media.NoPlayerException: Cannot find a Player for :vfw:Microsoft WDM Image Capture (Win32):0
INFO # PUERTOS PRINCIPALES INICIADOS: 0,line 41,08.05.2015/11:35:58,OK
INFO peaje.formas.frmPrincipal,line 41,08.05.2015/14:31:37,javax.media.NoPlayerException: Cannot find a Player for :vfw:Microsoft WDM Image Capture (Win32):0
INFO # PUERTOS PRINCIPALES INICIADOS: 0,line 41,08.05.2015/14:31:42,OK
INFO peaje.formas.frmPrincipal,line 41,11.05.2015/13:37:47,javax.media.NoPlayerException: Cannot find a Player for :vfw:Microsoft WDM Image Capture (Win32):0
INFO # PUERTOS PRINCIPALES INICIADOS: 0,line 41,11.05.2015/13:37:55,OK
INFO peaje.formas.frmPrincipal,line 41,11.05.2015/13:47:11,javax.media.NoPlayerException: Cannot find a Player for :vfw:Microsoft WDM Image Capture (Win32):0
INFO # PUERTOS PRINCIPALES INICIADOS: 0,line 41,11.05.2015/13:47:15,OK
INFO peaje.formas.frmPrincipal,line 41,11.05.2015/17:55:33,javax.media.NoPlayerException: Cannot find a Player for :vfw:Microsoft WDM Image Capture (Win32):0
INFO # PUERTOS PRINCIPALES INICIADOS: 0,line 41,11.05.2015/17:55:39,OK
INFO peaje.formas.frmPrincipal,line 41,11.05.2015/18:10:05,javax.media.NoPlayerException: Cannot find a Player for :vfw:Microsoft WDM Image Capture (Win32):0
INFO # PUERTOS PRINCIPALES INICIADOS: 0,line 41,11.05.2015/18:10:11,OK
INFO peaje.formas.frmPrincipal,line 41,11.05.2015/18:22:55,javax.media.NoPlayerException: Cannot find a Player for :vfw:Microsoft WDM Image Capture (Win32):0
INFO # PUERTOS PRINCIPALES INICIADOS: 0,line 41,11.05.2015/18:23:02,OK
INFO peaje.formas.frmPrincipal,line 41,11.05.2015/18:31:46,javax.media.NoPlayerException: Cannot find a Player for :vfw:Microsoft WDM Image Capture (Win32):0
INFO # PUERTOS PRINCIPALES INICIADOS: 0,line 41,11.05.2015/18:31:50,OK
INFO peaje.formas.frmPrincipal,line 41,11.05.2015/18:36:50,javax.media.NoPlayerException: Cannot find a Player for :vfw:Microsoft WDM Image Capture (Win32):0
INFO # PUERTOS PRINCIPALES INICIADOS: 0,line 41,11.05.2015/18:36:56,OK
INFO peaje.formas.frmPrincipal,line 41,11.05.2015/18:44:15,javax.media.NoPlayerException: Cannot find a Player for :vfw:Microsoft WDM Image Capture (Win32):0
INFO # PUERTOS PRINCIPALES INICIADOS: 0,line 41,11.05.2015/18:44:20,OK
INFO peaje.formas.frmPrincipal,line 41,11.05.2015/18:44:40,javax.media.NoPlayerException: Cannot find a Player for :vfw:Microsoft WDM Image Capture (Win32):0
INFO # PUERTOS PRINCIPALES INICIADOS: 0,line 41,11.05.2015/18:44:45,OK
INFO peaje.formas.frmPrincipal,line 41,11.05.2015/18:54:28,javax.media.NoPlayerException: Cannot find a Player for :vfw:Microsoft WDM Image Capture (Win32):0
INFO # PUERTOS PRINCIPALES INICIADOS: 0,line 41,11.05.2015/18:54:34,OK
INFO peaje.formas.frmPrincipal,line 41,11.05.2015/19:00:20,javax.media.NoPlayerException: Cannot find a Player for :vfw:Microsoft WDM Image Capture (Win32):0
INFO # PUERTOS PRINCIPALES INICIADOS: 0,line 41,11.05.2015/19:00:25,OK
INFO peaje.formas.frmPrincipal,line 41,11.05.2015/19:14:12,javax.media.NoPlayerException: Cannot find a Player for :vfw:Microsoft WDM Image Capture (Win32):0
INFO # PUERTOS PRINCIPALES INICIADOS: 0,line 41,11.05.2015/19:14:17,OK
INFO peaje.formas.frmPrincipal,line 41,11.05.2015/19:16:18,javax.media.NoPlayerException: Cannot find a Player for :vfw:Microsoft WDM Image Capture (Win32):0
INFO # PUERTOS PRINCIPALES INICIADOS: 0,line 41,11.05.2015/19:16:23,OK
INFO peaje.formas.frmPrincipal,line 41,11.05.2015/19:21:54,javax.media.NoPlayerException: Cannot find a Player for :vfw:Microsoft WDM Image Capture (Win32):0
INFO # PUERTOS PRINCIPALES INICIADOS: 0,line 41,11.05.2015/19:21:59,OK
INFO peaje.formas.frmPrincipal,line 41,11.05.2015/19:23:45,javax.media.NoPlayerException: Cannot find a Player for :vfw:Microsoft WDM Image Capture (Win32):0
INFO # PUERTOS PRINCIPALES INICIADOS: 0,line 41,11.05.2015/19:23:50,OK
INFO peaje.formas.frmPrincipal,line 41,11.05.2015/19:24:36,javax.media.NoPlayerException: Cannot find a Player for :vfw:Microsoft WDM Image Capture (Win32):0
INFO # PUERTOS PRINCIPALES INICIADOS: 0,line 41,11.05.2015/19:24:41,OK
INFO peaje.formas.frmPrincipal,line 41,11.05.2015/19:25:24,javax.media.NoPlayerException: Cannot find a Player for :vfw:Microsoft WDM Image Capture (Win32):0
INFO # PUERTOS PRINCIPALES INICIADOS: 0,line 41,11.05.2015/19:25:29,OK
INFO peaje.formas.frmPrincipal,line 41,11.05.2015/19:26:51,javax.media.NoPlayerException: Cannot find a Player for :vfw:Microsoft WDM Image Capture (Win32):0
INFO # PUERTOS PRINCIPALES INICIADOS: 0,line 41,11.05.2015/19:26:56,OK
INFO peaje.formas.frmPrincipal,line 41,11.05.2015/19:27:34,javax.media.NoPlayerException: Cannot find a Player for :vfw:Microsoft WDM Image Capture (Win32):0
INFO # PUERTOS PRINCIPALES INICIADOS: 0,line 41,11.05.2015/19:27:39,OK
INFO peaje.formas.frmPrincipal,line 41,11.05.2015/19:28:38,javax.media.NoPlayerException: Cannot find a Player for :vfw:Microsoft WDM Image Capture (Win32):0
INFO # PUERTOS PRINCIPALES INICIADOS: 0,line 41,11.05.2015/19:28:43,OK
INFO peaje.formas.frmPrincipal,line 41,11.05.2015/19:31:33,javax.media.NoPlayerException: Cannot find a Player for :vfw:Microsoft WDM Image Capture (Win32):0
INFO # PUERTOS PRINCIPALES INICIADOS: 0,line 41,11.05.2015/19:31:40,OK
INFO peaje.formas.frmPrincipal,line 41,11.05.2015/19:34:12,javax.media.NoPlayerException: Cannot find a Player for :vfw:Microsoft WDM Image Capture (Win32):0
INFO # PUERTOS PRINCIPALES INICIADOS: 0,line 41,11.05.2015/19:34:17,OK
INFO peaje.formas.frmPrincipal,line 41,11.05.2015/19:42:49,javax.media.NoPlayerException: Cannot find a Player for :vfw:Microsoft WDM Image Capture (Win32):0
INFO # PUERTOS PRINCIPALES INICIADOS: 0,line 41,11.05.2015/19:42:54,OK
INFO peaje.formas.frmPrincipal,line 41,12.05.2015/16:10:45,javax.media.NoPlayerException: Cannot find a Player for :vfw:Microsoft WDM Image Capture (Win32):0
INFO # PUERTOS PRINCIPALES INICIADOS: 0,line 41,12.05.2015/16:10:49,OK
INFO peaje.formas.frmPrincipal,line 41,12.05.2015/16:11:56,javax.media.NoPlayerException: Cannot find a Player for :vfw:Microsoft WDM Image Capture (Win32):0
INFO LECTORA INGRESO 1: /dev/ttyUSB0,line 41,12.05.2015/16:12:01,OK
INFO # PUERTOS PRINCIPALES INICIADOS: 0,line 41,12.05.2015/16:12:01,OK
INFO peaje.formas.frmPrincipal,line 41,12.05.2015/16:12:46,javax.media.NoPlayerException: Cannot find a Player for :vfw:Microsoft WDM Image Capture (Win32):0
INFO LECTORA SALIDA 1: /dev/ttyUSB0,line 41,12.05.2015/16:12:51,OK
INFO # PUERTOS PRINCIPALES INICIADOS: 0,line 41,12.05.2015/16:12:51,OK
INFO peaje.formas.frmPrincipal,line 41,12.05.2015/16:15:26,javax.media.NoPlayerException: Cannot find a Player for :vfw:Microsoft WDM Image Capture (Win32):0
INFO LECTORA SALIDA 1: /dev/ttyUSB0,line 41,12.05.2015/16:15:31,OK
INFO # PUERTOS PRINCIPALES INICIADOS: 0,line 41,12.05.2015/16:15:31,OK
INFO peaje.formas.frmPrincipal,line 41,12.05.2015/16:16:48,javax.media.NoPlayerException: Cannot find a Player for :vfw:Microsoft WDM Image Capture (Win32):0
INFO LECTORA SALIDA 1: /dev/ttyUSB0,line 41,12.05.2015/16:16:52,OK
INFO # PUERTOS PRINCIPALES INICIADOS: 0,line 41,12.05.2015/16:16:52,OK
INFO peaje.formas.frmPrincipal,line 41,12.05.2015/16:17:38,javax.media.NoPlayerException: Cannot find a Player for :vfw:Microsoft WDM Image Capture (Win32):0
INFO LECTORA SALIDA 1: /dev/ttyUSB0,line 41,12.05.2015/16:17:43,OK
INFO # PUERTOS PRINCIPALES INICIADOS: 0,line 41,12.05.2015/16:17:43,OK
INFO peaje.formas.frmPrincipal,line 41,12.05.2015/16:21:39,javax.media.NoPlayerException: Cannot find a Player for :vfw:Microsoft WDM Image Capture (Win32):0
INFO LECTORA SALIDA 1: /dev/ttyUSB0,line 41,12.05.2015/16:21:44,OK
INFO # PUERTOS PRINCIPALES INICIADOS: 0,line 41,12.05.2015/16:21:44,OK
INFO peaje.formas.frmPrincipal,line 41,12.05.2015/16:23:29,javax.media.NoPlayerException: Cannot find a Player for :vfw:Microsoft WDM Image Capture (Win32):0
INFO LECTORA SALIDA 1: /dev/ttyUSB0,line 41,12.05.2015/16:23:34,OK
INFO # PUERTOS PRINCIPALES INICIADOS: 0,line 41,12.05.2015/16:23:34,OK
INFO peaje.formas.frmPrincipal,line 41,12.05.2015/16:25:19,javax.media.NoPlayerException: Cannot find a Player for :vfw:Microsoft WDM Image Capture (Win32):0
INFO LECTORA SALIDA 1: /dev/ttyUSB0,line 41,12.05.2015/16:25:24,OK
INFO # PUERTOS PRINCIPALES INICIADOS: 0,line 41,12.05.2015/16:25:24,OK
INFO peaje.formas.frmPrincipal,line 41,12.05.2015/16:26:32,javax.media.NoPlayerException: Cannot find a Player for :vfw:Microsoft WDM Image Capture (Win32):0
INFO LECTORA SALIDA 1: /dev/ttyUSB0,line 41,12.05.2015/16:26:37,OK
INFO # PUERTOS PRINCIPALES INICIADOS: 0,line 41,12.05.2015/16:26:37,OK
INFO peaje.formas.frmPrincipal,line 41,12.05.2015/16:34:44,javax.media.NoPlayerException: Cannot find a Player for :vfw:Microsoft WDM Image Capture (Win32):0
INFO LECTORA SALIDA 1: /dev/ttyUSB0,line 41,12.05.2015/16:34:49,OK
INFO # PUERTOS PRINCIPALES INICIADOS: 0,line 41,12.05.2015/16:34:49,OK
INFO peaje.formas.frmPrincipal,line 41,12.05.2015/16:36:12,javax.media.NoPlayerException: Cannot find a Player for :vfw:Microsoft WDM Image Capture (Win32):0
INFO LECTORA SALIDA 1: /dev/ttyUSB0,line 41,12.05.2015/16:36:17,OK
INFO # PUERTOS PRINCIPALES INICIADOS: 0,line 41,12.05.2015/16:36:17,OK
INFO peaje.formas.frmPrincipal,line 41,12.05.2015/16:37:40,javax.media.NoPlayerException: Cannot find a Player for :vfw:Microsoft WDM Image Capture (Win32):0
INFO LECTORA SALIDA 1: /dev/ttyUSB0,line 41,12.05.2015/16:37:45,OK
INFO # PUERTOS PRINCIPALES INICIADOS: 0,line 41,12.05.2015/16:37:45,OK
INFO peaje.formas.frmPrincipal,line 41,12.05.2015/16:40:10,javax.media.NoPlayerException: Cannot find a Player for :vfw:Microsoft WDM Image Capture (Win32):0
INFO LECTORA SALIDA 1: /dev/ttyUSB0,line 41,12.05.2015/16:40:15,OK
INFO # PUERTOS PRINCIPALES INICIADOS: 0,line 41,12.05.2015/16:40:15,OK
INFO peaje.formas.frmPrincipal,line 41,12.05.2015/16:42:18,javax.media.NoPlayerException: Cannot find a Player for :vfw:Microsoft WDM Image Capture (Win32):0
INFO LECTORA SALIDA 1: /dev/ttyUSB0,line 41,12.05.2015/16:42:23,OK
INFO # PUERTOS PRINCIPALES INICIADOS: 0,line 41,12.05.2015/16:42:23,OK
INFO peaje.formas.frmPrincipal,line 41,13.05.2015/10:50:24,javax.media.NoPlayerException: Cannot find a Player for :vfw:Microsoft WDM Image Capture (Win32):0
INFO # PUERTOS PRINCIPALES INICIADOS: 0,line 41,13.05.2015/10:50:30,OK
INFO peaje.formas.frmPrincipal,line 41,13.05.2015/11:18:48,javax.media.NoPlayerException: Cannot find a Player for :vfw:Microsoft WDM Image Capture (Win32):0
INFO # PUERTOS PRINCIPALES INICIADOS: 0,line 41,13.05.2015/11:18:54,OK
INFO peaje.formas.frmPrincipal,line 41,13.05.2015/11:20:14,javax.media.NoPlayerException: Cannot find a Player for :vfw:Microsoft WDM Image Capture (Win32):0
INFO # PUERTOS PRINCIPALES INICIADOS: 0,line 41,13.05.2015/11:20:20,OK
INFO peaje.formas.frmPrincipal,line 41,13.05.2015/11:21:08,javax.media.NoPlayerException: Cannot find a Player for :vfw:Microsoft WDM Image Capture (Win32):0
INFO # PUERTOS PRINCIPALES INICIADOS: 0,line 41,13.05.2015/11:21:16,OK
INFO peaje.formas.frmPrincipal,line 41,13.05.2015/11:37:55,javax.media.NoPlayerException: Cannot find a Player for :vfw:Microsoft WDM Image Capture (Win32):0
INFO # PUERTOS PRINCIPALES INICIADOS: 0,line 41,13.05.2015/11:38:01,OK
INFO peaje.formas.frmPrincipal,line 41,13.05.2015/11:41:54,javax.media.NoPlayerException: Cannot find a Player for :vfw:Microsoft WDM Image Capture (Win32):0
INFO # PUERTOS PRINCIPALES INICIADOS: 0,line 41,13.05.2015/11:42:00,OK
INFO peaje.formas.frmPrincipal,line 41,13.05.2015/11:45:30,javax.media.NoPlayerException: Cannot find a Player for :vfw:Microsoft WDM Image Capture (Win32):0
INFO # PUERTOS PRINCIPALES INICIADOS: 0,line 41,13.05.2015/11:45:37,OK
INFO peaje.formas.frmPrincipal,line 41,13.05.2015/11:51:43,javax.media.NoPlayerException: Cannot find a Player for :vfw:Microsoft WDM Image Capture (Win32):0
INFO # PUERTOS PRINCIPALES INICIADOS: 0,line 41,13.05.2015/11:51:50,OK
INFO peaje.formas.frmPrincipal,line 41,13.05.2015/11:55:17,javax.media.NoPlayerException: Cannot find a Player for :vfw:Microsoft WDM Image Capture (Win32):0
INFO # PUERTOS PRINCIPALES INICIADOS: 0,line 41,13.05.2015/11:55:23,OK
INFO peaje.formas.frmPrincipal,line 41,13.05.2015/12:02:28,javax.media.NoPlayerException: Cannot find a Player for :vfw:Microsoft WDM Image Capture (Win32):0
INFO # PUERTOS PRINCIPALES INICIADOS: 0,line 41,13.05.2015/12:02:34,OK
INFO peaje.formas.frmPrincipal,line 41,13.05.2015/12:03:01,javax.media.NoPlayerException: Cannot find a Player for :vfw:Microsoft WDM Image Capture (Win32):0
INFO # PUERTOS PRINCIPALES INICIADOS: 0,line 41,13.05.2015/12:03:08,OK
INFO peaje.formas.frmPrincipal,line 41,13.05.2015/12:05:52,javax.media.NoPlayerException: Cannot find a Player for :vfw:Microsoft WDM Image Capture (Win32):0
INFO # PUERTOS PRINCIPALES INICIADOS: 0,line 41,13.05.2015/12:05:58,OK
INFO peaje.formas.frmPrincipal,line 41,13.05.2015/12:06:22,java.lang.NullPointerException
INFO peaje.formas.frmPrincipal,line 41,13.05.2015/12:06:24,java.lang.NullPointerException
INFO peaje.formas.frmPrincipal,line 41,13.05.2015/12:06:24,java.lang.NullPointerException
INFO peaje.formas.frmPrincipal,line 41,13.05.2015/12:06:24,java.lang.NullPointerException
INFO peaje.formas.frmPrincipal,line 41,13.05.2015/12:06:25,java.lang.NullPointerException
INFO peaje.formas.frmPrincipal,line 41,13.05.2015/12:06:25,java.lang.NullPointerException
INFO peaje.formas.frmPrincipal,line 41,13.05.2015/12:06:25,java.lang.NullPointerException
INFO peaje.formas.frmPrincipal,line 41,13.05.2015/12:06:38,javax.media.NoPlayerException: Cannot find a Player for :vfw:Microsoft WDM Image Capture (Win32):0
INFO # PUERTOS PRINCIPALES INICIADOS: 0,line 41,13.05.2015/12:06:45,OK
INFO peaje.formas.frmPrincipal,line 41,13.05.2015/12:08:01,javax.media.NoPlayerException: Cannot find a Player for :vfw:Microsoft WDM Image Capture (Win32):0
INFO # PUERTOS PRINCIPALES INICIADOS: 0,line 41,13.05.2015/12:08:07,OK
INFO peaje.formas.frmPrincipal,line 41,13.05.2015/12:10:58,javax.media.NoPlayerException: Cannot find a Player for :vfw:Microsoft WDM Image Capture (Win32):0
INFO # PUERTOS PRINCIPALES INICIADOS: 0,line 41,13.05.2015/12:11:05,OK
INFO peaje.formas.frmPrincipal,line 41,13.05.2015/12:12:09,javax.media.NoPlayerException: Cannot find a Player for :vfw:Microsoft WDM Image Capture (Win32):0
INFO # PUERTOS PRINCIPALES INICIADOS: 0,line 41,13.05.2015/12:12:15,OK
INFO peaje.formas.frmPrincipal,line 41,13.05.2015/14:55:31,javax.media.NoPlayerException: Cannot find a Player for :vfw:Microsoft WDM Image Capture (Win32):0
INFO # PUERTOS PRINCIPALES INICIADOS: 0,line 41,13.05.2015/14:55:39,OK
INFO peaje.formas.frmPrincipal,line 41,13.05.2015/18:02:52,javax.media.NoPlayerException: Cannot find a Player for :vfw:Microsoft WDM Image Capture (Win32):0
INFO peaje.formas.frmPrincipal,line 41,13.05.2015/18:07:25,javax.media.NoPlayerException: Cannot find a Player for :vfw:Microsoft WDM Image Capture (Win32):0
INFO # PUERTOS PRINCIPALES INICIADOS: 0,line 41,13.05.2015/18:07:47,OK
INFO peaje.formas.frmPrincipal,line 41,13.05.2015/18:08:40,javax.media.NoPlayerException: Cannot find a Player for :vfw:Microsoft WDM Image Capture (Win32):0
INFO # PUERTOS PRINCIPALES INICIADOS: 0,line 41,13.05.2015/18:08:57,OK
INFO peaje.formas.frmPrincipal,line 41,13.05.2015/18:09:44,javax.media.NoPlayerException: Cannot find a Player for :vfw:Microsoft WDM Image Capture (Win32):0
INFO # PUERTOS PRINCIPALES INICIADOS: 0,line 41,13.05.2015/18:10:03,OK
INFO peaje.formas.frmPrincipal,line 41,13.05.2015/18:13:37,javax.media.NoPlayerException: Cannot find a Player for :vfw:Microsoft WDM Image Capture (Win32):0
INFO # PUERTOS PRINCIPALES INICIADOS: 0,line 41,13.05.2015/18:14:39,OK
INFO peaje.formas.frmPrincipal,line 41,13.05.2015/22:25:42,javax.media.NoPlayerException: Cannot find a Player for :vfw:Microsoft WDM Image Capture (Win32):0
INFO # PUERTOS PRINCIPALES INICIADOS: 0,line 41,13.05.2015/22:26:03,OK
