INFO # PUERTOS PRINCIPALES INICIADOS: 0,line 41,17.09.2013/16:18:21,OK
INFO PUERTO LECTORA COD.BARRAS ABIERTO: COM3,line 41,17.09.2013/16:19:56,OK
INFO # PUERTOS PRINCIPALES INICIADOS: 1,line 41,17.09.2013/16:19:58,OK
INFO peaje.formas.frmPrincipal,line 41,17.09.2013/16:19:59,java.lang.NullPointerException
INFO PUERTO LECTORA COD.BARRAS ABIERTO: COM3,line 41,17.09.2013/16:21:13,OK
INFO # PUERTOS PRINCIPALES INICIADOS: 1,line 41,17.09.2013/16:21:15,OK
INFO peaje.formas.frmPrincipal,line 41,17.09.2013/16:21:16,java.lang.NullPointerException
INFO PUERTO LECTORA COD.BARRAS ABIERTO: COM3,line 41,17.09.2013/16:22:11,OK
INFO # PUERTOS PRINCIPALES INICIADOS: 1,line 41,17.09.2013/16:22:13,OK
INFO peaje.formas.frmPrincipal,line 41,17.09.2013/16:22:14,java.lang.NullPointerException
INFO # PUERTOS PRINCIPALES INICIADOS: 0,line 41,17.09.2013/16:22:44,OK
INFO peaje.formas.frmPrincipal,line 41,17.09.2013/16:22:45,java.lang.NullPointerException
INFO # PUERTOS PRINCIPALES INICIADOS: 0,line 41,17.09.2013/16:25:53,OK
INFO peaje.formas.frmPrincipal,line 41,17.09.2013/16:25:55,java.lang.NullPointerException
INFO # PUERTOS PRINCIPALES INICIADOS: 0,line 41,17.09.2013/16:28:17,OK
INFO peaje.formas.frmPrincipal,line 41,17.09.2013/16:29:07,java.lang.NullPointerException
INFO # PUERTOS PRINCIPALES INICIADOS: 0,line 41,17.09.2013/16:30:13,OK
INFO peaje.formas.frmPrincipal,line 41,17.09.2013/16:31:28,java.lang.NullPointerException
INFO # PUERTOS PRINCIPALES INICIADOS: 0,line 41,17.09.2013/16:34:56,OK
INFO peaje.formas.frmPrincipal,line 41,17.09.2013/16:35:04,java.lang.NullPointerException
INFO leerTcpIP,line 41,17.09.2013/16:35:19,ERROR EN PING A: 192.168.10.1
INFO leerTcpIP,line 41,17.09.2013/16:35:22,ERROR EN PING A: 192.168.10.1
INFO leerTcpIP,line 41,17.09.2013/16:35:22,ERROR EN PING A: 192.168.10.1
INFO leerTcpIP,line 41,17.09.2013/16:35:23,ERROR EN PING A: 192.168.10.1
INFO leerTcpIP,line 41,17.09.2013/16:35:29,ERROR EN PING A: 192.168.10.1
INFO leerTcpIP,line 41,17.09.2013/16:35:29,ERROR EN PING A: 192.168.10.1
INFO leerTcpIP,line 41,17.09.2013/16:35:30,ERROR EN PING A: 192.168.10.1
INFO leerTcpIP,line 41,17.09.2013/16:35:30,ERROR EN PING A: 192.168.10.1
INFO leerTcpIP,line 41,17.09.2013/16:35:31,ERROR EN PING A: 192.168.10.1
INFO leerTcpIP,line 41,17.09.2013/16:35:37,ERROR EN PING A: 192.168.10.1
INFO leerTcpIP,line 41,17.09.2013/16:35:37,ERROR EN PING A: 192.168.10.1
INFO leerTcpIP,line 41,17.09.2013/16:35:38,ERROR EN PING A: 192.168.10.1
INFO leerTcpIP,line 41,17.09.2013/16:35:38,ERROR EN PING A: 192.168.10.1
INFO leerTcpIP,line 41,17.09.2013/16:35:39,ERROR EN PING A: 192.168.10.1
INFO leerTcpIP,line 41,17.09.2013/16:35:45,ERROR EN PING A: 192.168.10.1
INFO leerTcpIP,line 41,17.09.2013/16:35:45,ERROR EN PING A: 192.168.10.1
INFO PUERTO INTERFAZ PC BARRERA0 - ABIERTO: COM3,line 41,19.09.2013/07:37:08,OK
INFO # PUERTOS PRINCIPALES INICIADOS: 1,line 41,19.09.2013/07:37:10,OK
INFO peaje.formas.frmPrincipal,line 41,19.09.2013/07:37:12,java.lang.NullPointerException
INFO PUERTO INTERFAZ PC BARRERA0 - ABIERTO: COM3,line 41,19.09.2013/07:37:34,OK
INFO # PUERTOS PRINCIPALES INICIADOS: 1,line 41,19.09.2013/07:37:36,OK
INFO PUERTO INTERFAZ PC BARRERA0 - ABIERTO: COM3,line 41,19.09.2013/07:38:24,OK
INFO # PUERTOS PRINCIPALES INICIADOS: 1,line 41,19.09.2013/07:38:26,OK
INFO peaje.formas.frmPrincipal,line 41,19.09.2013/07:38:27,java.lang.NullPointerException
INFO PUERTO INTERFAZ PC BARRERA0 - ABIERTO: COM3,line 41,19.09.2013/07:42:30,OK
INFO # PUERTOS PRINCIPALES INICIADOS: 1,line 41,19.09.2013/07:42:32,OK
INFO peaje.formas.frmPrincipal,line 41,19.09.2013/07:42:33,java.lang.NullPointerException
INFO PUERTO INTERFAZ PC BARRERA0 - ABIERTO: COM3,line 41,19.09.2013/07:45:20,OK
INFO # PUERTOS PRINCIPALES INICIADOS: 1,line 41,19.09.2013/07:45:22,OK
INFO peaje.formas.frmPrincipal,line 41,19.09.2013/07:45:23,java.lang.NullPointerException
INFO PUERTO INTERFAZ PC BARRERA0 - ABIERTO: COM3,line 41,19.09.2013/08:01:02,OK
INFO # PUERTOS PRINCIPALES INICIADOS: 1,line 41,19.09.2013/08:01:04,OK
INFO peaje.formas.frmPrincipal,line 41,19.09.2013/08:01:05,java.lang.NullPointerException
INFO PUERTO INTERFAZ PC BARRERA0 - ABIERTO: COM3,line 41,19.09.2013/08:01:49,OK
INFO # PUERTOS PRINCIPALES INICIADOS: 1,line 41,19.09.2013/08:01:51,OK
INFO PUERTO INTERFAZ PC BARRERA0 - ABIERTO: COM3,line 41,19.09.2013/08:02:33,OK
INFO # PUERTOS PRINCIPALES INICIADOS: 1,line 41,19.09.2013/08:02:35,OK
INFO PUERTO INTERFAZ PC BARRERA0 - ABIERTO: COM3,line 41,19.09.2013/08:03:57,OK
INFO # PUERTOS PRINCIPALES INICIADOS: 1,line 41,19.09.2013/08:03:59,OK
INFO peaje.formas.frmPrincipal,line 41,19.09.2013/08:04:00,java.lang.NullPointerException
INFO PUERTO INTERFAZ PC BARRERA0 - ABIERTO: COM3,line 41,19.09.2013/08:04:36,OK
INFO # PUERTOS PRINCIPALES INICIADOS: 1,line 41,19.09.2013/08:04:38,OK
INFO peaje.formas.frmPrincipal,line 41,19.09.2013/08:06:35,java.lang.NullPointerException
INFO PUERTO INTERFAZ PC BARRERA0 - ABIERTO: COM3,line 41,19.09.2013/08:20:19,OK
INFO # PUERTOS PRINCIPALES INICIADOS: 1,line 41,19.09.2013/08:20:21,OK
INFO peaje.formas.frmPrincipal,line 41,19.09.2013/08:20:22,java.lang.NullPointerException
INFO PUERTO INTERFAZ PC BARRERA0 - ABIERTO: COM3,line 41,19.09.2013/08:22:16,OK
INFO # PUERTOS PRINCIPALES INICIADOS: 1,line 41,19.09.2013/08:22:18,OK
INFO peaje.formas.frmPrincipal,line 41,19.09.2013/08:22:19,java.lang.NullPointerException
INFO PUERTO INTERFAZ PC BARRERA0 - ABIERTO: COM3,line 41,19.09.2013/08:26:41,OK
INFO # PUERTOS PRINCIPALES INICIADOS: 1,line 41,19.09.2013/08:26:43,OK
INFO peaje.formas.frmPrincipal,line 41,19.09.2013/08:26:44,java.lang.NullPointerException
INFO PUERTO INTERFAZ PC BARRERA0 - ABIERTO: COM3,line 41,19.09.2013/08:38:56,OK
INFO # PUERTOS PRINCIPALES INICIADOS: 1,line 41,19.09.2013/08:38:58,OK
INFO peaje.formas.frmPrincipal,line 41,19.09.2013/08:38:59,java.lang.NullPointerException
INFO peaje.formas.frmTicket,line 41,19.09.2013/08:42:00,net.sf.jasperreports.engine.JRException: java.awt.print.PrinterException: Se ha eliminado la impresora especificada.

INFO peaje.formas.frmTicket,line 41,19.09.2013/08:42:05,image == null!
INFO PUERTO INTERFAZ PC BARRERA0 - ABIERTO: COM3,line 41,19.09.2013/09:18:16,OK
INFO # PUERTOS PRINCIPALES INICIADOS: 1,line 41,19.09.2013/09:18:16,OK
INFO peaje.formas.frmPrincipal,line 41,19.09.2013/09:18:17,java.lang.NullPointerException
INFO PUERTO INTERFAZ PC BARRERA0 - ABIERTO: COM3,line 41,19.09.2013/09:22:06,OK
INFO # PUERTOS PRINCIPALES INICIADOS: 1,line 41,19.09.2013/09:22:06,OK
INFO peaje.formas.frmPrincipal,line 41,19.09.2013/09:22:07,java.lang.NullPointerException
INFO PUERTO INTERFAZ PC BARRERA0 - ABIERTO: COM3,line 41,19.09.2013/14:07:30,OK
INFO # PUERTOS PRINCIPALES INICIADOS: 1,line 41,19.09.2013/14:07:30,OK
INFO peaje.formas.frmPrincipal,line 41,19.09.2013/14:07:31,java.lang.NullPointerException
INFO PUERTO INTERFAZ PC BARRERA0 - ABIERTO: COM3,line 41,19.09.2013/14:09:56,OK
INFO # PUERTOS PRINCIPALES INICIADOS: 1,line 41,19.09.2013/14:09:56,OK
INFO peaje.formas.frmPrincipal,line 41,19.09.2013/14:09:57,java.lang.NullPointerException
INFO PUERTO INTERFAZ PC BARRERA0 - ABIERTO: COM3,line 41,19.09.2013/14:10:44,OK
INFO # PUERTOS PRINCIPALES INICIADOS: 1,line 41,19.09.2013/14:10:44,OK
INFO peaje.formas.frmPrincipal,line 41,19.09.2013/14:10:45,java.lang.NullPointerException
INFO peaje.formas.frmPrincipal,line 41,26.09.2013/17:10:42,javax.media.NoPlayerException: Cannot find a Player for :vfw:Microsoft WDM Image Capture (Win32):0
INFO PUERTO INTERFAZ PC BARRERA0 - ABIERTO: COM3,line 41,26.09.2013/17:11:17,OK
INFO # PUERTOS PRINCIPALES INICIADOS: 1,line 41,26.09.2013/17:11:17,OK
INFO peaje.formas.frmPrincipal,line 41,26.09.2013/17:11:17,java.lang.NullPointerException
INFO peaje.formas.frmPrincipal,line 41,26.09.2013/17:12:13,javax.media.NoPlayerException: Cannot find a Player for :vfw:Microsoft WDM Image Capture (Win32):0
INFO PUERTO INTERFAZ PC BARRERA0 - ABIERTO: COM3,line 41,26.09.2013/17:12:22,OK
INFO # PUERTOS PRINCIPALES INICIADOS: 1,line 41,26.09.2013/17:12:22,OK
INFO peaje.formas.frmPrincipal,line 41,26.09.2013/17:12:22,java.lang.NullPointerException
INFO peaje.formas.frmPrincipal,line 41,26.09.2013/17:13:11,javax.media.NoPlayerException: Cannot find a Player for :vfw:Microsoft WDM Image Capture (Win32):0
INFO PUERTO INTERFAZ PC BARRERA0 - ABIERTO: COM3,line 41,26.09.2013/17:13:17,OK
INFO # PUERTOS PRINCIPALES INICIADOS: 1,line 41,26.09.2013/17:13:17,OK
INFO peaje.formas.frmPrincipal,line 41,26.09.2013/17:13:18,java.lang.NullPointerException
INFO peaje.formas.frmPrincipal,line 41,26.09.2013/17:14:31,javax.media.NoPlayerException: Cannot find a Player for :vfw:Microsoft WDM Image Capture (Win32):0
INFO PUERTO INTERFAZ PC BARRERA0 - ABIERTO: COM3,line 41,26.09.2013/17:14:37,OK
INFO # PUERTOS PRINCIPALES INICIADOS: 1,line 41,26.09.2013/17:14:37,OK
INFO peaje.formas.frmPrincipal,line 41,26.09.2013/17:14:37,java.lang.NullPointerException
INFO peaje.formas.frmPrincipal,line 41,26.09.2013/17:15:00,javax.media.NoPlayerException: Cannot find a Player for :vfw:Microsoft WDM Image Capture (Win32):0
INFO PUERTO INTERFAZ PC BARRERA0 - ABIERTO: COM3,line 41,26.09.2013/17:15:07,OK
INFO # PUERTOS PRINCIPALES INICIADOS: 1,line 41,26.09.2013/17:15:07,OK
INFO peaje.formas.frmPrincipal,line 41,26.09.2013/17:15:07,java.lang.NullPointerException
INFO peaje.formas.frmPrincipal,line 41,26.09.2013/17:15:32,javax.media.NoPlayerException: Cannot find a Player for :vfw:Microsoft WDM Image Capture (Win32):0
INFO PUERTO INTERFAZ PC BARRERA0 - ABIERTO: COM4,line 41,26.09.2013/17:15:38,OK
INFO # PUERTOS PRINCIPALES INICIADOS: 1,line 41,26.09.2013/17:15:38,OK
INFO peaje.formas.frmPrincipal,line 41,26.09.2013/17:15:39,java.lang.NullPointerException
INFO peaje.formas.frmPrincipal,line 41,26.09.2013/17:49:28,javax.media.NoPlayerException: Cannot find a Player for :vfw:Microsoft WDM Image Capture (Win32):0
INFO PUERTO INTERFAZ PC BARRERA0 - ABIERTO: COM4,line 41,26.09.2013/17:49:39,OK
INFO # PUERTOS PRINCIPALES INICIADOS: 1,line 41,26.09.2013/17:49:39,OK
INFO peaje.formas.frmPrincipal,line 41,26.09.2013/17:49:39,java.lang.NullPointerException
