INFO PUERTO INTERFAZ PC BARRERA0 - ABIERTO: COM3,line 41,12.10.2011/15:25:34,OK
INFO # PUERTOS PRINCIPALES INICIADOS: 1,line 41,12.10.2011/15:25:34,OK
INFO PUERTO INTERFAZ PC BARRERA0 - ABIERTO: COM3,line 41,12.10.2011/15:27:58,OK
INFO # PUERTOS PRINCIPALES INICIADOS: 1,line 41,12.10.2011/15:27:58,OK
INFO PUERTO INTERFAZ PC BARRERA0 - ABIERTO: COM3,line 41,12.10.2011/15:31:09,OK
INFO # PUERTOS PRINCIPALES INICIADOS: 1,line 41,12.10.2011/15:31:09,OK
INFO peaje.formas.frmPrincipal,line 41,12.10.2011/15:40:41,javax.media.NoPlayerException: Error instantiating class: com.sun.media.protocol.vfw.DataSource : java.io.IOException: Could not connect to capture device
INFO PUERTO INTERFAZ PC BARRERA0 - ABIERTO: COM3,line 41,12.10.2011/15:40:49,OK
INFO # PUERTOS PRINCIPALES INICIADOS: 1,line 41,12.10.2011/15:40:49,OK
INFO PUERTO INTERFAZ PC BARRERA0 - ABIERTO: COM3,line 41,12.10.2011/15:43:15,OK
INFO NO SE ABRIÓ: PUERTO LETRERO-LEDS ABIERTO: COM3,line 41,12.10.2011/15:43:15,ERROR
INFO NO SE ABRIÓ: PUERTO LETRERO-LEDS ABIERTO: COM3,line 41,12.10.2011/15:43:17,ERROR
INFO # PUERTOS PRINCIPALES INICIADOS: 1,line 41,12.10.2011/15:43:19,OK
INFO PUERTO INTERFAZ PC BARRERA0 - ABIERTO: COM3,line 41,12.10.2011/15:46:54,OK
INFO NO SE ABRIÓ: PUERTO LETRERO-LEDS ABIERTO: COM3,line 41,12.10.2011/15:46:54,ERROR
INFO NO SE ABRIÓ: PUERTO LETRERO-LEDS ABIERTO: COM3,line 41,12.10.2011/15:46:56,ERROR
INFO # PUERTOS PRINCIPALES INICIADOS: 1,line 41,12.10.2011/15:46:58,OK
INFO peaje.formas.frmPrincipal,line 41,12.10.2011/15:52:27,javax.media.NoPlayerException: Error instantiating class: com.sun.media.protocol.vfw.DataSource : java.io.IOException: Could not connect to capture device
INFO PUERTO INTERFAZ PC BARRERA0 - ABIERTO: COM3,line 41,12.10.2011/15:52:35,OK
INFO NO SE ABRIÓ: PUERTO LETRERO-LEDS ABIERTO: COM3,line 41,12.10.2011/15:52:35,ERROR
INFO NO SE ABRIÓ: PUERTO LETRERO-LEDS ABIERTO: COM3,line 41,12.10.2011/15:52:37,ERROR
INFO # PUERTOS PRINCIPALES INICIADOS: 1,line 41,12.10.2011/15:52:39,OK
INFO PUERTO INTERFAZ PC BARRERA0 - ABIERTO: COM3,line 41,12.10.2011/15:55:13,OK
INFO NO SE ABRIÓ: PUERTO LETRERO-LEDS ABIERTO: COM3,line 41,12.10.2011/15:55:13,ERROR
INFO NO SE ABRIÓ: PUERTO LETRERO-LEDS ABIERTO: COM3,line 41,12.10.2011/15:55:15,ERROR
INFO # PUERTOS PRINCIPALES INICIADOS: 1,line 41,12.10.2011/15:55:17,OK
INFO PUERTO INTERFAZ PC BARRERA0 - ABIERTO: COM3,line 41,12.10.2011/15:57:27,OK
INFO NO SE ABRIÓ: PUERTO LETRERO-LEDS ABIERTO: COM3,line 41,12.10.2011/15:57:28,ERROR
INFO NO SE ABRIÓ: PUERTO LETRERO-LEDS ABIERTO: COM3,line 41,12.10.2011/15:57:30,ERROR
INFO # PUERTOS PRINCIPALES INICIADOS: 1,line 41,12.10.2011/15:57:32,OK
INFO PUERTO INTERFAZ PC BARRERA0 - ABIERTO: COM3,line 41,12.10.2011/19:48:29,OK
INFO NO SE ABRIÓ: PUERTO LETRERO-LEDS ABIERTO: COM3,line 41,12.10.2011/19:48:29,ERROR
INFO NO SE ABRIÓ: PUERTO LETRERO-LEDS ABIERTO: COM3,line 41,12.10.2011/19:48:31,ERROR
INFO # PUERTOS PRINCIPALES INICIADOS: 1,line 41,12.10.2011/19:48:33,OK
INFO peaje.formas.frmPrincipal,line 41,12.10.2011/19:48:50,java.lang.ArithmeticException: Rounding necessary
INFO PUERTO INTERFAZ PC BARRERA0 - ABIERTO: COM3,line 41,12.10.2011/19:54:56,OK
INFO NO SE ABRIÓ: PUERTO LETRERO-LEDS ABIERTO: COM3,line 41,12.10.2011/19:54:56,ERROR
INFO NO SE ABRIÓ: PUERTO LETRERO-LEDS ABIERTO: COM3,line 41,12.10.2011/19:54:58,ERROR
INFO # PUERTOS PRINCIPALES INICIADOS: 1,line 41,12.10.2011/19:55:00,OK
INFO PUERTO INTERFAZ PC BARRERA0 - ABIERTO: COM3,line 41,12.10.2011/21:39:57,OK
INFO NO SE ABRIÓ: PUERTO LETRERO-LEDS ABIERTO: COM3,line 41,12.10.2011/21:39:57,ERROR
INFO NO SE ABRIÓ: PUERTO LETRERO-LEDS ABIERTO: COM3,line 41,12.10.2011/21:39:59,ERROR
INFO # PUERTOS PRINCIPALES INICIADOS: 1,line 41,12.10.2011/21:40:01,OK
INFO PUERTO INTERFAZ PC BARRERA0 - ABIERTO: COM3,line 41,12.10.2011/21:57:48,OK
INFO NO SE ABRIÓ: PUERTO LETRERO-LEDS ABIERTO: COM3,line 41,12.10.2011/21:57:49,ERROR
INFO NO SE ABRIÓ: PUERTO LETRERO-LEDS ABIERTO: COM3,line 41,12.10.2011/21:57:51,ERROR
INFO # PUERTOS PRINCIPALES INICIADOS: 1,line 41,12.10.2011/21:57:53,OK
INFO PUERTO INTERFAZ PC BARRERA0 - ABIERTO: COM3,line 41,12.10.2011/22:02:16,OK
INFO NO SE ABRIÓ: PUERTO LETRERO-LEDS ABIERTO: COM3,line 41,12.10.2011/22:02:16,ERROR
INFO NO SE ABRIÓ: PUERTO LETRERO-LEDS ABIERTO: COM3,line 41,12.10.2011/22:02:18,ERROR
INFO # PUERTOS PRINCIPALES INICIADOS: 1,line 41,12.10.2011/22:02:20,OK
INFO peaje.formas.frmPrincipal,line 41,12.10.2011/22:04:46,java.lang.ArithmeticException: Rounding necessary
INFO PUERTO INTERFAZ PC BARRERA0 - ABIERTO: COM3,line 41,12.10.2011/22:06:01,OK
INFO NO SE ABRIÓ: PUERTO LETRERO-LEDS ABIERTO: COM3,line 41,12.10.2011/22:06:01,ERROR
INFO NO SE ABRIÓ: PUERTO LETRERO-LEDS ABIERTO: COM3,line 41,12.10.2011/22:06:03,ERROR
INFO # PUERTOS PRINCIPALES INICIADOS: 1,line 41,12.10.2011/22:06:05,OK
INFO peaje.formas.frmPrincipal,line 41,12.10.2011/22:06:22,java.lang.ArithmeticException: Rounding necessary
INFO peaje.formas.frmPrincipal,line 41,12.10.2011/22:07:59,java.lang.ArithmeticException: Rounding necessary
INFO PUERTO INTERFAZ PC BARRERA0 - ABIERTO: COM3,line 41,12.10.2011/22:15:04,OK
INFO NO SE ABRIÓ: PUERTO LETRERO-LEDS ABIERTO: COM3,line 41,12.10.2011/22:15:04,ERROR
INFO NO SE ABRIÓ: PUERTO LETRERO-LEDS ABIERTO: COM3,line 41,12.10.2011/22:15:06,ERROR
INFO # PUERTOS PRINCIPALES INICIADOS: 1,line 41,12.10.2011/22:15:08,OK
INFO peaje.formas.frmPrincipal,line 41,12.10.2011/22:18:23,java.lang.ArithmeticException: Rounding necessary
INFO PUERTO INTERFAZ PC BARRERA0 - ABIERTO: COM3,line 41,12.10.2011/22:20:36,OK
INFO NO SE ABRIÓ: PUERTO LETRERO-LEDS ABIERTO: COM3,line 41,12.10.2011/22:20:36,ERROR
INFO NO SE ABRIÓ: PUERTO LETRERO-LEDS ABIERTO: COM3,line 41,12.10.2011/22:20:38,ERROR
INFO # PUERTOS PRINCIPALES INICIADOS: 1,line 41,12.10.2011/22:20:40,OK
INFO peaje.formas.frmPrincipal,line 41,12.10.2011/22:29:46,javax.media.NoPlayerException: Error instantiating class: com.sun.media.protocol.vfw.DataSource : java.io.IOException: Could not connect to capture device
INFO PUERTO INTERFAZ PC BARRERA0 - ABIERTO: COM3,line 41,12.10.2011/22:29:56,OK
INFO NO SE ABRIÓ: PUERTO LETRERO-LEDS ABIERTO: COM3,line 41,12.10.2011/22:29:56,ERROR
INFO NO SE ABRIÓ: PUERTO LETRERO-LEDS ABIERTO: COM3,line 41,12.10.2011/22:29:58,ERROR
INFO # PUERTOS PRINCIPALES INICIADOS: 1,line 41,12.10.2011/22:30:00,OK
INFO NO SE ABRIÓ: INTERFAZ PC BARRERA0 - ABIERTO: COM3,line 41,12.10.2011/22:30:33,ERROR
INFO NO SE ABRIÓ: PUERTO LETRERO-LEDS ABIERTO: COM3,line 41,12.10.2011/22:30:33,ERROR
INFO NO SE ABRIÓ: INTERFAZ PC BARRERA0 - ABIERTO: COM3,line 41,12.10.2011/22:30:35,ERROR
INFO NO SE ABRIÓ: PUERTO LETRERO-LEDS ABIERTO: COM3,line 41,12.10.2011/22:30:37,ERROR
INFO PUERTO INTERFAZ PC BARRERA0 - ABIERTO: COM3,line 41,12.10.2011/22:30:51,OK
INFO NO SE ABRIÓ: PUERTO LETRERO-LEDS ABIERTO: COM3,line 41,12.10.2011/22:30:51,ERROR
INFO NO SE ABRIÓ: PUERTO LETRERO-LEDS ABIERTO: COM3,line 41,12.10.2011/22:30:53,ERROR
INFO # PUERTOS PRINCIPALES INICIADOS: 1,line 41,12.10.2011/22:30:55,OK
INFO peaje.formas.frmTicket,line 41,12.10.2011/22:31:00,java.lang.ArrayIndexOutOfBoundsException: 0
INFO PUERTO INTERFAZ PC BARRERA0 - ABIERTO: COM3,line 41,12.10.2011/22:44:54,OK
INFO NO SE ABRIÓ: PUERTO LETRERO-LEDS ABIERTO: COM3,line 41,12.10.2011/22:44:54,ERROR
INFO NO SE ABRIÓ: PUERTO LETRERO-LEDS ABIERTO: COM3,line 41,12.10.2011/22:44:56,ERROR
INFO # PUERTOS PRINCIPALES INICIADOS: 1,line 41,12.10.2011/22:44:58,OK
INFO peaje.formas.frmPrincipal,line 41,12.10.2011/22:52:08,javax.media.NoPlayerException: Error instantiating class: com.sun.media.protocol.vfw.DataSource : java.io.IOException: Could not connect to capture device
INFO PUERTO INTERFAZ PC BARRERA0 - ABIERTO: COM3,line 41,12.10.2011/22:52:18,OK
INFO NO SE ABRIÓ: PUERTO LETRERO-LEDS ABIERTO: COM3,line 41,12.10.2011/22:52:18,ERROR
INFO NO SE ABRIÓ: PUERTO LETRERO-LEDS ABIERTO: COM3,line 41,12.10.2011/22:52:20,ERROR
INFO # PUERTOS PRINCIPALES INICIADOS: 1,line 41,12.10.2011/22:52:22,OK
INFO PUERTO INTERFAZ PC BARRERA0 - ABIERTO: COM3,line 41,12.10.2011/22:53:59,OK
INFO NO SE ABRIÓ: PUERTO LETRERO-LEDS ABIERTO: COM3,line 41,12.10.2011/22:53:59,ERROR
INFO NO SE ABRIÓ: PUERTO LETRERO-LEDS ABIERTO: COM3,line 41,12.10.2011/22:54:01,ERROR
INFO # PUERTOS PRINCIPALES INICIADOS: 1,line 41,12.10.2011/22:54:03,OK
INFO PUERTO INTERFAZ PC BARRERA0 - ABIERTO: COM3,line 41,12.10.2011/22:58:19,OK
INFO NO SE ABRIÓ: PUERTO LETRERO-LEDS ABIERTO: COM3,line 41,12.10.2011/22:58:19,ERROR
INFO NO SE ABRIÓ: PUERTO LETRERO-LEDS ABIERTO: COM3,line 41,12.10.2011/22:58:21,ERROR
INFO # PUERTOS PRINCIPALES INICIADOS: 1,line 41,12.10.2011/22:58:23,OK
INFO peaje.formas.frmPrincipal,line 41,12.10.2011/23:01:50,javax.media.NoPlayerException: Error instantiating class: com.sun.media.protocol.vfw.DataSource : java.io.IOException: Could not connect to capture device
INFO PUERTO INTERFAZ PC BARRERA0 - ABIERTO: COM3,line 41,12.10.2011/23:02:07,OK
INFO NO SE ABRIÓ: PUERTO LETRERO-LEDS ABIERTO: COM3,line 41,12.10.2011/23:02:07,ERROR
INFO NO SE ABRIÓ: PUERTO LETRERO-LEDS ABIERTO: COM3,line 41,12.10.2011/23:02:09,ERROR
INFO PUERTO INTERFAZ PC BARRERA0 - ABIERTO: COM3,line 41,12.10.2011/23:02:52,OK
INFO NO SE ABRIÓ: PUERTO LETRERO-LEDS ABIERTO: COM3,line 41,12.10.2011/23:02:52,ERROR
INFO NO SE ABRIÓ: PUERTO LETRERO-LEDS ABIERTO: COM3,line 41,12.10.2011/23:02:54,ERROR
INFO # PUERTOS PRINCIPALES INICIADOS: 1,line 41,12.10.2011/23:02:56,OK
INFO peaje.formas.frmTicket,line 41,12.10.2011/23:04:34,java.lang.ArrayIndexOutOfBoundsException: 0
INFO peaje.formas.frmTicket,line 41,12.10.2011/23:06:22,java.lang.ArrayIndexOutOfBoundsException: 0
INFO peaje.formas.frmPrincipal,line 41,12.10.2011/23:10:01,javax.media.NoPlayerException: Error instantiating class: com.sun.media.protocol.vfw.DataSource : java.io.IOException: Could not connect to capture device
INFO PUERTO INTERFAZ PC BARRERA0 - ABIERTO: COM3,line 41,12.10.2011/23:10:11,OK
INFO NO SE ABRIÓ: PUERTO LETRERO-LEDS ABIERTO: COM3,line 41,12.10.2011/23:10:11,ERROR
INFO NO SE ABRIÓ: PUERTO LETRERO-LEDS ABIERTO: COM3,line 41,12.10.2011/23:10:13,ERROR
INFO # PUERTOS PRINCIPALES INICIADOS: 1,line 41,12.10.2011/23:10:15,OK
INFO PUERTO INTERFAZ PC BARRERA0 - ABIERTO: COM3,line 41,12.10.2011/23:16:27,OK
INFO NO SE ABRIÓ: PUERTO LETRERO-LEDS ABIERTO: COM3,line 41,12.10.2011/23:16:27,ERROR
INFO NO SE ABRIÓ: PUERTO LETRERO-LEDS ABIERTO: COM3,line 41,12.10.2011/23:16:29,ERROR
INFO # PUERTOS PRINCIPALES INICIADOS: 1,line 41,12.10.2011/23:16:31,OK
INFO peaje.formas.frmPrincipal,line 41,12.10.2011/23:20:49,javax.media.NoPlayerException: Error instantiating class: com.sun.media.protocol.vfw.DataSource : java.io.IOException: Could not connect to capture device
INFO PUERTO INTERFAZ PC BARRERA0 - ABIERTO: COM3,line 41,12.10.2011/23:20:58,OK
INFO NO SE ABRIÓ: PUERTO LETRERO-LEDS ABIERTO: COM3,line 41,12.10.2011/23:20:58,ERROR
INFO NO SE ABRIÓ: PUERTO LETRERO-LEDS ABIERTO: COM3,line 41,12.10.2011/23:21:00,ERROR
INFO # PUERTOS PRINCIPALES INICIADOS: 1,line 41,12.10.2011/23:21:02,OK
