INFO peaje.formas.frmPrincipal,line 41,06.01.2015/12:14:49,javax.media.NoPlayerException: Cannot find a Player for :vfw:Microsoft WDM Image Capture (Win32):0
INFO # PUERTOS PRINCIPALES INICIADOS: 0,line 41,06.01.2015/12:15:01,OK
INFO peaje.formas.frmPrincipal,line 41,06.01.2015/12:58:46,javax.media.NoPlayerException: Cannot find a Player for :vfw:Microsoft WDM Image Capture (Win32):0
INFO # PUERTOS PRINCIPALES INICIADOS: 0,line 41,06.01.2015/12:58:50,OK
INFO peaje.formas.frmPrincipal,line 41,06.01.2015/12:59:21,javax.media.NoPlayerException: Cannot find a Player for :vfw:Microsoft WDM Image Capture (Win32):0
INFO PUERTO INTERFAZ PC BARRERA0 - ABIERTO: COM5,line 41,06.01.2015/12:59:25,OK
INFO # PUERTOS PRINCIPALES INICIADOS: 1,line 41,06.01.2015/12:59:25,OK
INFO peaje.formas.frmPrincipal,line 41,06.01.2015/13:00:16,javax.media.NoPlayerException: Cannot find a Player for :vfw:Microsoft WDM Image Capture (Win32):0
INFO PUERTO INTERFAZ PC BARRERA0 - ABIERTO: COM5,line 41,06.01.2015/13:00:21,OK
INFO # PUERTOS PRINCIPALES INICIADOS: 1,line 41,06.01.2015/13:00:21,OK
INFO peaje.formas.frmPrincipal,line 41,06.01.2015/13:01:09,javax.media.NoPlayerException: Cannot find a Player for :vfw:Microsoft WDM Image Capture (Win32):0
INFO PUERTO INTERFAZ PC BARRERA0 - ABIERTO: COM5,line 41,06.01.2015/13:01:16,OK
INFO # PUERTOS PRINCIPALES INICIADOS: 1,line 41,06.01.2015/13:01:16,OK
INFO peaje.formas.frmPrincipal,line 41,06.01.2015/13:25:28,javax.media.NoPlayerException: Cannot find a Player for :vfw:Microsoft WDM Image Capture (Win32):0
INFO PUERTO INTERFAZ PC BARRERA0 - ABIERTO: COM5,line 41,06.01.2015/13:25:34,OK
INFO # PUERTOS PRINCIPALES INICIADOS: 1,line 41,06.01.2015/13:25:34,OK
INFO peaje.formas.frmPrincipal,line 41,06.01.2015/13:26:16,javax.media.NoPlayerException: Cannot find a Player for :vfw:Microsoft WDM Image Capture (Win32):0
INFO PUERTO INTERFAZ PC BARRERA0 - ABIERTO: COM5,line 41,06.01.2015/13:26:22,OK
INFO # PUERTOS PRINCIPALES INICIADOS: 1,line 41,06.01.2015/13:26:22,OK
INFO peaje.formas.frmPrincipal,line 41,06.01.2015/13:28:20,javax.media.NoPlayerException: Cannot find a Player for :vfw:Microsoft WDM Image Capture (Win32):0
INFO PUERTO INTERFAZ PC BARRERA0 - ABIERTO: COM5,line 41,06.01.2015/13:28:25,OK
INFO # PUERTOS PRINCIPALES INICIADOS: 1,line 41,06.01.2015/13:28:25,OK
INFO peaje.formas.frmPrincipal,line 41,18.01.2015/21:58:15,javax.media.NoPlayerException: Cannot find a Player for :vfw:Microsoft WDM Image Capture (Win32):0
INFO # PUERTOS PRINCIPALES INICIADOS: 0,line 41,18.01.2015/21:58:47,OK
INFO peaje.formas.frmPrincipal,line 41,18.01.2015/22:08:52,javax.media.NoPlayerException: Cannot find a Player for :vfw:Microsoft WDM Image Capture (Win32):0
INFO ABIERTO: COM7,line 41,18.01.2015/22:09:28,OK
INFO # PUERTOS PRINCIPALES INICIADOS: 0,line 41,18.01.2015/22:09:28,OK
INFO peaje.formas.frmPrincipal,line 41,18.01.2015/22:10:58,java.lang.ClassCastException: org.joda.time.DateTime cannot be cast to org.joda.time.ReadablePartial
INFO peaje.formas.frmPrincipal,line 41,18.01.2015/22:12:33,java.lang.ClassCastException: org.joda.time.DateTime cannot be cast to org.joda.time.ReadablePartial
INFO peaje.formas.frmPrincipal,line 41,18.01.2015/22:12:50,javax.media.NoPlayerException: Cannot find a Player for :vfw:Microsoft WDM Image Capture (Win32):0
INFO ABIERTO: COM7,line 41,18.01.2015/22:13:18,OK
INFO # PUERTOS PRINCIPALES INICIADOS: 0,line 41,18.01.2015/22:13:18,OK
INFO peaje.formas.frmPrincipal,line 41,18.01.2015/22:26:24,javax.media.NoPlayerException: Cannot find a Player for :vfw:Microsoft WDM Image Capture (Win32):0
INFO ABIERTO: COM7,line 41,18.01.2015/22:26:51,OK
INFO # PUERTOS PRINCIPALES INICIADOS: 0,line 41,18.01.2015/22:26:51,OK
INFO peaje.formas.frmPrincipal,line 41,18.01.2015/22:32:48,javax.media.NoPlayerException: Cannot find a Player for :vfw:Microsoft WDM Image Capture (Win32):0
INFO ABIERTO: COM7,line 41,18.01.2015/22:33:14,OK
INFO # PUERTOS PRINCIPALES INICIADOS: 0,line 41,18.01.2015/22:33:14,OK
INFO peaje.formas.frmPrincipal,line 41,18.01.2015/22:35:05,javax.media.NoPlayerException: Cannot find a Player for :vfw:Microsoft WDM Image Capture (Win32):0
INFO ABIERTO: COM7,line 41,18.01.2015/22:35:46,OK
INFO # PUERTOS PRINCIPALES INICIADOS: 0,line 41,18.01.2015/22:35:46,OK
INFO peaje.formas.frmPrincipal,line 41,18.01.2015/22:36:30,javax.media.NoPlayerException: Cannot find a Player for :vfw:Microsoft WDM Image Capture (Win32):0
INFO ABIERTO: COM7,line 41,18.01.2015/22:37:03,OK
INFO # PUERTOS PRINCIPALES INICIADOS: 0,line 41,18.01.2015/22:37:03,OK
INFO peaje.formas.frmPrincipal,line 41,18.01.2015/22:37:59,javax.media.NoPlayerException: Cannot find a Player for :vfw:Microsoft WDM Image Capture (Win32):0
INFO ABIERTO: COM7,line 41,18.01.2015/22:38:26,OK
INFO # PUERTOS PRINCIPALES INICIADOS: 0,line 41,18.01.2015/22:38:26,OK
INFO peaje.formas.frmPrincipal,line 41,18.01.2015/22:39:40,javax.media.NoPlayerException: Cannot find a Player for :vfw:Microsoft WDM Image Capture (Win32):0
INFO ABIERTO: COM7,line 41,18.01.2015/22:40:08,OK
INFO # PUERTOS PRINCIPALES INICIADOS: 0,line 41,18.01.2015/22:40:08,OK
INFO peaje.formas.frmPrincipal,line 41,18.01.2015/22:55:36,javax.media.NoPlayerException: Cannot find a Player for :vfw:Microsoft WDM Image Capture (Win32):0
INFO ABIERTO: COM7,line 41,18.01.2015/22:56:03,OK
INFO # PUERTOS PRINCIPALES INICIADOS: 0,line 41,18.01.2015/22:56:03,OK
INFO peaje.formas.frmPrincipal,line 41,18.01.2015/23:17:27,javax.media.NoPlayerException: Cannot find a Player for :vfw:Microsoft WDM Image Capture (Win32):0
INFO ABIERTO: COM7,line 41,18.01.2015/23:17:53,OK
INFO # PUERTOS PRINCIPALES INICIADOS: 0,line 41,18.01.2015/23:17:53,OK
INFO peaje.formas.frmPrincipal,line 41,19.01.2015/00:09:05,javax.media.NoPlayerException: Cannot find a Player for :vfw:Microsoft WDM Image Capture (Win32):0
INFO ABIERTO: COM7,line 41,19.01.2015/00:09:30,OK
INFO # PUERTOS PRINCIPALES INICIADOS: 0,line 41,19.01.2015/00:09:30,OK
INFO peaje.formas.frmPrincipal,line 41,19.01.2015/08:26:38,javax.media.NoPlayerException: Cannot find a Player for :vfw:Microsoft WDM Image Capture (Win32):0
INFO ABIERTO: COM7,line 41,19.01.2015/08:27:03,OK
INFO # PUERTOS PRINCIPALES INICIADOS: 0,line 41,19.01.2015/08:27:03,OK
INFO peaje.formas.frmPrincipal,line 41,19.01.2015/08:30:17,javax.media.NoPlayerException: Cannot find a Player for :vfw:Microsoft WDM Image Capture (Win32):0
INFO ABIERTO: COM7,line 41,19.01.2015/08:30:44,OK
INFO # PUERTOS PRINCIPALES INICIADOS: 0,line 41,19.01.2015/08:30:44,OK
INFO peaje.formas.frmPrincipal,line 41,19.01.2015/08:47:09,javax.media.NoPlayerException: Cannot find a Player for :vfw:Microsoft WDM Image Capture (Win32):0
INFO ABIERTO: COM7,line 41,19.01.2015/08:47:36,OK
INFO # PUERTOS PRINCIPALES INICIADOS: 0,line 41,19.01.2015/08:47:36,OK
INFO peaje.formas.frmPrincipal,line 41,22.01.2015/11:14:47,javax.media.NoPlayerException: Cannot find a Player for :vfw:Microsoft WDM Image Capture (Win32):0
INFO ABIERTO: COM7,line 41,22.01.2015/11:15:15,OK
INFO # PUERTOS PRINCIPALES INICIADOS: 0,line 41,22.01.2015/11:15:15,OK
INFO peaje.formas.frmPrincipal,line 41,22.01.2015/11:18:03,javax.media.NoPlayerException: Cannot find a Player for :vfw:Microsoft WDM Image Capture (Win32):0
INFO ABIERTO: COM7,line 41,22.01.2015/11:18:28,OK
INFO # PUERTOS PRINCIPALES INICIADOS: 0,line 41,22.01.2015/11:18:28,OK
INFO peaje.formas.frmPrincipal,line 41,24.01.2015/09:46:43,javax.media.NoPlayerException: Cannot find a Player for :vfw:Microsoft WDM Image Capture (Win32):0
INFO peaje.formas.frmPrincipal,line 41,24.01.2015/09:47:29,javax.media.NoPlayerException: Cannot find a Player for :vfw:Microsoft WDM Image Capture (Win32):0
INFO peaje.formas.frmPrincipal,line 41,24.01.2015/09:47:58,javax.media.NoPlayerException: Cannot find a Player for :vfw:Microsoft WDM Image Capture (Win32):0
INFO peaje.formas.frmPrincipal,line 41,24.01.2015/09:49:14,javax.media.NoPlayerException: Cannot find a Player for :vfw:Microsoft WDM Image Capture (Win32):0
INFO peaje.formas.frmPrincipal,line 41,24.01.2015/09:51:58,javax.media.NoPlayerException: Cannot find a Player for :vfw:Microsoft WDM Image Capture (Win32):0
INFO # PUERTOS PRINCIPALES INICIADOS: 0,line 41,24.01.2015/09:52:07,OK
INFO peaje.formas.frmPrincipal,line 41,24.01.2015/09:53:44,javax.media.NoPlayerException: Cannot find a Player for :vfw:Microsoft WDM Image Capture (Win32):0
INFO # PUERTOS PRINCIPALES INICIADOS: 0,line 41,24.01.2015/09:53:48,OK
INFO peaje.formas.frmPrincipal,line 41,24.01.2015/10:04:37,javax.media.NoPlayerException: Cannot find a Player for :vfw:Microsoft WDM Image Capture (Win32):0
INFO # PUERTOS PRINCIPALES INICIADOS: 0,line 41,24.01.2015/10:18:20,OK
INFO peaje.formas.frmPrincipal,line 41,24.01.2015/10:20:55,javax.media.NoPlayerException: Cannot find a Player for :vfw:Microsoft WDM Image Capture (Win32):0
INFO # PUERTOS PRINCIPALES INICIADOS: 0,line 41,24.01.2015/10:21:12,OK
INFO peaje.formas.frmPrincipal,line 41,24.01.2015/10:30:17,javax.media.NoPlayerException: Cannot find a Player for :vfw:Microsoft WDM Image Capture (Win32):0
INFO # PUERTOS PRINCIPALES INICIADOS: 0,line 41,24.01.2015/10:30:23,OK
INFO peaje.formas.frmPrincipal,line 41,24.01.2015/10:33:18,javax.media.NoPlayerException: Cannot find a Player for :vfw:Microsoft WDM Image Capture (Win32):0
INFO # PUERTOS PRINCIPALES INICIADOS: 0,line 41,24.01.2015/10:33:22,OK
INFO peaje.formas.frmPrincipal,line 41,24.01.2015/10:34:00,javax.media.NoPlayerException: Cannot find a Player for :vfw:Microsoft WDM Image Capture (Win32):0
INFO ABIERTO: COM3,line 41,24.01.2015/10:34:07,OK
INFO # PUERTOS PRINCIPALES INICIADOS: 0,line 41,24.01.2015/10:34:07,OK
INFO peaje.formas.frmPrincipal,line 41,24.01.2015/10:37:32,javax.media.NoPlayerException: Cannot find a Player for :vfw:Microsoft WDM Image Capture (Win32):0
INFO ABIERTO: COM3,line 41,24.01.2015/10:42:00,OK
INFO # PUERTOS PRINCIPALES INICIADOS: 0,line 41,24.01.2015/10:42:00,OK
INFO peaje.formas.frmPrincipal,line 41,24.01.2015/10:42:11,javax.media.NoPlayerException: Cannot find a Player for :vfw:Microsoft WDM Image Capture (Win32):0
INFO peaje.formas.frmPrincipal,line 41,24.01.2015/10:44:57,javax.media.NoPlayerException: Cannot find a Player for :vfw:Microsoft WDM Image Capture (Win32):0
INFO ABIERTO: COM3,line 41,24.01.2015/10:45:38,OK
INFO # PUERTOS PRINCIPALES INICIADOS: 0,line 41,24.01.2015/10:45:38,OK
INFO peaje.formas.frmPrincipal,line 41,24.01.2015/10:48:04,javax.media.NoPlayerException: Cannot find a Player for :vfw:Microsoft WDM Image Capture (Win32):0
INFO ABIERTO: COM3,line 41,24.01.2015/10:48:09,OK
INFO # PUERTOS PRINCIPALES INICIADOS: 0,line 41,24.01.2015/10:48:09,OK
INFO peaje.formas.frmPrincipal,line 41,24.01.2015/10:48:37,javax.media.NoPlayerException: Cannot find a Player for :vfw:Microsoft WDM Image Capture (Win32):0
INFO ABIERTO: COM3,line 41,24.01.2015/10:48:43,OK
INFO # PUERTOS PRINCIPALES INICIADOS: 0,line 41,24.01.2015/10:48:43,OK
INFO peaje.formas.frmPrincipal,line 41,24.01.2015/10:49:28,javax.media.NoPlayerException: Cannot find a Player for :vfw:Microsoft WDM Image Capture (Win32):0
INFO ABIERTO: COM3,line 41,24.01.2015/10:49:32,OK
INFO # PUERTOS PRINCIPALES INICIADOS: 0,line 41,24.01.2015/10:49:32,OK
