INFO # PUERTOS PRINCIPALES INICIADOS: 0,line 41,11.10.2011/12:51:21,OK
INFO PUERTO INTERFAZ PC BARRERA0 - ABIERTO: COM6,line 41,11.10.2011/12:52:43,OK
INFO # PUERTOS PRINCIPALES INICIADOS: 1,line 41,11.10.2011/12:52:45,OK
INFO PUERTO LETRERO-LEDS ABIERTO: COM6,line 41,11.10.2011/13:02:44,OK
INFO # PUERTOS PRINCIPALES INICIADOS: 1,line 41,11.10.2011/13:02:46,OK
INFO peaje.formas.frmTicket,line 41,11.10.2011/13:02:58,net.sf.jasperreports.engine.JRException: java.awt.print.PrinterException: El servidor RPC no está disponible.

INFO PUERTO LETRERO-LEDS ABIERTO: COM6,line 41,11.10.2011/13:05:14,OK
INFO # PUERTOS PRINCIPALES INICIADOS: 1,line 41,11.10.2011/13:05:16,OK
INFO PUERTO LETRERO-LEDS ABIERTO: COM6,line 41,11.10.2011/13:05:51,OK
INFO # PUERTOS PRINCIPALES INICIADOS: 1,line 41,11.10.2011/13:05:53,OK
INFO PUERTO LETRERO-LEDS ABIERTO: COM6,line 41,11.10.2011/13:06:20,OK
INFO # PUERTOS PRINCIPALES INICIADOS: 1,line 41,11.10.2011/13:06:20,OK
INFO PUERTO INTERFAZ PC BARRERA0 - ABIERTO: COM3,line 41,11.10.2011/13:06:58,OK
INFO PUERTO LETRERO-LEDS ABIERTO: COM6,line 41,11.10.2011/13:06:58,OK
INFO # PUERTOS PRINCIPALES INICIADOS: 2,line 41,11.10.2011/13:06:58,OK
INFO peaje.formas.frmTicket,line 41,11.10.2011/13:07:19,net.sf.jasperreports.engine.JRException: java.awt.print.PrinterException: El servidor RPC no está disponible.

INFO peaje.formas.frmTicket,line 41,11.10.2011/13:07:28,net.sf.jasperreports.engine.JRException: java.awt.print.PrinterException: El servidor RPC no está disponible.

INFO peaje.formas.frmPrincipal,line 41,11.10.2011/13:10:46,javax.media.NoPlayerException: Error instantiating class: com.sun.media.protocol.vfw.DataSource : java.io.IOException: Could not connect to capture device
INFO PUERTO INTERFAZ PC BARRERA0 - ABIERTO: COM3,line 41,11.10.2011/13:10:54,OK
INFO PUERTO LETRERO-LEDS ABIERTO: COM6,line 41,11.10.2011/13:10:54,OK
INFO # PUERTOS PRINCIPALES INICIADOS: 2,line 41,11.10.2011/13:10:54,OK
INFO peaje.formas.frmTicket,line 41,11.10.2011/13:11:06,net.sf.jasperreports.engine.JRException: java.awt.print.PrinterException: El servidor RPC no está disponible.

INFO peaje.formas.frmTicket,line 41,11.10.2011/13:11:06,
INFO peaje.formas.frmTicket,line 41,11.10.2011/13:11:57,net.sf.jasperreports.engine.JRException: java.awt.print.PrinterException: El servidor RPC no está disponible.

INFO peaje.formas.frmTicket,line 41,11.10.2011/13:11:57,
INFO peaje.formas.frmTicket,line 41,11.10.2011/13:12:09,java.awt.print.PrinterException: Invalid name of PrintService.
INFO peaje.formas.frmTicket,line 41,11.10.2011/13:12:09,
INFO peaje.formas.frmTicket,line 41,11.10.2011/13:12:20,net.sf.jasperreports.engine.JRException: java.awt.print.PrinterException: El servidor RPC no está disponible.

INFO peaje.formas.frmTicket,line 41,11.10.2011/13:12:21,
INFO peaje.formas.frmTicket,line 41,11.10.2011/13:12:25,net.sf.jasperreports.engine.JRException: java.awt.print.PrinterException: El servidor RPC no está disponible.

INFO peaje.formas.frmTicket,line 41,11.10.2011/13:12:25,
INFO peaje.formas.frmTicket,line 41,11.10.2011/13:12:26,java.awt.print.PrinterException: Invalid name of PrintService.
INFO peaje.formas.frmTicket,line 41,11.10.2011/13:12:26,
INFO peaje.formas.frmTicket,line 41,11.10.2011/13:12:31,net.sf.jasperreports.engine.JRException: java.awt.print.PrinterException: El servidor RPC no está disponible.

INFO peaje.formas.frmTicket,line 41,11.10.2011/13:12:31,
INFO peaje.formas.frmTicket,line 41,11.10.2011/13:12:36,net.sf.jasperreports.engine.JRException: java.awt.print.PrinterException: El servidor RPC no está disponible.

INFO peaje.formas.frmTicket,line 41,11.10.2011/13:12:36,
INFO peaje.formas.frmTicket,line 41,11.10.2011/13:12:40,java.awt.print.PrinterException: Invalid name of PrintService.
INFO peaje.formas.frmTicket,line 41,11.10.2011/13:12:40,
INFO peaje.formas.frmTicket,line 41,11.10.2011/13:12:45,net.sf.jasperreports.engine.JRException: java.awt.print.PrinterException: El servidor RPC no está disponible.

INFO peaje.formas.frmTicket,line 41,11.10.2011/13:12:45,
INFO peaje.formas.frmTicket,line 41,11.10.2011/13:12:49,net.sf.jasperreports.engine.JRException: java.awt.print.PrinterException: El servidor RPC no está disponible.

INFO peaje.formas.frmTicket,line 41,11.10.2011/13:12:49,
INFO peaje.formas.frmTicket,line 41,11.10.2011/13:12:52,java.awt.print.PrinterException: Invalid name of PrintService.
INFO peaje.formas.frmTicket,line 41,11.10.2011/13:12:52,
INFO peaje.formas.frmTicket,line 41,11.10.2011/13:12:57,net.sf.jasperreports.engine.JRException: java.awt.print.PrinterException: El servidor RPC no está disponible.

INFO peaje.formas.frmTicket,line 41,11.10.2011/13:12:57,
INFO peaje.formas.frmTicket,line 41,11.10.2011/13:13:01,net.sf.jasperreports.engine.JRException: java.awt.print.PrinterException: El servidor RPC no está disponible.

INFO peaje.formas.frmTicket,line 41,11.10.2011/13:13:01,
INFO peaje.formas.frmTicket,line 41,11.10.2011/13:13:04,java.awt.print.PrinterException: Invalid name of PrintService.
INFO peaje.formas.frmTicket,line 41,11.10.2011/13:13:04,
INFO peaje.formas.frmTicket,line 41,11.10.2011/13:13:10,net.sf.jasperreports.engine.JRException: java.awt.print.PrinterException: El servidor RPC no está disponible.

INFO peaje.formas.frmTicket,line 41,11.10.2011/13:13:10,
INFO peaje.formas.frmTicket,line 41,11.10.2011/13:13:14,net.sf.jasperreports.engine.JRException: java.awt.print.PrinterException: El servidor RPC no está disponible.

INFO peaje.formas.frmTicket,line 41,11.10.2011/13:13:14,
INFO peaje.formas.frmTicket,line 41,11.10.2011/13:13:16,java.awt.print.PrinterException: Invalid name of PrintService.
INFO peaje.formas.frmTicket,line 41,11.10.2011/13:13:16,
INFO peaje.formas.frmTicket,line 41,11.10.2011/13:13:21,net.sf.jasperreports.engine.JRException: java.awt.print.PrinterException: El servidor RPC no está disponible.

INFO peaje.formas.frmTicket,line 41,11.10.2011/13:13:21,
INFO peaje.formas.frmTicket,line 41,11.10.2011/13:13:25,net.sf.jasperreports.engine.JRException: java.awt.print.PrinterException: El servidor RPC no está disponible.

INFO peaje.formas.frmTicket,line 41,11.10.2011/13:13:25,
INFO peaje.formas.frmTicket,line 41,11.10.2011/13:13:27,java.awt.print.PrinterException: Invalid name of PrintService.
INFO peaje.formas.frmTicket,line 41,11.10.2011/13:13:27,
INFO peaje.formas.frmTicket,line 41,11.10.2011/13:13:34,net.sf.jasperreports.engine.JRException: java.awt.print.PrinterException: El servidor RPC no está disponible.

INFO peaje.formas.frmTicket,line 41,11.10.2011/13:13:34,
INFO peaje.formas.frmTicket,line 41,11.10.2011/13:13:40,net.sf.jasperreports.engine.JRException: java.awt.print.PrinterException: El servidor RPC no está disponible.

INFO peaje.formas.frmTicket,line 41,11.10.2011/13:13:40,
INFO peaje.formas.frmTicket,line 41,11.10.2011/13:13:42,java.awt.print.PrinterException: Invalid name of PrintService.
INFO peaje.formas.frmTicket,line 41,11.10.2011/13:13:42,
INFO peaje.formas.frmTicket,line 41,11.10.2011/13:13:47,net.sf.jasperreports.engine.JRException: java.awt.print.PrinterException: El servidor RPC no está disponible.

INFO peaje.formas.frmTicket,line 41,11.10.2011/13:13:47,
INFO peaje.formas.frmTicket,line 41,11.10.2011/13:13:51,net.sf.jasperreports.engine.JRException: java.awt.print.PrinterException: El servidor RPC no está disponible.

INFO peaje.formas.frmTicket,line 41,11.10.2011/13:13:51,
INFO peaje.formas.frmTicket,line 41,11.10.2011/13:13:53,java.awt.print.PrinterException: Invalid name of PrintService.
INFO peaje.formas.frmTicket,line 41,11.10.2011/13:13:53,
INFO peaje.formas.frmTicket,line 41,11.10.2011/13:13:57,net.sf.jasperreports.engine.JRException: java.awt.print.PrinterException: El servidor RPC no está disponible.

INFO peaje.formas.frmTicket,line 41,11.10.2011/13:13:57,
INFO peaje.formas.frmTicket,line 41,11.10.2011/13:14:01,net.sf.jasperreports.engine.JRException: java.awt.print.PrinterException: El servidor RPC no está disponible.

INFO peaje.formas.frmTicket,line 41,11.10.2011/13:14:01,
INFO peaje.formas.frmTicket,line 41,11.10.2011/13:14:04,java.awt.print.PrinterException: Invalid name of PrintService.
INFO peaje.formas.frmTicket,line 41,11.10.2011/13:14:04,
INFO peaje.formas.frmTicket,line 41,11.10.2011/13:14:10,net.sf.jasperreports.engine.JRException: java.awt.print.PrinterException: El servidor RPC no está disponible.

INFO peaje.formas.frmTicket,line 41,11.10.2011/13:14:10,
INFO peaje.formas.frmTicket,line 41,11.10.2011/13:14:14,net.sf.jasperreports.engine.JRException: java.awt.print.PrinterException: El servidor RPC no está disponible.

INFO peaje.formas.frmTicket,line 41,11.10.2011/13:14:14,
INFO peaje.formas.frmTicket,line 41,11.10.2011/13:14:15,java.awt.print.PrinterException: Invalid name of PrintService.
INFO peaje.formas.frmTicket,line 41,11.10.2011/13:14:15,
INFO peaje.formas.frmTicket,line 41,11.10.2011/13:14:21,net.sf.jasperreports.engine.JRException: java.awt.print.PrinterException: El servidor RPC no está disponible.

INFO peaje.formas.frmTicket,line 41,11.10.2011/13:14:21,
INFO peaje.formas.frmTicket,line 41,11.10.2011/13:14:25,net.sf.jasperreports.engine.JRException: java.awt.print.PrinterException: El servidor RPC no está disponible.

INFO peaje.formas.frmTicket,line 41,11.10.2011/13:14:25,
INFO peaje.formas.frmTicket,line 41,11.10.2011/13:14:27,java.awt.print.PrinterException: Invalid name of PrintService.
INFO peaje.formas.frmTicket,line 41,11.10.2011/13:14:27,
INFO peaje.formas.frmTicket,line 41,11.10.2011/13:14:33,net.sf.jasperreports.engine.JRException: java.awt.print.PrinterException: El servidor RPC no está disponible.

INFO peaje.formas.frmTicket,line 41,11.10.2011/13:14:33,
INFO peaje.formas.frmTicket,line 41,11.10.2011/13:14:38,net.sf.jasperreports.engine.JRException: java.awt.print.PrinterException: El servidor RPC no está disponible.

INFO peaje.formas.frmTicket,line 41,11.10.2011/13:14:38,
INFO peaje.formas.frmTicket,line 41,11.10.2011/13:14:41,java.awt.print.PrinterException: Invalid name of PrintService.
INFO peaje.formas.frmTicket,line 41,11.10.2011/13:14:41,
INFO peaje.formas.frmTicket,line 41,11.10.2011/13:14:47,net.sf.jasperreports.engine.JRException: java.awt.print.PrinterException: El servidor RPC no está disponible.

INFO peaje.formas.frmTicket,line 41,11.10.2011/13:14:47,
INFO peaje.formas.frmTicket,line 41,11.10.2011/13:14:52,net.sf.jasperreports.engine.JRException: java.awt.print.PrinterException: El servidor RPC no está disponible.

INFO peaje.formas.frmTicket,line 41,11.10.2011/13:14:52,
INFO peaje.formas.frmTicket,line 41,11.10.2011/13:14:55,java.awt.print.PrinterException: Invalid name of PrintService.
INFO peaje.formas.frmTicket,line 41,11.10.2011/13:14:55,
INFO peaje.formas.frmTicket,line 41,11.10.2011/13:15:00,net.sf.jasperreports.engine.JRException: java.awt.print.PrinterException: El servidor RPC no está disponible.

INFO peaje.formas.frmTicket,line 41,11.10.2011/13:15:01,
INFO peaje.formas.frmTicket,line 41,11.10.2011/13:15:05,net.sf.jasperreports.engine.JRException: java.awt.print.PrinterException: El servidor RPC no está disponible.

INFO peaje.formas.frmTicket,line 41,11.10.2011/13:15:05,
INFO peaje.formas.frmTicket,line 41,11.10.2011/13:15:08,java.awt.print.PrinterException: Invalid name of PrintService.
INFO peaje.formas.frmTicket,line 41,11.10.2011/13:15:08,
INFO peaje.formas.frmTicket,line 41,11.10.2011/13:15:16,net.sf.jasperreports.engine.JRException: java.awt.print.PrinterException: El servidor RPC no está disponible.

INFO peaje.formas.frmTicket,line 41,11.10.2011/13:15:16,
INFO peaje.formas.frmTicket,line 41,11.10.2011/13:15:22,net.sf.jasperreports.engine.JRException: java.awt.print.PrinterException: El servidor RPC no está disponible.

INFO peaje.formas.frmTicket,line 41,11.10.2011/13:15:22,
INFO peaje.formas.frmTicket,line 41,11.10.2011/13:15:26,java.awt.print.PrinterException: Invalid name of PrintService.
INFO peaje.formas.frmTicket,line 41,11.10.2011/13:15:26,
INFO peaje.formas.frmTicket,line 41,11.10.2011/13:15:32,net.sf.jasperreports.engine.JRException: java.awt.print.PrinterException: El servidor RPC no está disponible.

INFO peaje.formas.frmTicket,line 41,11.10.2011/13:15:32,
INFO peaje.formas.frmTicket,line 41,11.10.2011/13:15:37,net.sf.jasperreports.engine.JRException: java.awt.print.PrinterException: El servidor RPC no está disponible.

INFO peaje.formas.frmTicket,line 41,11.10.2011/13:15:38,
INFO peaje.formas.frmTicket,line 41,11.10.2011/13:15:40,java.awt.print.PrinterException: Invalid name of PrintService.
INFO peaje.formas.frmTicket,line 41,11.10.2011/13:15:40,
INFO peaje.formas.frmTicket,line 41,11.10.2011/13:15:48,net.sf.jasperreports.engine.JRException: java.awt.print.PrinterException: El servidor RPC no está disponible.

INFO peaje.formas.frmTicket,line 41,11.10.2011/13:15:48,
INFO peaje.formas.frmTicket,line 41,11.10.2011/13:15:55,net.sf.jasperreports.engine.JRException: java.awt.print.PrinterException: El servidor RPC no está disponible.

INFO peaje.formas.frmTicket,line 41,11.10.2011/13:15:55,
INFO peaje.formas.frmTicket,line 41,11.10.2011/13:15:57,java.awt.print.PrinterException: Invalid name of PrintService.
INFO peaje.formas.frmTicket,line 41,11.10.2011/13:15:57,
INFO peaje.formas.frmTicket,line 41,11.10.2011/13:16:03,net.sf.jasperreports.engine.JRException: java.awt.print.PrinterException: El servidor RPC no está disponible.

INFO peaje.formas.frmTicket,line 41,11.10.2011/13:16:03,
INFO peaje.formas.frmTicket,line 41,11.10.2011/13:16:08,net.sf.jasperreports.engine.JRException: java.awt.print.PrinterException: El servidor RPC no está disponible.

INFO peaje.formas.frmTicket,line 41,11.10.2011/13:16:08,
INFO peaje.formas.frmTicket,line 41,11.10.2011/13:16:11,java.awt.print.PrinterException: Invalid name of PrintService.
INFO peaje.formas.frmTicket,line 41,11.10.2011/13:16:11,
INFO peaje.formas.frmTicket,line 41,11.10.2011/13:16:16,net.sf.jasperreports.engine.JRException: java.awt.print.PrinterException: El servidor RPC no está disponible.

INFO peaje.formas.frmTicket,line 41,11.10.2011/13:16:16,
INFO peaje.formas.frmTicket,line 41,11.10.2011/13:16:21,net.sf.jasperreports.engine.JRException: java.awt.print.PrinterException: El servidor RPC no está disponible.

INFO peaje.formas.frmTicket,line 41,11.10.2011/13:16:21,
INFO peaje.formas.frmTicket,line 41,11.10.2011/13:16:23,java.awt.print.PrinterException: Invalid name of PrintService.
INFO peaje.formas.frmTicket,line 41,11.10.2011/13:16:23,
INFO peaje.formas.frmTicket,line 41,11.10.2011/13:16:30,net.sf.jasperreports.engine.JRException: java.awt.print.PrinterException: El servidor RPC no está disponible.

INFO peaje.formas.frmTicket,line 41,11.10.2011/13:16:30,
INFO peaje.formas.frmTicket,line 41,11.10.2011/13:16:38,net.sf.jasperreports.engine.JRException: java.awt.print.PrinterException: El servidor RPC no está disponible.

INFO peaje.formas.frmTicket,line 41,11.10.2011/13:16:38,
INFO peaje.formas.frmTicket,line 41,11.10.2011/13:16:59,java.awt.print.PrinterException: Invalid name of PrintService.
INFO peaje.formas.frmTicket,line 41,11.10.2011/13:16:59,
INFO PUERTO INTERFAZ PC BARRERA0 - ABIERTO: COM3,line 41,11.10.2011/20:48:55,OK
INFO # PUERTOS PRINCIPALES INICIADOS: 1,line 41,11.10.2011/20:48:55,OK
