INFO PUERTO INTERFAZ PC BARRERA0 - ABIERTO: COM3,line 41,27.01.2012/15:23:58,OK
INFO # PUERTOS PRINCIPALES INICIADOS: 1,line 41,27.01.2012/15:24:00,OK
INFO peaje.formas.frmPrincipal,line 41,27.01.2012/15:24:21,java.lang.NullPointerException
INFO peaje.formas.frmPrincipal,line 41,27.01.2012/15:25:56,javax.media.NoPlayerException: Error instantiating class: com.sun.media.protocol.vfw.DataSource : java.io.IOException: Could not connect to capture device
INFO PUERTO INTERFAZ PC BARRERA0 - ABIERTO: COM6,line 41,27.01.2012/15:26:13,OK
INFO # PUERTOS PRINCIPALES INICIADOS: 1,line 41,27.01.2012/15:26:15,OK
INFO peaje.formas.frmPrincipal,line 41,27.01.2012/15:26:36,java.lang.NullPointerException
INFO peaje.formas.frmTicket,line 41,27.01.2012/15:27:23,net.sf.jasperreports.engine.JRException: java.awt.print.PrinterException: Printer is not accepting job.
INFO peaje.formas.frmTicket,line 41,27.01.2012/15:27:23,
INFO PUERTO INTERFAZ PC BARRERA0 - ABIERTO: COM6,line 41,27.01.2012/17:09:24,OK
INFO # PUERTOS PRINCIPALES INICIADOS: 1,line 41,27.01.2012/17:09:26,OK
INFO peaje.formas.frmTicket,line 41,27.01.2012/17:10:00,net.sf.jasperreports.engine.JRException: java.awt.print.PrinterException: Printer is not accepting job.
INFO peaje.formas.frmTicket,line 41,27.01.2012/17:10:22,net.sf.jasperreports.engine.JRException: java.awt.print.PrinterException: Printer is not accepting job.
INFO peaje.formas.frmTicket,line 41,27.01.2012/17:10:29,net.sf.jasperreports.engine.JRException: java.awt.print.PrinterException: Printer is not accepting job.
INFO peaje.formas.frmTicket,line 41,27.01.2012/17:10:32,net.sf.jasperreports.engine.JRException: java.awt.print.PrinterException: Printer is not accepting job.
INFO peaje.formas.frmTicket,line 41,27.01.2012/17:10:39,net.sf.jasperreports.engine.JRException: java.awt.print.PrinterException: Printer is not accepting job.
INFO peaje.formas.frmTicket,line 41,27.01.2012/17:10:42,net.sf.jasperreports.engine.JRException: java.awt.print.PrinterException: Printer is not accepting job.
INFO peaje.formas.frmTicket,line 41,27.01.2012/17:10:45,net.sf.jasperreports.engine.JRException: java.awt.print.PrinterException: Printer is not accepting job.
INFO peaje.formas.frmTicket,line 41,27.01.2012/17:10:47,net.sf.jasperreports.engine.JRException: java.awt.print.PrinterException: Printer is not accepting job.
INFO peaje.formas.frmTicket,line 41,27.01.2012/17:10:51,net.sf.jasperreports.engine.JRException: java.awt.print.PrinterException: Printer is not accepting job.
INFO peaje.formas.frmTicket,line 41,27.01.2012/17:10:54,net.sf.jasperreports.engine.JRException: java.awt.print.PrinterException: Printer is not accepting job.
INFO peaje.formas.frmPrincipal,line 41,27.01.2012/17:13:14,javax.media.NoPlayerException: Error instantiating class: com.sun.media.protocol.vfw.DataSource : java.io.IOException: Could not connect to capture device
INFO PUERTO INTERFAZ PC BARRERA0 - ABIERTO: COM6,line 41,27.01.2012/17:13:46,OK
INFO # PUERTOS PRINCIPALES INICIADOS: 1,line 41,27.01.2012/17:13:48,OK
