INFO peaje.formas.frmPrincipal,line 41,20.10.2011/10:11:10,javax.media.NoPlayerException: Cannot find a Player for :vfw:Microsoft WDM Image Capture (Win32):0
INFO # PUERTOS PRINCIPALES INICIADOS: 0,line 41,20.10.2011/10:11:26,OK
INFO peaje.formas.frmPrincipal,line 41,20.10.2011/12:36:54,javax.media.NoPlayerException: Cannot find a Player for :vfw:Microsoft WDM Image Capture (Win32):0
INFO # PUERTOS PRINCIPALES INICIADOS: 0,line 41,20.10.2011/12:40:00,OK
INFO peaje.formas.frmPrincipal,line 41,20.10.2011/12:40:19,javax.media.NoPlayerException: Cannot find a Player for :vfw:Microsoft WDM Image Capture (Win32):0
INFO peaje.formas.frmPrincipal,line 41,20.10.2011/12:40:35,javax.media.NoPlayerException: Cannot find a Player for :vfw:Microsoft WDM Image Capture (Win32):0
INFO # PUERTOS PRINCIPALES INICIADOS: 0,line 41,20.10.2011/12:40:39,OK
INFO peaje.formas.frmPrincipal,line 41,20.10.2011/12:40:52,javax.media.NoPlayerException: Cannot find a Player for :vfw:Microsoft WDM Image Capture (Win32):0
INFO # PUERTOS PRINCIPALES INICIADOS: 0,line 41,20.10.2011/12:41:01,OK
INFO peaje.formas.frmPrincipal,line 41,20.10.2011/12:42:08,javax.media.NoPlayerException: Cannot find a Player for :vfw:Microsoft WDM Image Capture (Win32):0
INFO PUERTO LETRERO-LEDS ABIERTO: COM3,line 41,20.10.2011/12:42:16,OK
INFO PUERTO INTERFAZ PC BARRERA0 - ABIERTO: COM4,line 41,20.10.2011/12:42:16,OK
INFO # PUERTOS PRINCIPALES INICIADOS: 2,line 41,20.10.2011/12:42:18,OK
INFO peaje.formas.frmPrincipal,line 41,20.10.2011/12:44:15,javax.media.NoPlayerException: Cannot find a Player for :vfw:Microsoft WDM Image Capture (Win32):0
INFO PUERTO LETRERO-LEDS ABIERTO: COM3,line 41,20.10.2011/12:45:02,OK
INFO PUERTO INTERFAZ PC BARRERA0 - ABIERTO: COM4,line 41,20.10.2011/12:45:02,OK
INFO # PUERTOS PRINCIPALES INICIADOS: 2,line 41,20.10.2011/12:45:04,OK
INFO peaje.formas.frmPrincipal,line 41,20.10.2011/12:46:52,javax.media.NoPlayerException: Cannot find a Player for :vfw:Microsoft WDM Image Capture (Win32):0
INFO PUERTO INTERFAZ PC BARRERA0 - ABIERTO: COM4,line 41,20.10.2011/12:47:12,OK
INFO # PUERTOS PRINCIPALES INICIADOS: 1,line 41,20.10.2011/12:47:12,OK
INFO NO SE ABRIÓ: INTERFAZ PC BARRERA0 - ABIERTO: COM4,line 41,20.10.2011/12:48:05,ERROR
INFO NO SE ABRIÓ: INTERFAZ PC BARRERA0 - ABIERTO: COM4,line 41,20.10.2011/12:48:07,ERROR
INFO NO SE ABRIÓ: INTERFAZ PC BARRERA0 - ABIERTO: COM4,line 41,20.10.2011/12:48:09,ERROR
INFO # PUERTOS PRINCIPALES INICIADOS: 0,line 41,20.10.2011/12:48:09,OK
INFO peaje.formas.frmPrincipal,line 41,20.10.2011/12:48:25,javax.media.NoPlayerException: Cannot find a Player for :vfw:Microsoft WDM Image Capture (Win32):0
INFO PUERTO INTERFAZ PC BARRERA0 - ABIERTO: COM4,line 41,20.10.2011/12:48:39,OK
INFO # PUERTOS PRINCIPALES INICIADOS: 1,line 41,20.10.2011/12:48:39,OK
INFO peaje.formas.frmPrincipal,line 41,20.10.2011/12:49:11,javax.media.NoPlayerException: Cannot find a Player for :vfw:Microsoft WDM Image Capture (Win32):0
INFO PUERTO INTERFAZ PC BARRERA0 - ABIERTO: COM4,line 41,20.10.2011/12:49:17,OK
INFO # PUERTOS PRINCIPALES INICIADOS: 1,line 41,20.10.2011/12:49:19,OK
INFO peaje.formas.frmPrincipal,line 41,20.10.2011/12:50:29,javax.media.NoPlayerException: Cannot find a Player for :vfw:Microsoft WDM Image Capture (Win32):0
INFO PUERTO INTERFAZ PC BARRERA0 - ABIERTO: COM4,line 41,20.10.2011/12:50:35,OK
INFO # PUERTOS PRINCIPALES INICIADOS: 1,line 41,20.10.2011/12:50:37,OK
INFO peaje.formas.frmPrincipal,line 41,20.10.2011/13:00:51,javax.media.NoPlayerException: Cannot find a Player for :vfw:Microsoft WDM Image Capture (Win32):0
INFO peaje.formas.frmPrincipal,line 41,20.10.2011/13:00:56,javax.media.NoPlayerException: Cannot find a Player for :vfw:Microsoft WDM Image Capture (Win32):0
INFO PUERTO INTERFAZ PC BARRERA0 - ABIERTO: COM4,line 41,20.10.2011/13:01:04,OK
INFO # PUERTOS PRINCIPALES INICIADOS: 1,line 41,20.10.2011/13:01:06,OK
INFO peaje.formas.frmPrincipal,line 41,20.10.2011/15:06:57,javax.media.NoPlayerException: Cannot find a Player for :vfw:Microsoft WDM Image Capture (Win32):0
INFO # PUERTOS PRINCIPALES INICIADOS: 0,line 41,20.10.2011/15:07:11,OK
