INFO # PUERTOS PRINCIPALES INICIADOS: 0,line 41,01.10.2014/15:36:57,OK
INFO # PUERTOS PRINCIPALES INICIADOS: 0,line 41,13.10.2014/21:22:54,OK
INFO # PUERTOS PRINCIPALES INICIADOS: 0,line 41,13.10.2014/21:53:41,OK
INFO peaje.formas.frmPrincipal,line 41,13.10.2014/22:03:40,javax.media.NoPlayerException: Error instantiating class: com.sun.media.protocol.vfw.DataSource : java.io.IOException: Could not connect to capture device
INFO # PUERTOS PRINCIPALES INICIADOS: 0,line 41,13.10.2014/22:04:03,OK
INFO peaje.formas.frmPrincipal,line 41,13.10.2014/22:19:20,javax.media.NoPlayerException: Error instantiating class: com.sun.media.protocol.vfw.DataSource : java.io.IOException: Could not connect to capture device
INFO # PUERTOS PRINCIPALES INICIADOS: 0,line 41,13.10.2014/22:19:41,OK
INFO peaje.formas.frmPrincipal,line 41,13.10.2014/22:28:49,javax.media.NoPlayerException: Error instantiating class: com.sun.media.protocol.vfw.DataSource : java.io.IOException: Could not connect to capture device
INFO # PUERTOS PRINCIPALES INICIADOS: 0,line 41,13.10.2014/22:29:10,OK
INFO # PUERTOS PRINCIPALES INICIADOS: 0,line 41,14.10.2014/18:24:05,OK
INFO # PUERTOS PRINCIPALES INICIADOS: 0,line 41,14.10.2014/18:40:06,OK
INFO # PUERTOS PRINCIPALES INICIADOS: 0,line 41,14.10.2014/18:45:31,OK
INFO # PUERTOS PRINCIPALES INICIADOS: 0,line 41,14.10.2014/18:46:47,OK
INFO # PUERTOS PRINCIPALES INICIADOS: 0,line 41,14.10.2014/20:45:50,OK
INFO # PUERTOS PRINCIPALES INICIADOS: 0,line 41,14.10.2014/21:21:02,OK
INFO # PUERTOS PRINCIPALES INICIADOS: 0,line 41,14.10.2014/21:55:53,OK
INFO # PUERTOS PRINCIPALES INICIADOS: 0,line 41,14.10.2014/22:30:40,OK
INFO # PUERTOS PRINCIPALES INICIADOS: 0,line 41,14.10.2014/22:34:59,OK
INFO # PUERTOS PRINCIPALES INICIADOS: 0,line 41,16.10.2014/16:15:34,OK
INFO # PUERTOS PRINCIPALES INICIADOS: 0,line 41,17.10.2014/15:24:42,OK
INFO # PUERTOS PRINCIPALES INICIADOS: 0,line 41,24.10.2014/19:59:24,OK
INFO # PUERTOS PRINCIPALES INICIADOS: 0,line 41,27.10.2014/17:45:28,OK
INFO peaje.formas.frmPrincipal,line 41,28.10.2014/07:32:08,javax.persistence.RollbackException: Exception [EclipseLink-4002] (Eclipse Persistence Services - 2.5.0.v20130507-3faac2b): org.eclipse.persistence.exceptions.DatabaseException
Internal Exception: com.mysql.jdbc.CommunicationsException: Communications link failure due to underlying exception: 

** BEGIN NESTED EXCEPTION ** 

java.net.SocketException
MESSAGE: Software caused connection abort: socket write error

STACKTRACE:

java.net.SocketException: Software caused connection abort: socket write error
	at java.net.SocketOutputStream.socketWrite0(Native Method)
	at java.net.SocketOutputStream.socketWrite(SocketOutputStream.java:109)
	at java.net.SocketOutputStream.write(SocketOutputStream.java:153)
	at java.io.BufferedOutputStream.flushBuffer(BufferedOutputStream.java:82)
	at java.io.BufferedOutputStream.flush(BufferedOutputStream.java:140)
	at com.mysql.jdbc.MysqlIO.send(MysqlIO.java:2701)
	at com.mysql.jdbc.MysqlIO.sendCommand(MysqlIO.java:1597)
	at com.mysql.jdbc.MysqlIO.sqlQueryDirect(MysqlIO.java:1708)
	at com.mysql.jdbc.Connection.execSQL(Connection.java:3255)
	at com.mysql.jdbc.PreparedStatement.executeInternal(PreparedStatement.java:1293)
	at com.mysql.jdbc.PreparedStatement.executeQuery(PreparedStatement.java:1428)
	at org.eclipse.persistence.internal.databaseaccess.DatabaseAccessor.executeSelect(DatabaseAccessor.java:1002)
	at org.eclipse.persistence.internal.databaseaccess.DatabaseAccessor.basicExecuteCall(DatabaseAccessor.java:641)
	at org.eclipse.persistence.internal.databaseaccess.DatabaseAccessor.executeCall(DatabaseAccessor.java:558)
	at org.eclipse.persistence.internal.sessions.AbstractSession.basicExecuteCall(AbstractSession.java:1995)
	at org.eclipse.persistence.sessions.server.ServerSession.executeCall(ServerSession.java:570)
	at org.eclipse.persistence.sessions.server.ClientSession.executeCall(ClientSession.java:248)
	at org.eclipse.persistence.internal.queries.DatasourceCallQueryMechanism.executeCall(DatasourceCallQueryMechanism.java:242)
	at org.eclipse.persistence.internal.queries.DatasourceCallQueryMechanism.executeCall(DatasourceCallQueryMechanism.java:228)
	at org.eclipse.persistence.internal.queries.DatasourceCallQueryMechanism.selectRowForDoesExist(DatasourceCallQueryMechanism.java:736)
	at org.eclipse.persistence.queries.DoesExistQuery.executeDatabaseQuery(DoesExistQuery.java:241)
	at org.eclipse.persistence.queries.DatabaseQuery.execute(DatabaseQuery.java:899)
	at org.eclipse.persistence.queries.DatabaseQuery.executeInUnitOfWork(DatabaseQuery.java:798)
	at org.eclipse.persistence.internal.sessions.UnitOfWorkImpl.internalExecuteQuery(UnitOfWorkImpl.java:2894)
	at org.eclipse.persistence.internal.sessions.AbstractSession.executeQuery(AbstractSession.java:1797)
	at org.eclipse.persistence.internal.sessions.AbstractSession.executeQuery(AbstractSession.java:1779)
	at org.eclipse.persistence.internal.sessions.AbstractSession.executeQuery(AbstractSession.java:1730)
	at org.eclipse.persistence.internal.sessions.UnitOfWorkImpl.checkForUnregisteredExistingObject(UnitOfWorkImpl.java:783)
	at org.eclipse.persistence.internal.sessions.UnitOfWorkImpl.discoverAndPersistUnregisteredNewObjects(UnitOfWorkImpl.java:4188)
	at org.eclipse.persistence.mappings.ObjectReferenceMapping.cascadeDiscoverAndPersistUnregisteredNewObjects(ObjectReferenceMapping.java:938)
	at org.eclipse.persistence.mappings.ObjectReferenceMapping.cascadeDiscoverAndPersistUnregisteredNewObjects(ObjectReferenceMapping.java:916)
	at org.eclipse.persistence.internal.descriptors.ObjectBuilder.cascadeDiscoverAndPersistUnregisteredNewObjects(ObjectBuilder.java:2223)
	at org.eclipse.persistence.internal.sessions.UnitOfWorkImpl.discoverAndPersistUnregisteredNewObjects(UnitOfWorkImpl.java:4201)
	at org.eclipse.persistence.internal.sessions.RepeatableWriteUnitOfWork.discoverUnregisteredNewObjects(RepeatableWriteUnitOfWork.java:305)
	at org.eclipse.persistence.internal.sessions.UnitOfWorkImpl.calculateChanges(UnitOfWorkImpl.java:721)
	at org.eclipse.persistence.internal.sessions.UnitOfWorkImpl.commitToDatabaseWithChangeSet(UnitOfWorkImpl.java:1514)
	at org.eclipse.persistence.internal.sessions.RepeatableWriteUnitOfWork.commitRootUnitOfWork(RepeatableWriteUnitOfWork.java:277)
	at org.eclipse.persistence.internal.sessions.UnitOfWorkImpl.commitAndResume(UnitOfWorkImpl.java:1167)
	at org.eclipse.persistence.internal.jpa.transaction.EntityTransactionImpl.commit(EntityTransactionImpl.java:132)
	at hibernate.cargar.Administrador.guardar(Administrador.java:99)
	at peaje.formas.frmPrincipal.auditar(frmPrincipal.java:8067)
	at peaje.formas.frmPrincipal.btnSalir2ActionPerformed(frmPrincipal.java:7383)
	at peaje.formas.frmPrincipal.access$15700(frmPrincipal.java:90)
	at peaje.formas.frmPrincipal$167.actionPerformed(frmPrincipal.java:3073)
	at javax.swing.AbstractButton.fireActionPerformed(AbstractButton.java:2018)
	at javax.swing.AbstractButton$Handler.actionPerformed(AbstractButton.java:2341)
	at javax.swing.DefaultButtonModel.fireActionPerformed(DefaultButtonModel.java:402)
	at javax.swing.DefaultButtonModel.setPressed(DefaultButtonModel.java:259)
	at javax.swing.plaf.basic.BasicButtonListener.mouseReleased(BasicButtonListener.java:252)
	at java.awt.Component.processMouseEvent(Component.java:6504)
	at javax.swing.JComponent.processMouseEvent(JComponent.java:3321)
	at java.awt.Component.processEvent(Component.java:6269)
	at java.awt.Container.processEvent(Container.java:2229)
	at java.awt.Component.dispatchEventImpl(Component.java:4860)
	at java.awt.Container.dispatchEventImpl(Container.java:2287)
	at java.awt.Component.dispatchEvent(Component.java:4686)
	at java.awt.LightweightDispatcher.retargetMouseEvent(Container.java:4832)
	at java.awt.LightweightDispatcher.processMouseEvent(Container.java:4492)
	at java.awt.LightweightDispatcher.dispatchEvent(Container.java:4422)
	at java.awt.Container.dispatchEventImpl(Container.java:2273)
	at java.awt.Window.dispatchEventImpl(Window.java:2713)
	at java.awt.Component.dispatchEvent(Component.java:4686)
	at java.awt.EventQueue.dispatchEventImpl(EventQueue.java:707)
	at java.awt.EventQueue.access$000(EventQueue.java:101)
	at java.awt.EventQueue$3.run(EventQueue.java:666)
	at java.awt.EventQueue$3.run(EventQueue.java:664)
	at java.security.AccessController.doPrivileged(Native Method)
	at java.security.ProtectionDomain$1.doIntersectionPrivilege(ProtectionDomain.java:76)
	at java.security.ProtectionDomain$1.doIntersectionPrivilege(ProtectionDomain.java:87)
	at java.awt.EventQueue$4.run(EventQueue.java:680)
	at java.awt.EventQueue$4.run(EventQueue.java:678)
	at java.security.AccessController.doPrivileged(Native Method)
	at java.security.ProtectionDomain$1.doIntersectionPrivilege(ProtectionDomain.java:76)
	at java.awt.EventQueue.dispatchEvent(EventQueue.java:677)
	at java.awt.EventDispatchThread.pumpOneEventForFilters(EventDispatchThread.java:211)
	at java.awt.EventDispatchThread.pumpEventsForFilter(EventDispatchThread.java:128)
	at java.awt.EventDispatchThread.pumpEventsForHierarchy(EventDispatchThread.java:117)
	at java.awt.EventDispatchThread.pumpEvents(EventDispatchThread.java:113)
	at java.awt.EventDispatchThread.pumpEvents(EventDispatchThread.java:105)
	at java.awt.EventDispatchThread.run(EventDispatchThread.java:90)


** END NESTED EXCEPTION **



Last packet sent to the server was 2 ms ago.
Error Code: 0
Call: SELECT codigo FROM usuarios WHERE (codigo = ?)
	bind => [1 parameter bound]
Query: DoesExistQuery(referenceClass=Usuarios sql="SELECT codigo FROM usuarios WHERE (codigo = ?)")
