INFO PUERTO INTERFAZ PC BARRERA0 - ABIERTO: COM3,line 41,03.09.2011/09:47:43,OK
INFO PUERTO LECTORA COD.BARRAS ABIERTO: COM1,line 41,03.09.2011/09:47:43,OK
INFO # PUERTOS PRINCIPALES INICIADOS: 2,line 41,03.09.2011/09:47:47,OK
INFO peaje.formas.frmTicket,line 41,03.09.2011/09:49:18,
INFO peaje.formas.frmTicket,line 41,03.09.2011/09:49:50,
INFO peaje.formas.frmTicket,line 41,03.09.2011/09:51:06,
INFO peaje.formas.frmTicket,line 41,03.09.2011/09:52:17,
INFO peaje.formas.frmTicket,line 41,03.09.2011/09:52:30,
INFO peaje.formas.frmTicket,line 41,03.09.2011/09:52:45,
INFO peaje.formas.frmTicket,line 41,03.09.2011/09:53:28,
INFO PUERTO INTERFAZ PC BARRERA0 - ABIERTO: COM3,line 41,03.09.2011/09:55:58,OK
INFO PUERTO LECTORA COD.BARRAS ABIERTO: COM1,line 41,03.09.2011/09:55:58,OK
INFO # PUERTOS PRINCIPALES INICIADOS: 2,line 41,03.09.2011/09:56:02,OK
INFO NO SE ABRIÓ: INTERFAZ PC BARRERA0 - ABIERTO: COM3,line 41,03.09.2011/10:05:01,ERROR
INFO NO SE ABRIÓ: INTERFAZ PC BARRERA0 - ABIERTO: COM3,line 41,03.09.2011/10:24:43,ERROR
INFO NO SE ABRIÓ: INTERFAZ PC BARRERA0 - ABIERTO: COM3,line 41,03.09.2011/10:27:02,ERROR
INFO NO SE ABRIÓ: PUERTO LECTORA COD.BARRAS ABIERTO: COM1,line 41,03.09.2011/10:27:08,ERROR
INFO NO SE ABRIÓ: INTERFAZ PC BARRERA0 - ABIERTO: COM3,line 41,03.09.2011/10:27:10,ERROR
INFO NO SE ABRIÓ: PUERTO LECTORA COD.BARRAS ABIERTO: COM1,line 41,03.09.2011/10:27:17,ERROR
INFO # PUERTOS PRINCIPALES INICIADOS: 0,line 41,03.09.2011/10:27:17,OK
