INFO peaje.formas.frmPrincipal,line 41,23.08.2011/16:09:10,javax.media.NoPlayerException: Cannot find a Player for :vfw:Microsoft WDM Image Capture (Win32):0
INFO # PUERTOS PRINCIPALES INICIADOS: 0,line 41,23.08.2011/16:09:21,OK
INFO peaje.formas.frmPrincipal,line 41,23.08.2011/16:10:40,javax.media.NoPlayerException: Cannot find a Player for :vfw:Microsoft WDM Image Capture (Win32):0
INFO # PUERTOS PRINCIPALES INICIADOS: 0,line 41,23.08.2011/16:15:39,OK
INFO peaje.formas.frmPrincipal,line 41,23.08.2011/16:41:00,javax.media.NoPlayerException: Cannot find a Player for :vfw:Microsoft WDM Image Capture (Win32):0
INFO # PUERTOS PRINCIPALES INICIADOS: 0,line 41,23.08.2011/16:41:16,OK
INFO peaje.formas.frmPrincipal,line 41,23.08.2011/17:05:26,javax.media.NoPlayerException: Cannot find a Player for :vfw:Microsoft WDM Image Capture (Win32):0
INFO # PUERTOS PRINCIPALES INICIADOS: 0,line 41,23.08.2011/17:05:37,OK
INFO peaje.formas.frmPrincipal,line 41,23.08.2011/17:08:04,javax.media.NoPlayerException: Cannot find a Player for :vfw:Microsoft WDM Image Capture (Win32):0
INFO # PUERTOS PRINCIPALES INICIADOS: 0,line 41,23.08.2011/17:08:18,OK
INFO peaje.formas.frmPrincipal,line 41,23.08.2011/17:15:28,javax.media.NoPlayerException: Cannot find a Player for :vfw:Microsoft WDM Image Capture (Win32):0
INFO # PUERTOS PRINCIPALES INICIADOS: 0,line 41,23.08.2011/17:15:41,OK
INFO peaje.formas.frmPrincipal,line 41,23.08.2011/17:26:53,javax.media.NoPlayerException: Cannot find a Player for :vfw:Microsoft WDM Image Capture (Win32):0
INFO # PUERTOS PRINCIPALES INICIADOS: 0,line 41,23.08.2011/17:27:02,OK
INFO peaje.formas.frmPrincipal,line 41,23.08.2011/17:27:51,Exception [TOPLINK-3002] (Oracle TopLink Essentials - 2.0.1 (Build b09d-fcs (12/06/2007))): oracle.toplink.essentials.exceptions.ConversionException
Exception Description: The object [Tue Aug 23 17:27:40 COT 2011], of class [class java.lang.String], from mapping [oracle.toplink.essentials.mappings.DirectToFieldMapping[fechaini-->factura.fechaini]] with descriptor [RelationalDescriptor(hibernate.Factura --> [DatabaseTable(factura)])], could not be converted to [class java.sql.Timestamp].
INFO peaje.formas.frmPrincipal,line 41,23.08.2011/21:02:32,javax.media.NoPlayerException: Cannot find a Player for :vfw:Microsoft WDM Image Capture (Win32):0
INFO # PUERTOS PRINCIPALES INICIADOS: 0,line 41,23.08.2011/21:03:13,OK
INFO peaje.formas.frmPrincipal,line 41,23.08.2011/21:04:00,Exception [TOPLINK-4002] (Oracle TopLink Essentials - 2.0.1 (Build b09d-fcs (12/06/2007))): oracle.toplink.essentials.exceptions.DatabaseException
Internal Exception: com.mysql.jdbc.exceptions.MySQLSyntaxErrorException: Unknown column 'o.tarjetas' in 'where clause'
Error Code: 1054
Call: Select o.* from Factura as o where o.tarjetas = '00001EEEBB'  and date(o.fechaini)  = '2011-8-23'
Query: ReadAllQuery(hibernate.Factura)
INFO peaje.formas.frmPrincipal,line 41,23.08.2011/21:04:33,javax.media.NoPlayerException: Cannot find a Player for :vfw:Microsoft WDM Image Capture (Win32):0
INFO # PUERTOS PRINCIPALES INICIADOS: 0,line 41,23.08.2011/21:04:46,OK
INFO peaje.formas.frmPrincipal,line 41,23.08.2011/21:11:24,javax.media.NoPlayerException: Cannot find a Player for :vfw:Microsoft WDM Image Capture (Win32):0
INFO # PUERTOS PRINCIPALES INICIADOS: 0,line 41,23.08.2011/21:11:33,OK
INFO peaje.formas.frmPrincipal,line 41,23.08.2011/21:11:45,java.lang.IllegalArgumentException: An exception occured while creating a query in EntityManager
INFO peaje.formas.frmPrincipal,line 41,23.08.2011/21:13:17,javax.media.NoPlayerException: Cannot find a Player for :vfw:Microsoft WDM Image Capture (Win32):0
INFO # PUERTOS PRINCIPALES INICIADOS: 0,line 41,23.08.2011/21:13:27,OK
INFO peaje.formas.frmPrincipal,line 41,23.08.2011/21:13:38,java.lang.IllegalArgumentException: An exception occured while creating a query in EntityManager
INFO peaje.formas.frmPrincipal,line 41,23.08.2011/21:13:41,java.lang.IllegalArgumentException: An exception occured while creating a query in EntityManager
INFO peaje.formas.frmPrincipal,line 41,23.08.2011/21:13:43,java.lang.IllegalArgumentException: An exception occured while creating a query in EntityManager
INFO peaje.formas.frmPrincipal,line 41,23.08.2011/21:14:09,javax.media.NoPlayerException: Cannot find a Player for :vfw:Microsoft WDM Image Capture (Win32):0
INFO # PUERTOS PRINCIPALES INICIADOS: 0,line 41,23.08.2011/21:14:16,OK
INFO peaje.formas.frmPrincipal,line 41,23.08.2011/23:40:15,javax.media.NoPlayerException: Cannot find a Player for :vfw:Microsoft WDM Image Capture (Win32):0
INFO # PUERTOS PRINCIPALES INICIADOS: 0,line 41,23.08.2011/23:40:33,OK
INFO peaje.formas.frmPrincipal,line 41,23.08.2011/23:40:57,java.lang.ArithmeticException: Rounding necessary
INFO peaje.formas.frmPrincipal,line 41,23.08.2011/23:47:43,javax.media.NoPlayerException: Cannot find a Player for :vfw:Microsoft WDM Image Capture (Win32):0
INFO peaje.formas.frmPrincipal,line 41,23.08.2011/23:48:32,javax.media.NoPlayerException: Cannot find a Player for :vfw:Microsoft WDM Image Capture (Win32):0
INFO # PUERTOS PRINCIPALES INICIADOS: 0,line 41,23.08.2011/23:48:43,OK
INFO peaje.formas.frmPrincipal,line 41,23.08.2011/23:48:51,java.lang.ArithmeticException: Rounding necessary
INFO peaje.formas.frmPrincipal,line 41,23.08.2011/23:55:27,javax.media.NoPlayerException: Cannot find a Player for :vfw:Microsoft WDM Image Capture (Win32):0
INFO # PUERTOS PRINCIPALES INICIADOS: 0,line 41,23.08.2011/23:55:35,OK
